Building DAG of jobs...
Using shell: /bin/bash
Provided cores: 1 (use --cores to define parallelism)
Rules claiming more threads will be scaled down.
Conda environments: ignored
Job stats:
job      count
-----  -------
14           1
15           1
all          1
total        3

Select jobs to execute...
Execute 1 jobs...

[Sun Sep 22 08:58:44 2024]
localrule 14:
    input: data/genome-simulations/genomes_1/fasta/reference_genome_1.fasta, data/genome-simulations/genomes_1/fastq_trimmed/genome_1_R1_trimmed.fastq, data/genome-simulations/genomes_1/fastq_trimmed/genome_1_R2_trimmed.fastq
    output: data/genome-simulations/genomes_1/fasta/reference_genome_1.fasta.amb, data/genome-simulations/genomes_1/fasta/reference_genome_1.fasta.ann, data/genome-simulations/genomes_1/fasta/reference_genome_1.fasta.bwt, data/genome-simulations/genomes_1/fasta/reference_genome_1.fasta.pac, data/genome-simulations/genomes_1/fasta/reference_genome_1.fasta.sa, data/genome-simulations/genomes_1/aligned_genome/aligned_genome_1.sam, data/genome-simulations/genomes_1/aligned_genome/aligned_genome_1.bam
    jobid: 13
    reason: Code has changed since last execution
    resources: tmpdir=/var/folders/vr/dm12jytd28d0_z61hq3l47n40000gp/T

RuleException in rule 14 in file /Users/emanuelmfonseca/project/sequencing-migration/Snakefile, line 204:
AttributeError: 'OutputFiles' object has no attribute 's=bam_file', when formatting the following:

            bwa index {input.reference}

            bwa mem {input.reference} {input.fastq_trimmed} > {output.sam_file}

            samtools view -Sb {output.sam_file} > {output.s=bam_file}

            
