Building DAG of jobs...
Using shell: /bin/bash
Provided cores: 1 (use --cores to define parallelism)
Rules claiming more threads will be scaled down.
Job stats:
job               count
--------------  -------
run_simulation        1
total                 1

Select jobs to execute...

[Sat Sep 21 14:08:38 2024]
rule run_simulation:
    input: /Users/emanuelmfonseca/project/sequencing-migration/scripts/demographic-simulation.py
    output: data/demographic-simulations/snp-matrix.txt
    jobid: 0
    reason: Missing output files: data/demographic-simulations/snp-matrix.txt
    resources: tmpdir=/var/folders/vr/dm12jytd28d0_z61hq3l47n40000gp/T

[Sat Sep 21 14:08:38 2024]
Finished job 0.
1 of 1 steps (100%) done
Complete log: .snakemake/log/2024-09-21T140837.871925.snakemake.log
