Building DAG of jobs...
Using shell: /bin/bash
Provided cores: 1 (use --cores to define parallelism)
Rules claiming more threads will be scaled down.
Conda environments: ignored
Job stats:
job      count
-----  -------
4            1
5            1
all          1
total        3

Select jobs to execute...
Execute 1 jobs...

[Sun Sep 22 10:36:45 2024]
localrule 5:
    input: data/genome-simulations/genomes_2/fasta/individual_genome_1.fasta, data/genome-simulations/genomes_2/fasta/individual_genome_2.fasta
    output: data/genome-simulations/genomes_2/multifasta/multifasta_genome_2.fasta
    jobid: 4
    reason: Code has changed since last execution
    resources: tmpdir=/var/folders/vr/dm12jytd28d0_z61hq3l47n40000gp/T

[Sun Sep 22 10:36:45 2024]
Error in rule 5:
    jobid: 4
    input: data/genome-simulations/genomes_2/fasta/individual_genome_1.fasta, data/genome-simulations/genomes_2/fasta/individual_genome_2.fasta
    output: data/genome-simulations/genomes_2/multifasta/multifasta_genome_2.fasta
    conda-env: /Users/emanuelmfonseca/project/sequencing-migration/.snakemake/conda/35420d6d323181dffcd0642cc29ad476_
    shell:
        
            touch data/genome-simulations/genomes_2/multifasta/multifasta_genome_2.fasta  # Ensure the output file exists

            pascatte data/genome-simulations/genomes_2/fasta/individual_genome_1.fasta data/genome-simulations/genomes_2/fasta/individual_genome_2.fasta >> data/genome-simulations/genomes_2/multifasta/multifasta_genome_2.fasta  # Concatenate individual genomes

            sed -e '0,/^>/s/^>/s1_/' -e '0,/^>/s/^>/s1_/' -e '0,/^>/s/^>/s2_/' -e '0,/^>/s/^>/s2_/' output > output
            
        (one of the commands exited with non-zero exit code; note that snakemake uses bash strict mode!)

Removing output files of failed job 5 since they might be corrupted:
data/genome-simulations/genomes_2/multifasta/multifasta_genome_2.fasta
Shutting down, this might take some time.
Exiting because a job execution failed. Look above for error message
Complete log: .snakemake/log/2024-09-22T103645.268389.snakemake.log
WorkflowError:
At least one job did not complete successfully.
