Building DAG of jobs...
Using shell: /bin/bash
Provided cores: 4
Rules claiming more threads will be scaled down.
Conda environments: ignored
Job stats:
job                count
---------------  -------
10                     1
11                     1
12                     1
13                     1
14                     1
15                     1
16                     1
17                     1
18                     1
19                     1
20                     1
21                     1
22                     1
23                     1
24                     1
25                     1
26                     1
27                     1
4                      1
5                      1
6                      1
7                      1
8                      1
9                      1
all                    1
generate_genome        1
generate_snps          1
total                 27

Select jobs to execute...
Execute 1 jobs...

[Sun Sep 22 17:08:45 2024]
localrule generate_snps:
    input: /Users/emanuelmfonseca/project/sequencing-migration/scripts/demographic-simulation.py
    output: data/demographic-simulations/snp-matrix_1.txt, data/demographic-simulations/snp-matrix_2.txt
    jobid: 5
    reason: Missing output files: data/demographic-simulations/snp-matrix_2.txt, data/demographic-simulations/snp-matrix_1.txt
    resources: tmpdir=/var/folders/vr/dm12jytd28d0_z61hq3l47n40000gp/T

[Sun Sep 22 17:08:46 2024]
Finished job 5.
1 of 27 steps (4%) done
Select jobs to execute...
Execute 1 jobs...

[Sun Sep 22 17:08:46 2024]
localrule generate_genome:
    input: data/demographic-simulations/snp-matrix_1.txt, data/demographic-simulations/snp-matrix_2.txt, /Users/emanuelmfonseca/project/sequencing-migration/scripts/genome-simulation.py, /Users/emanuelmfonseca/project/sequencing-migration
    output: data/genome-simulations/genomes_1/fasta/reference_genome_1.fasta, data/genome-simulations/genomes_2/fasta/reference_genome_2.fasta, data/genome-simulations/genomes_1/fasta/individual_genome_1.fasta, data/genome-simulations/genomes_1/fasta/individual_genome_2.fasta, data/genome-simulations/genomes_2/fasta/individual_genome_1.fasta, data/genome-simulations/genomes_2/fasta/individual_genome_2.fasta
    jobid: 4
    reason: Missing output files: data/genome-simulations/genomes_1/fasta/individual_genome_1.fasta, data/genome-simulations/genomes_2/fasta/individual_genome_2.fasta, data/genome-simulations/genomes_2/fasta/individual_genome_1.fasta, data/genome-simulations/genomes_1/fasta/reference_genome_1.fasta, data/genome-simulations/genomes_2/fasta/reference_genome_2.fasta, data/genome-simulations/genomes_1/fasta/individual_genome_2.fasta; Input files updated by another job: data/demographic-simulations/snp-matrix_2.txt, data/demographic-simulations/snp-matrix_1.txt
    resources: tmpdir=/var/folders/vr/dm12jytd28d0_z61hq3l47n40000gp/T

[Sun Sep 22 17:08:46 2024]
Finished job 4.
2 of 27 steps (7%) done
Select jobs to execute...
Execute 4 jobs...

[Sun Sep 22 17:08:46 2024]
localrule 4:
    input: data/genome-simulations/genomes_1/fasta/individual_genome_1.fasta, data/genome-simulations/genomes_1/fasta/individual_genome_2.fasta
    output: data/genome-simulations/genomes_1/multifasta/multifasta_genome_1.fasta
    jobid: 3
    reason: Missing output files: data/genome-simulations/genomes_1/multifasta/multifasta_genome_1.fasta; Input files updated by another job: data/genome-simulations/genomes_1/fasta/individual_genome_2.fasta, data/genome-simulations/genomes_1/fasta/individual_genome_1.fasta
    resources: tmpdir=/var/folders/vr/dm12jytd28d0_z61hq3l47n40000gp/T


[Sun Sep 22 17:08:46 2024]
localrule 17:
    input: data/genome-simulations/genomes_2/fasta/reference_genome_2.fasta
    output: data/genome-simulations/genomes_2/fasta/reference_genome_2.fasta.amb, data/genome-simulations/genomes_2/fasta/reference_genome_2.fasta.ann, data/genome-simulations/genomes_2/fasta/reference_genome_2.fasta.bwt, data/genome-simulations/genomes_2/fasta/reference_genome_2.fasta.pac, data/genome-simulations/genomes_2/fasta/reference_genome_2.fasta.sa, data/genome-simulations/genomes_2/fasta/reference_genome_2.fasta.fai, data/genome-simulations/genomes_2/fasta/reference_genome_2.dict
    jobid: 16
    reason: Missing output files: data/genome-simulations/genomes_2/fasta/reference_genome_2.fasta.amb, data/genome-simulations/genomes_2/fasta/reference_genome_2.fasta.sa, data/genome-simulations/genomes_2/fasta/reference_genome_2.dict, data/genome-simulations/genomes_2/fasta/reference_genome_2.fasta.bwt, data/genome-simulations/genomes_2/fasta/reference_genome_2.fasta.pac, data/genome-simulations/genomes_2/fasta/reference_genome_2.fasta.ann, data/genome-simulations/genomes_2/fasta/reference_genome_2.fasta.fai; Input files updated by another job: data/genome-simulations/genomes_2/fasta/reference_genome_2.fasta
    resources: tmpdir=/var/folders/vr/dm12jytd28d0_z61hq3l47n40000gp/T


[Sun Sep 22 17:08:46 2024]
localrule 5:
    input: data/genome-simulations/genomes_2/fasta/individual_genome_1.fasta, data/genome-simulations/genomes_2/fasta/individual_genome_2.fasta
    output: data/genome-simulations/genomes_2/multifasta/multifasta_genome_2.fasta
    jobid: 8
    reason: Missing output files: data/genome-simulations/genomes_2/multifasta/multifasta_genome_2.fasta; Input files updated by another job: data/genome-simulations/genomes_2/fasta/individual_genome_2.fasta, data/genome-simulations/genomes_2/fasta/individual_genome_1.fasta
    resources: tmpdir=/var/folders/vr/dm12jytd28d0_z61hq3l47n40000gp/T


[Sun Sep 22 17:08:46 2024]
localrule 16:
    input: data/genome-simulations/genomes_1/fasta/reference_genome_1.fasta
    output: data/genome-simulations/genomes_1/fasta/reference_genome_1.fasta.amb, data/genome-simulations/genomes_1/fasta/reference_genome_1.fasta.ann, data/genome-simulations/genomes_1/fasta/reference_genome_1.fasta.bwt, data/genome-simulations/genomes_1/fasta/reference_genome_1.fasta.pac, data/genome-simulations/genomes_1/fasta/reference_genome_1.fasta.sa, data/genome-simulations/genomes_1/fasta/reference_genome_1.fasta.fai, data/genome-simulations/genomes_1/fasta/reference_genome_1.dict
    jobid: 15
    reason: Missing output files: data/genome-simulations/genomes_1/fasta/reference_genome_1.dict, data/genome-simulations/genomes_1/fasta/reference_genome_1.fasta.sa, data/genome-simulations/genomes_1/fasta/reference_genome_1.fasta.amb, data/genome-simulations/genomes_1/fasta/reference_genome_1.fasta.bwt, data/genome-simulations/genomes_1/fasta/reference_genome_1.fasta.fai, data/genome-simulations/genomes_1/fasta/reference_genome_1.fasta.ann, data/genome-simulations/genomes_1/fasta/reference_genome_1.fasta.pac; Input files updated by another job: data/genome-simulations/genomes_1/fasta/reference_genome_1.fasta
    resources: tmpdir=/var/folders/vr/dm12jytd28d0_z61hq3l47n40000gp/T

[Sun Sep 22 17:08:46 2024]
Finished job 3.
3 of 27 steps (11%) done
[Sun Sep 22 17:08:46 2024]
Finished job 8.
4 of 27 steps (15%) done
Select jobs to execute...
Execute 2 jobs...

[Sun Sep 22 17:08:46 2024]
localrule 7:
    input: data/genome-simulations/genomes_2/multifasta/multifasta_genome_2.fasta
    output: data/genome-simulations/genomes_2/fastq/genome_2_R1.fastq, data/genome-simulations/genomes_2/fastq/genome_2_R2.fastq
    jobid: 7
    reason: Missing output files: data/genome-simulations/genomes_2/fastq/genome_2_R1.fastq, data/genome-simulations/genomes_2/fastq/genome_2_R2.fastq; Input files updated by another job: data/genome-simulations/genomes_2/multifasta/multifasta_genome_2.fasta
    resources: tmpdir=/var/folders/vr/dm12jytd28d0_z61hq3l47n40000gp/T


[Sun Sep 22 17:08:46 2024]
localrule 6:
    input: data/genome-simulations/genomes_1/multifasta/multifasta_genome_1.fasta
    output: data/genome-simulations/genomes_1/fastq/genome_1_R1.fastq, data/genome-simulations/genomes_1/fastq/genome_1_R2.fastq
    jobid: 2
    reason: Missing output files: data/genome-simulations/genomes_1/fastq/genome_1_R2.fastq, data/genome-simulations/genomes_1/fastq/genome_1_R1.fastq; Input files updated by another job: data/genome-simulations/genomes_1/multifasta/multifasta_genome_1.fasta
    resources: tmpdir=/var/folders/vr/dm12jytd28d0_z61hq3l47n40000gp/T

[Sun Sep 22 17:08:47 2024]
Finished job 16.
5 of 27 steps (19%) done
[Sun Sep 22 17:08:47 2024]
Finished job 15.
6 of 27 steps (22%) done
[Sun Sep 22 17:08:48 2024]
Finished job 7.
7 of 27 steps (26%) done
Select jobs to execute...
Execute 2 jobs...

[Sun Sep 22 17:08:48 2024]
localrule 9:
    input: data/genome-simulations/genomes_2/fastq/genome_2_R1.fastq, data/genome-simulations/genomes_2/fastq/genome_2_R2.fastq
    output: data/genome-simulations/genomes_2/qc/genome_2_R1_fastqc.html, data/genome-simulations/genomes_2/qc/genome_2_R2_fastqc.html
    jobid: 6
    reason: Missing output files: data/genome-simulations/genomes_2/qc/genome_2_R1_fastqc.html, data/genome-simulations/genomes_2/qc/genome_2_R2_fastqc.html; Input files updated by another job: data/genome-simulations/genomes_2/fastq/genome_2_R1.fastq, data/genome-simulations/genomes_2/fastq/genome_2_R2.fastq
    resources: tmpdir=/var/folders/vr/dm12jytd28d0_z61hq3l47n40000gp/T


[Sun Sep 22 17:08:48 2024]
localrule 11:
    input: data/genome-simulations/genomes_2/fastq/genome_2_R1.fastq, data/genome-simulations/genomes_2/fastq/genome_2_R2.fastq
    output: data/genome-simulations/genomes_2/fastq_trimmed/genome_2_R1_trimmed.fastq, data/genome-simulations/genomes_2/fastq_trimmed/genome_2_R2_trimmed.fastq, data/genome-simulations/genomes_2/fastq_trimmed/trimmomatic_2.log
    jobid: 12
    reason: Missing output files: data/genome-simulations/genomes_2/fastq_trimmed/genome_2_R1_trimmed.fastq, data/genome-simulations/genomes_2/fastq_trimmed/genome_2_R2_trimmed.fastq; Input files updated by another job: data/genome-simulations/genomes_2/fastq/genome_2_R1.fastq, data/genome-simulations/genomes_2/fastq/genome_2_R2.fastq
    resources: tmpdir=/var/folders/vr/dm12jytd28d0_z61hq3l47n40000gp/T

[Sun Sep 22 17:08:48 2024]
Finished job 2.
8 of 27 steps (30%) done
Select jobs to execute...
Execute 2 jobs...

[Sun Sep 22 17:08:48 2024]
localrule 10:
    input: data/genome-simulations/genomes_1/fastq/genome_1_R1.fastq, data/genome-simulations/genomes_1/fastq/genome_1_R2.fastq
    output: data/genome-simulations/genomes_1/fastq_trimmed/genome_1_R1_trimmed.fastq, data/genome-simulations/genomes_1/fastq_trimmed/genome_1_R2_trimmed.fastq, data/genome-simulations/genomes_1/fastq_trimmed/trimmomatic_1.log
    jobid: 10
    reason: Missing output files: data/genome-simulations/genomes_1/fastq_trimmed/genome_1_R1_trimmed.fastq, data/genome-simulations/genomes_1/fastq_trimmed/genome_1_R2_trimmed.fastq; Input files updated by another job: data/genome-simulations/genomes_1/fastq/genome_1_R2.fastq, data/genome-simulations/genomes_1/fastq/genome_1_R1.fastq
    resources: tmpdir=/var/folders/vr/dm12jytd28d0_z61hq3l47n40000gp/T


[Sun Sep 22 17:08:48 2024]
localrule 8:
    input: data/genome-simulations/genomes_1/fastq/genome_1_R1.fastq, data/genome-simulations/genomes_1/fastq/genome_1_R2.fastq
    output: data/genome-simulations/genomes_1/qc/genome_1_R1_fastqc.html, data/genome-simulations/genomes_1/qc/genome_1_R2_fastqc.html
    jobid: 1
    reason: Missing output files: data/genome-simulations/genomes_1/qc/genome_1_R1_fastqc.html, data/genome-simulations/genomes_1/qc/genome_1_R2_fastqc.html; Input files updated by another job: data/genome-simulations/genomes_1/fastq/genome_1_R2.fastq, data/genome-simulations/genomes_1/fastq/genome_1_R1.fastq
    resources: tmpdir=/var/folders/vr/dm12jytd28d0_z61hq3l47n40000gp/T

[Sun Sep 22 17:08:48 2024]
Finished job 12.
9 of 27 steps (33%) done
Select jobs to execute...
Execute 1 jobs...

[Sun Sep 22 17:08:48 2024]
localrule 15:
    input: data/genome-simulations/genomes_2/fastq_trimmed/genome_2_R1_trimmed.fastq, data/genome-simulations/genomes_2/fastq_trimmed/genome_2_R2_trimmed.fastq
    output: data/genome-simulations/genomes_2/demultiplexed/sample_1/genome_2_Ind1_R1_demultiplexed.fastq, data/genome-simulations/genomes_2/demultiplexed/sample_1/genome_2_Ind1_R2_demultiplexed.fastq, data/genome-simulations/genomes_2/demultiplexed/sample_2/genome_2_Ind2_R1_demultiplexed.fastq, data/genome-simulations/genomes_2/demultiplexed/sample_2/genome_2_Ind2_R2_demultiplexed.fastq
    jobid: 14
    reason: Missing output files: data/genome-simulations/genomes_2/demultiplexed/sample_1/genome_2_Ind1_R2_demultiplexed.fastq, data/genome-simulations/genomes_2/demultiplexed/sample_2/genome_2_Ind2_R1_demultiplexed.fastq, data/genome-simulations/genomes_2/demultiplexed/sample_1/genome_2_Ind1_R1_demultiplexed.fastq, data/genome-simulations/genomes_2/demultiplexed/sample_2/genome_2_Ind2_R2_demultiplexed.fastq; Input files updated by another job: data/genome-simulations/genomes_2/fastq_trimmed/genome_2_R1_trimmed.fastq, data/genome-simulations/genomes_2/fastq_trimmed/genome_2_R2_trimmed.fastq
    resources: tmpdir=/var/folders/vr/dm12jytd28d0_z61hq3l47n40000gp/T

[Sun Sep 22 17:08:48 2024]
Finished job 14.
10 of 27 steps (37%) done
Select jobs to execute...
Execute 1 jobs...

[Sun Sep 22 17:08:48 2024]
localrule 13:
    input: data/genome-simulations/genomes_2/fastq_trimmed/genome_2_R1_trimmed.fastq, data/genome-simulations/genomes_2/fastq_trimmed/genome_2_R2_trimmed.fastq
    output: data/genome-simulations/genomes_2/qc_trimmed/genome_2_R1_trimmed_fastqc.html, data/genome-simulations/genomes_2/qc_trimmed/genome_2_R2_trimmed_fastqc.html
    jobid: 11
    reason: Missing output files: data/genome-simulations/genomes_2/qc_trimmed/genome_2_R1_trimmed_fastqc.html, data/genome-simulations/genomes_2/qc_trimmed/genome_2_R2_trimmed_fastqc.html; Input files updated by another job: data/genome-simulations/genomes_2/fastq_trimmed/genome_2_R1_trimmed.fastq, data/genome-simulations/genomes_2/fastq_trimmed/genome_2_R2_trimmed.fastq
    resources: tmpdir=/var/folders/vr/dm12jytd28d0_z61hq3l47n40000gp/T

[Sun Sep 22 17:08:48 2024]
Finished job 10.
11 of 27 steps (41%) done
Select jobs to execute...
Execute 1 jobs...

[Sun Sep 22 17:08:48 2024]
localrule 12:
    input: data/genome-simulations/genomes_1/fastq_trimmed/genome_1_R1_trimmed.fastq, data/genome-simulations/genomes_1/fastq_trimmed/genome_1_R2_trimmed.fastq
    output: data/genome-simulations/genomes_1/qc_trimmed/genome_1_R1_trimmed_fastqc.html, data/genome-simulations/genomes_1/qc_trimmed/genome_1_R2_trimmed_fastqc.html
    jobid: 9
    reason: Missing output files: data/genome-simulations/genomes_1/qc_trimmed/genome_1_R1_trimmed_fastqc.html, data/genome-simulations/genomes_1/qc_trimmed/genome_1_R2_trimmed_fastqc.html; Input files updated by another job: data/genome-simulations/genomes_1/fastq_trimmed/genome_1_R1_trimmed.fastq, data/genome-simulations/genomes_1/fastq_trimmed/genome_1_R2_trimmed.fastq
    resources: tmpdir=/var/folders/vr/dm12jytd28d0_z61hq3l47n40000gp/T

[Sun Sep 22 17:08:52 2024]
Finished job 6.
12 of 27 steps (44%) done
Select jobs to execute...
Execute 1 jobs...

[Sun Sep 22 17:08:52 2024]
localrule 14:
    input: data/genome-simulations/genomes_1/fastq_trimmed/genome_1_R1_trimmed.fastq, data/genome-simulations/genomes_1/fastq_trimmed/genome_1_R2_trimmed.fastq
    output: data/genome-simulations/genomes_1/demultiplexed/sample_1/genome_1_Ind1_R1_demultiplexed.fastq, data/genome-simulations/genomes_1/demultiplexed/sample_1/genome_1_Ind1_R2_demultiplexed.fastq, data/genome-simulations/genomes_1/demultiplexed/sample_2/genome_1_Ind2_R1_demultiplexed.fastq, data/genome-simulations/genomes_1/demultiplexed/sample_2/genome_1_Ind2_R2_demultiplexed.fastq
    jobid: 13
    reason: Missing output files: data/genome-simulations/genomes_1/demultiplexed/sample_1/genome_1_Ind1_R1_demultiplexed.fastq, data/genome-simulations/genomes_1/demultiplexed/sample_1/genome_1_Ind1_R2_demultiplexed.fastq, data/genome-simulations/genomes_1/demultiplexed/sample_2/genome_1_Ind2_R2_demultiplexed.fastq, data/genome-simulations/genomes_1/demultiplexed/sample_2/genome_1_Ind2_R1_demultiplexed.fastq; Input files updated by another job: data/genome-simulations/genomes_1/fastq_trimmed/genome_1_R1_trimmed.fastq, data/genome-simulations/genomes_1/fastq_trimmed/genome_1_R2_trimmed.fastq
    resources: tmpdir=/var/folders/vr/dm12jytd28d0_z61hq3l47n40000gp/T

[Sun Sep 22 17:08:52 2024]
Finished job 13.
13 of 27 steps (48%) done
Select jobs to execute...
[Sun Sep 22 17:08:53 2024]
Finished job 11.
14 of 27 steps (52%) done
[Sun Sep 22 17:08:53 2024]
Finished job 9.
15 of 27 steps (56%) done
[Sun Sep 22 17:08:53 2024]
Finished job 1.
16 of 27 steps (59%) done
Execute 1 jobs...

[Sun Sep 22 17:08:53 2024]
localrule 18:
    input: data/genome-simulations/genomes_1/fasta/reference_genome_1.fasta, data/genome-simulations/genomes_1/demultiplexed/sample_1/genome_1_Ind1_R1_demultiplexed.fastq, data/genome-simulations/genomes_1/demultiplexed/sample_1/genome_1_Ind1_R2_demultiplexed.fastq
    output: data/genome-simulations/genomes_1/demultiplexed/sample_1/aligned_genome_1.sam, data/genome-simulations/genomes_1/demultiplexed/sample_1/aligned_genome_1.bam, data/genome-simulations/genomes_1/demultiplexed/sample_1/dedup_aligned_genome_1.bam, data/genome-simulations/genomes_1/demultiplexed/sample_1/dedup_metrics.txt, data/genome-simulations/genomes_1/demultiplexed/sample_1/sorted_dedup_aligned_genome_1.bam, data/genome-simulations/genomes_1/demultiplexed/sample_1/sorted_dedup_aligned_genome_1.bam.bai
    jobid: 17
    reason: Missing output files: data/genome-simulations/genomes_1/demultiplexed/sample_1/sorted_dedup_aligned_genome_1.bam, data/genome-simulations/genomes_1/demultiplexed/sample_1/sorted_dedup_aligned_genome_1.bam.bai; Input files updated by another job: data/genome-simulations/genomes_1/demultiplexed/sample_1/genome_1_Ind1_R1_demultiplexed.fastq, data/genome-simulations/genomes_1/fasta/reference_genome_1.fasta, data/genome-simulations/genomes_1/demultiplexed/sample_1/genome_1_Ind1_R2_demultiplexed.fastq; Code has changed since last execution
    threads: 4
    resources: tmpdir=/var/folders/vr/dm12jytd28d0_z61hq3l47n40000gp/T

[Sun Sep 22 17:08:54 2024]
Error in rule 18:
    jobid: 17
    input: data/genome-simulations/genomes_1/fasta/reference_genome_1.fasta, data/genome-simulations/genomes_1/demultiplexed/sample_1/genome_1_Ind1_R1_demultiplexed.fastq, data/genome-simulations/genomes_1/demultiplexed/sample_1/genome_1_Ind1_R2_demultiplexed.fastq
    output: data/genome-simulations/genomes_1/demultiplexed/sample_1/aligned_genome_1.sam, data/genome-simulations/genomes_1/demultiplexed/sample_1/aligned_genome_1.bam, data/genome-simulations/genomes_1/demultiplexed/sample_1/dedup_aligned_genome_1.bam, data/genome-simulations/genomes_1/demultiplexed/sample_1/dedup_metrics.txt, data/genome-simulations/genomes_1/demultiplexed/sample_1/sorted_dedup_aligned_genome_1.bam, data/genome-simulations/genomes_1/demultiplexed/sample_1/sorted_dedup_aligned_genome_1.bam.bai
    conda-env: /Users/emanuelmfonseca/project/sequencing-migration/.snakemake/conda/35420d6d323181dffcd0642cc29ad476_
    shell:
        
                # Align FASTQ reads to the reference genome, output SAM file
                bwa mem -M -R "@RG\tID:tsk_1\tLB:tsk_1\tPL:ILLUMINA\tPM:HISEQ\tSM:tsk_1" data/genome-simulations/genomes_1/fasta/reference_genome_1.fasta data/genome-simulations/genomes_1/demultiplexed/sample_1/genome_1_Ind1_R1_demultiplexed.fastq data/genome-simulations/genomes_1/demultiplexed/sample_1/genome_1_Ind1_R2_demultiplexed.fastq > data/genome-simulations/genomes_1/demultiplexed/sample_1/aligned_genome_1.sam
                
                # Convert SAM to BAM
                samtools view -Sb data/genome-simulations/genomes_1/demultiplexed/sample_1/aligned_genome_1.sam > data/genome-simulations/genomes_1/demultiplexed/sample_1/aligned_genome_1.bam
                
                picard MarkDuplicates I=data/genome-simulations/genomes_1/demultiplexed/sample_1/aligned_genome_1.bam O=data/genome-simulations/genomes_1/demultiplexed/sample_1/dedup_aligned_genome_1.bam M=data/genome-simulations/genomes_1/demultiplexed/sample_1/dedup_metrics.txt REMOVE_DUPLICATES=true

                # Sort the BAM file
                samtools sort data/genome-simulations/genomes_1/demultiplexed/sample_1/dedup_aligned_genome_1.bam -o data/genome-simulations/genomes_1/demultiplexed/sample_1/sorted_dedup_aligned_genome_1.bam
                
                # Index the sorted BAM file
                samtools index data/genome-simulations/genomes_1/demultiplexed/sample_1/sorted_dedup_aligned_genome_1.bam
                
        (one of the commands exited with non-zero exit code; note that snakemake uses bash strict mode!)

Removing output files of failed job 18 since they might be corrupted:
data/genome-simulations/genomes_1/demultiplexed/sample_1/aligned_genome_1.sam, data/genome-simulations/genomes_1/demultiplexed/sample_1/aligned_genome_1.bam
Shutting down, this might take some time.
Exiting because a job execution failed. Look above for error message
Complete log: .snakemake/log/2024-09-22T170845.731973.snakemake.log
WorkflowError:
At least one job did not complete successfully.
