Building DAG of jobs...
Using shell: /bin/bash
Provided cores: 1 (use --cores to define parallelism)
Rules claiming more threads will be scaled down.
Conda environments: ignored
Job stats:
job                count
---------------  -------
10                     1
11                     1
12                     1
13                     1
14                     1
15                     1
16                     1
17                     1
4                      1
5                      1
6                      1
7                      1
8                      1
9                      1
all                    1
generate_genome        1
generate_snps          1
total                 17

Select jobs to execute...
Execute 1 jobs...

[Sun Sep 22 15:05:22 2024]
localrule generate_snps:
    input: /Users/emanuelmfonseca/project/sequencing-migration/scripts/demographic-simulation.py
    output: data/demographic-simulations/snp-matrix_1.txt, data/demographic-simulations/snp-matrix_2.txt
    jobid: 5
    reason: Missing output files: data/demographic-simulations/snp-matrix_1.txt, data/demographic-simulations/snp-matrix_2.txt
    resources: tmpdir=/var/folders/vr/dm12jytd28d0_z61hq3l47n40000gp/T

[Sun Sep 22 15:05:22 2024]
Finished job 5.
1 of 17 steps (6%) done
Select jobs to execute...
Execute 1 jobs...

[Sun Sep 22 15:05:22 2024]
localrule generate_genome:
    input: data/demographic-simulations/snp-matrix_1.txt, data/demographic-simulations/snp-matrix_2.txt, /Users/emanuelmfonseca/project/sequencing-migration/scripts/genome-simulation.py, /Users/emanuelmfonseca/project/sequencing-migration
    output: data/genome-simulations/genomes_1/fasta/reference_genome_1.fasta, data/genome-simulations/genomes_2/fasta/reference_genome_2.fasta, data/genome-simulations/genomes_1/fasta/individual_genome_1.fasta, data/genome-simulations/genomes_1/fasta/individual_genome_2.fasta, data/genome-simulations/genomes_2/fasta/individual_genome_1.fasta, data/genome-simulations/genomes_2/fasta/individual_genome_2.fasta
    jobid: 4
    reason: Missing output files: data/genome-simulations/genomes_2/fasta/individual_genome_1.fasta, data/genome-simulations/genomes_1/fasta/reference_genome_1.fasta, data/genome-simulations/genomes_1/fasta/individual_genome_2.fasta, data/genome-simulations/genomes_1/fasta/individual_genome_1.fasta, data/genome-simulations/genomes_2/fasta/reference_genome_2.fasta, data/genome-simulations/genomes_2/fasta/individual_genome_2.fasta; Input files updated by another job: data/demographic-simulations/snp-matrix_1.txt, data/demographic-simulations/snp-matrix_2.txt
    resources: tmpdir=/var/folders/vr/dm12jytd28d0_z61hq3l47n40000gp/T

[Sun Sep 22 15:05:23 2024]
Finished job 4.
2 of 17 steps (12%) done
Select jobs to execute...
Execute 1 jobs...

[Sun Sep 22 15:05:23 2024]
localrule 16:
    input: data/genome-simulations/genomes_1/fasta/reference_genome_1.fasta
    output: data/genome-simulations/genomes_1/fasta/reference_genome_1.fasta.amb, data/genome-simulations/genomes_1/fasta/reference_genome_1.fasta.ann, data/genome-simulations/genomes_1/fasta/reference_genome_1.fasta.bwt, data/genome-simulations/genomes_1/fasta/reference_genome_1.fasta.pac, data/genome-simulations/genomes_1/fasta/reference_genome_1.fasta.sa, data/genome-simulations/genomes_1/fasta/reference_genome_1.fasta.fai, data/genome-simulations/genomes_1/fasta/reference_genome_1.dict
    jobid: 15
    reason: Missing output files: data/genome-simulations/genomes_1/fasta/reference_genome_1.fasta.amb, data/genome-simulations/genomes_1/fasta/reference_genome_1.fasta.fai, data/genome-simulations/genomes_1/fasta/reference_genome_1.fasta.sa, data/genome-simulations/genomes_1/fasta/reference_genome_1.dict, data/genome-simulations/genomes_1/fasta/reference_genome_1.fasta.bwt, data/genome-simulations/genomes_1/fasta/reference_genome_1.fasta.pac, data/genome-simulations/genomes_1/fasta/reference_genome_1.fasta.ann; Input files updated by another job: data/genome-simulations/genomes_1/fasta/reference_genome_1.fasta
    resources: tmpdir=/var/folders/vr/dm12jytd28d0_z61hq3l47n40000gp/T

[Sun Sep 22 15:05:24 2024]
Finished job 15.
3 of 17 steps (18%) done
Select jobs to execute...
Execute 1 jobs...

[Sun Sep 22 15:05:24 2024]
localrule 17:
    input: data/genome-simulations/genomes_2/fasta/reference_genome_2.fasta
    output: data/genome-simulations/genomes_2/fasta/reference_genome_2.fasta.amb, data/genome-simulations/genomes_2/fasta/reference_genome_2.fasta.ann, data/genome-simulations/genomes_2/fasta/reference_genome_2.fasta.bwt, data/genome-simulations/genomes_2/fasta/reference_genome_2.fasta.pac, data/genome-simulations/genomes_2/fasta/reference_genome_2.fasta.sa, data/genome-simulations/genomes_2/fasta/reference_genome_2.fasta.fai, data/genome-simulations/genomes_2/fasta/reference_genome_2.dict
    jobid: 16
    reason: Missing output files: data/genome-simulations/genomes_2/fasta/reference_genome_2.dict, data/genome-simulations/genomes_2/fasta/reference_genome_2.fasta.bwt, data/genome-simulations/genomes_2/fasta/reference_genome_2.fasta.sa, data/genome-simulations/genomes_2/fasta/reference_genome_2.fasta.amb, data/genome-simulations/genomes_2/fasta/reference_genome_2.fasta.pac, data/genome-simulations/genomes_2/fasta/reference_genome_2.fasta.ann, data/genome-simulations/genomes_2/fasta/reference_genome_2.fasta.fai; Input files updated by another job: data/genome-simulations/genomes_2/fasta/reference_genome_2.fasta
    resources: tmpdir=/var/folders/vr/dm12jytd28d0_z61hq3l47n40000gp/T

[Sun Sep 22 15:05:24 2024]
Finished job 16.
4 of 17 steps (24%) done
Select jobs to execute...
Execute 1 jobs...

[Sun Sep 22 15:05:24 2024]
localrule 5:
    input: data/genome-simulations/genomes_2/fasta/individual_genome_1.fasta, data/genome-simulations/genomes_2/fasta/individual_genome_2.fasta
    output: data/genome-simulations/genomes_2/multifasta/multifasta_genome_2.fasta
    jobid: 8
    reason: Missing output files: data/genome-simulations/genomes_2/multifasta/multifasta_genome_2.fasta; Input files updated by another job: data/genome-simulations/genomes_2/fasta/individual_genome_1.fasta, data/genome-simulations/genomes_2/fasta/individual_genome_2.fasta
    resources: tmpdir=/var/folders/vr/dm12jytd28d0_z61hq3l47n40000gp/T

[Sun Sep 22 15:05:24 2024]
Finished job 8.
5 of 17 steps (29%) done
Select jobs to execute...
Execute 1 jobs...

[Sun Sep 22 15:05:24 2024]
localrule 7:
    input: data/genome-simulations/genomes_2/multifasta/multifasta_genome_2.fasta
    output: data/genome-simulations/genomes_2/fastq/genome_2_R1.fastq, data/genome-simulations/genomes_2/fastq/genome_2_R2.fastq
    jobid: 7
    reason: Missing output files: data/genome-simulations/genomes_2/fastq/genome_2_R1.fastq, data/genome-simulations/genomes_2/fastq/genome_2_R2.fastq; Input files updated by another job: data/genome-simulations/genomes_2/multifasta/multifasta_genome_2.fasta
    resources: tmpdir=/var/folders/vr/dm12jytd28d0_z61hq3l47n40000gp/T

[Sun Sep 22 15:05:25 2024]
Finished job 7.
6 of 17 steps (35%) done
Select jobs to execute...
Execute 1 jobs...

[Sun Sep 22 15:05:25 2024]
localrule 9:
    input: data/genome-simulations/genomes_2/fastq/genome_2_R1.fastq, data/genome-simulations/genomes_2/fastq/genome_2_R2.fastq
    output: data/genome-simulations/genomes_2/qc/genome_2_R1_fastqc.html, data/genome-simulations/genomes_2/qc/genome_2_R2_fastqc.html
    jobid: 6
    reason: Missing output files: data/genome-simulations/genomes_2/qc/genome_2_R1_fastqc.html, data/genome-simulations/genomes_2/qc/genome_2_R2_fastqc.html; Input files updated by another job: data/genome-simulations/genomes_2/fastq/genome_2_R1.fastq, data/genome-simulations/genomes_2/fastq/genome_2_R2.fastq
    resources: tmpdir=/var/folders/vr/dm12jytd28d0_z61hq3l47n40000gp/T

[Sun Sep 22 15:05:30 2024]
Finished job 6.
7 of 17 steps (41%) done
Select jobs to execute...
Execute 1 jobs...

[Sun Sep 22 15:05:30 2024]
localrule 4:
    input: data/genome-simulations/genomes_1/fasta/individual_genome_1.fasta, data/genome-simulations/genomes_1/fasta/individual_genome_2.fasta
    output: data/genome-simulations/genomes_1/multifasta/multifasta_genome_1.fasta
    jobid: 3
    reason: Missing output files: data/genome-simulations/genomes_1/multifasta/multifasta_genome_1.fasta; Input files updated by another job: data/genome-simulations/genomes_1/fasta/individual_genome_2.fasta, data/genome-simulations/genomes_1/fasta/individual_genome_1.fasta
    resources: tmpdir=/var/folders/vr/dm12jytd28d0_z61hq3l47n40000gp/T

[Sun Sep 22 15:05:30 2024]
Finished job 3.
8 of 17 steps (47%) done
Select jobs to execute...
Execute 1 jobs...

[Sun Sep 22 15:05:30 2024]
localrule 6:
    input: data/genome-simulations/genomes_1/multifasta/multifasta_genome_1.fasta
    output: data/genome-simulations/genomes_1/fastq/genome_1_R1.fastq, data/genome-simulations/genomes_1/fastq/genome_1_R2.fastq
    jobid: 2
    reason: Missing output files: data/genome-simulations/genomes_1/fastq/genome_1_R1.fastq, data/genome-simulations/genomes_1/fastq/genome_1_R2.fastq; Input files updated by another job: data/genome-simulations/genomes_1/multifasta/multifasta_genome_1.fasta
    resources: tmpdir=/var/folders/vr/dm12jytd28d0_z61hq3l47n40000gp/T

[Sun Sep 22 15:05:31 2024]
Finished job 2.
9 of 17 steps (53%) done
Select jobs to execute...
Execute 1 jobs...

[Sun Sep 22 15:05:31 2024]
localrule 10:
    input: data/genome-simulations/genomes_1/fastq/genome_1_R1.fastq, data/genome-simulations/genomes_1/fastq/genome_1_R2.fastq
    output: data/genome-simulations/genomes_1/fastq_trimmed/genome_1_R1_trimmed.fastq, data/genome-simulations/genomes_1/fastq_trimmed/genome_1_R2_trimmed.fastq, data/genome-simulations/genomes_1/fastq_trimmed/trimmomatic_1.log
    jobid: 10
    reason: Missing output files: data/genome-simulations/genomes_1/fastq_trimmed/genome_1_R2_trimmed.fastq, data/genome-simulations/genomes_1/fastq_trimmed/genome_1_R1_trimmed.fastq; Input files updated by another job: data/genome-simulations/genomes_1/fastq/genome_1_R1.fastq, data/genome-simulations/genomes_1/fastq/genome_1_R2.fastq
    resources: tmpdir=/var/folders/vr/dm12jytd28d0_z61hq3l47n40000gp/T

[Sun Sep 22 15:05:31 2024]
Finished job 10.
10 of 17 steps (59%) done
Select jobs to execute...
Execute 1 jobs...

[Sun Sep 22 15:05:31 2024]
localrule 14:
    input: data/genome-simulations/genomes_1/fastq_trimmed/genome_1_R1_trimmed.fastq, data/genome-simulations/genomes_1/fastq_trimmed/genome_1_R2_trimmed.fastq
    output: data/genome-simulations/genomes_1/demultiplexed/sample_1/genome_1_Ind1_R1_demultiplexed.fastq, data/genome-simulations/genomes_1/demultiplexed/sample_1/genome_1_Ind1_R2_demultiplexed.fastq, data/genome-simulations/genomes_1/demultiplexed/sample_2/genome_1_Ind2_R1_demultiplexed.fastq, data/genome-simulations/genomes_1/demultiplexed/sample_2/genome_1_Ind2_R2_demultiplexed.fastq
    jobid: 13
    reason: Missing output files: data/genome-simulations/genomes_1/demultiplexed/sample_1/genome_1_Ind1_R1_demultiplexed.fastq, data/genome-simulations/genomes_1/demultiplexed/sample_2/genome_1_Ind2_R2_demultiplexed.fastq, data/genome-simulations/genomes_1/demultiplexed/sample_1/genome_1_Ind1_R2_demultiplexed.fastq, data/genome-simulations/genomes_1/demultiplexed/sample_2/genome_1_Ind2_R1_demultiplexed.fastq; Input files updated by another job: data/genome-simulations/genomes_1/fastq_trimmed/genome_1_R2_trimmed.fastq, data/genome-simulations/genomes_1/fastq_trimmed/genome_1_R1_trimmed.fastq
    resources: tmpdir=/var/folders/vr/dm12jytd28d0_z61hq3l47n40000gp/T

[Sun Sep 22 15:05:31 2024]
Finished job 13.
11 of 17 steps (65%) done
Select jobs to execute...
Execute 1 jobs...

[Sun Sep 22 15:05:31 2024]
localrule 12:
    input: data/genome-simulations/genomes_1/fastq_trimmed/genome_1_R1_trimmed.fastq, data/genome-simulations/genomes_1/fastq_trimmed/genome_1_R2_trimmed.fastq
    output: data/genome-simulations/genomes_1/qc_trimmed/genome_1_R1_trimmed_fastqc.html, data/genome-simulations/genomes_1/qc_trimmed/genome_1_R2_trimmed_fastqc.html
    jobid: 9
    reason: Missing output files: data/genome-simulations/genomes_1/qc_trimmed/genome_1_R2_trimmed_fastqc.html, data/genome-simulations/genomes_1/qc_trimmed/genome_1_R1_trimmed_fastqc.html; Input files updated by another job: data/genome-simulations/genomes_1/fastq_trimmed/genome_1_R2_trimmed.fastq, data/genome-simulations/genomes_1/fastq_trimmed/genome_1_R1_trimmed.fastq
    resources: tmpdir=/var/folders/vr/dm12jytd28d0_z61hq3l47n40000gp/T

[Sun Sep 22 15:05:36 2024]
Finished job 9.
12 of 17 steps (71%) done
Select jobs to execute...
Execute 1 jobs...

[Sun Sep 22 15:05:36 2024]
localrule 8:
    input: data/genome-simulations/genomes_1/fastq/genome_1_R1.fastq, data/genome-simulations/genomes_1/fastq/genome_1_R2.fastq
    output: data/genome-simulations/genomes_1/qc/genome_1_R1_fastqc.html, data/genome-simulations/genomes_1/qc/genome_1_R2_fastqc.html
    jobid: 1
    reason: Missing output files: data/genome-simulations/genomes_1/qc/genome_1_R2_fastqc.html, data/genome-simulations/genomes_1/qc/genome_1_R1_fastqc.html; Input files updated by another job: data/genome-simulations/genomes_1/fastq/genome_1_R1.fastq, data/genome-simulations/genomes_1/fastq/genome_1_R2.fastq
    resources: tmpdir=/var/folders/vr/dm12jytd28d0_z61hq3l47n40000gp/T

[Sun Sep 22 15:05:40 2024]
Finished job 1.
13 of 17 steps (76%) done
Select jobs to execute...
Execute 1 jobs...

[Sun Sep 22 15:05:40 2024]
localrule 11:
    input: data/genome-simulations/genomes_2/fastq/genome_2_R1.fastq, data/genome-simulations/genomes_2/fastq/genome_2_R2.fastq
    output: data/genome-simulations/genomes_2/fastq_trimmed/genome_2_R1_trimmed.fastq, data/genome-simulations/genomes_2/fastq_trimmed/genome_2_R2_trimmed.fastq, data/genome-simulations/genomes_2/fastq_trimmed/trimmomatic_2.log
    jobid: 12
    reason: Missing output files: data/genome-simulations/genomes_2/fastq_trimmed/genome_2_R2_trimmed.fastq, data/genome-simulations/genomes_2/fastq_trimmed/genome_2_R1_trimmed.fastq; Input files updated by another job: data/genome-simulations/genomes_2/fastq/genome_2_R1.fastq, data/genome-simulations/genomes_2/fastq/genome_2_R2.fastq
    resources: tmpdir=/var/folders/vr/dm12jytd28d0_z61hq3l47n40000gp/T

[Sun Sep 22 15:05:40 2024]
Finished job 12.
14 of 17 steps (82%) done
Select jobs to execute...
Execute 1 jobs...

[Sun Sep 22 15:05:40 2024]
localrule 15:
    input: data/genome-simulations/genomes_2/fastq_trimmed/genome_2_R1_trimmed.fastq, data/genome-simulations/genomes_2/fastq_trimmed/genome_2_R2_trimmed.fastq
    output: data/genome-simulations/genomes_2/demultiplexed/sample_1/genome_2_Ind1_R1_demultiplexed.fastq, data/genome-simulations/genomes_2/demultiplexed/sample_1/genome_2_Ind1_R2_demultiplexed.fastq, data/genome-simulations/genomes_2/demultiplexed/sample_2/genome_2_Ind2_R1_demultiplexed.fastq, data/genome-simulations/genomes_2/demultiplexed/sample_2/genome_2_Ind2_R2_demultiplexed.fastq
    jobid: 14
    reason: Missing output files: data/genome-simulations/genomes_2/demultiplexed/sample_2/genome_2_Ind2_R1_demultiplexed.fastq, data/genome-simulations/genomes_2/demultiplexed/sample_1/genome_2_Ind1_R2_demultiplexed.fastq, data/genome-simulations/genomes_2/demultiplexed/sample_1/genome_2_Ind1_R1_demultiplexed.fastq, data/genome-simulations/genomes_2/demultiplexed/sample_2/genome_2_Ind2_R2_demultiplexed.fastq; Input files updated by another job: data/genome-simulations/genomes_2/fastq_trimmed/genome_2_R2_trimmed.fastq, data/genome-simulations/genomes_2/fastq_trimmed/genome_2_R1_trimmed.fastq
    resources: tmpdir=/var/folders/vr/dm12jytd28d0_z61hq3l47n40000gp/T

[Sun Sep 22 15:05:40 2024]
Finished job 14.
15 of 17 steps (88%) done
Select jobs to execute...
Execute 1 jobs...

[Sun Sep 22 15:05:40 2024]
localrule 13:
    input: data/genome-simulations/genomes_2/fastq_trimmed/genome_2_R1_trimmed.fastq, data/genome-simulations/genomes_2/fastq_trimmed/genome_2_R2_trimmed.fastq
    output: data/genome-simulations/genomes_2/qc_trimmed/genome_2_R1_trimmed_fastqc.html, data/genome-simulations/genomes_2/qc_trimmed/genome_2_R2_trimmed_fastqc.html
    jobid: 11
    reason: Missing output files: data/genome-simulations/genomes_2/qc_trimmed/genome_2_R1_trimmed_fastqc.html, data/genome-simulations/genomes_2/qc_trimmed/genome_2_R2_trimmed_fastqc.html; Input files updated by another job: data/genome-simulations/genomes_2/fastq_trimmed/genome_2_R2_trimmed.fastq, data/genome-simulations/genomes_2/fastq_trimmed/genome_2_R1_trimmed.fastq
    resources: tmpdir=/var/folders/vr/dm12jytd28d0_z61hq3l47n40000gp/T

[Sun Sep 22 15:05:45 2024]
Finished job 11.
16 of 17 steps (94%) done
Select jobs to execute...
Execute 1 jobs...

[Sun Sep 22 15:05:45 2024]
localrule all:
    input: data/genome-simulations/genomes_1/qc/genome_1_R1_fastqc.html, data/genome-simulations/genomes_1/qc/genome_1_R2_fastqc.html, data/genome-simulations/genomes_2/qc/genome_2_R1_fastqc.html, data/genome-simulations/genomes_2/qc/genome_2_R2_fastqc.html, data/genome-simulations/genomes_1/qc_trimmed/genome_1_R1_trimmed_fastqc.html, data/genome-simulations/genomes_1/qc_trimmed/genome_1_R2_trimmed_fastqc.html, data/genome-simulations/genomes_2/qc_trimmed/genome_2_R1_trimmed_fastqc.html, data/genome-simulations/genomes_2/qc_trimmed/genome_2_R2_trimmed_fastqc.html, data/genome-simulations/genomes_1/fastq_trimmed/genome_1_R1_trimmed.fastq, data/genome-simulations/genomes_1/fastq_trimmed/genome_1_R2_trimmed.fastq, data/genome-simulations/genomes_2/fastq_trimmed/genome_2_R1_trimmed.fastq, data/genome-simulations/genomes_2/fastq_trimmed/genome_2_R2_trimmed.fastq, data/genome-simulations/genomes_1/demultiplexed/sample_1/genome_1_Ind1_R1_demultiplexed.fastq, data/genome-simulations/genomes_1/demultiplexed/sample_1/genome_1_Ind1_R2_demultiplexed.fastq, data/genome-simulations/genomes_1/demultiplexed/sample_2/genome_1_Ind2_R1_demultiplexed.fastq, data/genome-simulations/genomes_1/demultiplexed/sample_2/genome_1_Ind2_R2_demultiplexed.fastq, data/genome-simulations/genomes_2/demultiplexed/sample_1/genome_2_Ind1_R1_demultiplexed.fastq, data/genome-simulations/genomes_2/demultiplexed/sample_1/genome_2_Ind1_R2_demultiplexed.fastq, data/genome-simulations/genomes_2/demultiplexed/sample_2/genome_2_Ind2_R1_demultiplexed.fastq, data/genome-simulations/genomes_2/demultiplexed/sample_2/genome_2_Ind2_R2_demultiplexed.fastq, data/genome-simulations/genomes_1/fasta/reference_genome_1.fasta.amb, data/genome-simulations/genomes_1/fasta/reference_genome_1.fasta.ann, data/genome-simulations/genomes_1/fasta/reference_genome_1.fasta.bwt, data/genome-simulations/genomes_1/fasta/reference_genome_1.fasta.pac, data/genome-simulations/genomes_1/fasta/reference_genome_1.fasta.sa, data/genome-simulations/genomes_1/fasta/reference_genome_1.fasta.fai, data/genome-simulations/genomes_2/fasta/reference_genome_2.fasta.amb, data/genome-simulations/genomes_2/fasta/reference_genome_2.fasta.ann, data/genome-simulations/genomes_2/fasta/reference_genome_2.fasta.bwt, data/genome-simulations/genomes_2/fasta/reference_genome_2.fasta.pac, data/genome-simulations/genomes_2/fasta/reference_genome_2.fasta.sa, data/genome-simulations/genomes_2/fasta/reference_genome_2.fasta.fai, data/genome-simulations/genomes_1/fasta/reference_genome_1.dict, data/genome-simulations/genomes_2/fasta/reference_genome_2.dict
    jobid: 0
    reason: Input files updated by another job: data/genome-simulations/genomes_2/fastq_trimmed/genome_2_R1_trimmed.fastq, data/genome-simulations/genomes_2/fasta/reference_genome_2.fasta.bwt, data/genome-simulations/genomes_2/fasta/reference_genome_2.fasta.pac, data/genome-simulations/genomes_1/qc/genome_1_R2_fastqc.html, data/genome-simulations/genomes_1/demultiplexed/sample_1/genome_1_Ind1_R2_demultiplexed.fastq, data/genome-simulations/genomes_2/demultiplexed/sample_1/genome_2_Ind1_R1_demultiplexed.fastq, data/genome-simulations/genomes_2/demultiplexed/sample_1/genome_2_Ind1_R2_demultiplexed.fastq, data/genome-simulations/genomes_2/qc_trimmed/genome_2_R2_trimmed_fastqc.html, data/genome-simulations/genomes_1/fasta/reference_genome_1.fasta.ann, data/genome-simulations/genomes_2/qc/genome_2_R2_fastqc.html, data/genome-simulations/genomes_1/fastq_trimmed/genome_1_R1_trimmed.fastq, data/genome-simulations/genomes_1/demultiplexed/sample_2/genome_1_Ind2_R2_demultiplexed.fastq, data/genome-simulations/genomes_2/fasta/reference_genome_2.fasta.amb, data/genome-simulations/genomes_2/fasta/reference_genome_2.fasta.ann, data/genome-simulations/genomes_1/fasta/reference_genome_1.fasta.sa, data/genome-simulations/genomes_2/fastq_trimmed/genome_2_R2_trimmed.fastq, data/genome-simulations/genomes_1/fasta/reference_genome_1.dict, data/genome-simulations/genomes_1/fasta/reference_genome_1.fasta.bwt, data/genome-simulations/genomes_2/qc/genome_2_R1_fastqc.html, data/genome-simulations/genomes_1/fasta/reference_genome_1.fasta.pac, data/genome-simulations/genomes_2/fasta/reference_genome_2.dict, data/genome-simulations/genomes_1/demultiplexed/sample_1/genome_1_Ind1_R1_demultiplexed.fastq, data/genome-simulations/genomes_1/qc_trimmed/genome_1_R1_trimmed_fastqc.html, data/genome-simulations/genomes_1/fasta/reference_genome_1.fasta.amb, data/genome-simulations/genomes_1/fastq_trimmed/genome_1_R2_trimmed.fastq, data/genome-simulations/genomes_2/fasta/reference_genome_2.fasta.fai, data/genome-simulations/genomes_1/qc_trimmed/genome_1_R2_trimmed_fastqc.html, data/genome-simulations/genomes_2/fasta/reference_genome_2.fasta.sa, data/genome-simulations/genomes_1/demultiplexed/sample_2/genome_1_Ind2_R1_demultiplexed.fastq, data/genome-simulations/genomes_2/demultiplexed/sample_2/genome_2_Ind2_R1_demultiplexed.fastq, data/genome-simulations/genomes_1/fasta/reference_genome_1.fasta.fai, data/genome-simulations/genomes_1/qc/genome_1_R1_fastqc.html, data/genome-simulations/genomes_2/demultiplexed/sample_2/genome_2_Ind2_R2_demultiplexed.fastq, data/genome-simulations/genomes_2/qc_trimmed/genome_2_R1_trimmed_fastqc.html
    resources: tmpdir=/var/folders/vr/dm12jytd28d0_z61hq3l47n40000gp/T

[Sun Sep 22 15:05:45 2024]
Finished job 0.
17 of 17 steps (100%) done
Complete log: .snakemake/log/2024-09-22T150522.627484.snakemake.log
