Building DAG of jobs...
Using shell: /bin/bash
Provided cores: 1 (use --cores to define parallelism)
Rules claiming more threads will be scaled down.
Conda environments: ignored
Job stats:
job               count
--------------  -------
generate_reads        1
total                 1

Select jobs to execute...
Execute 1 jobs...

[Sat Sep 21 19:07:24 2024]
localrule generate_reads:
    input: data/genome-simulations/genomes_1/fasta/individual_genome_1.fasta, data/genome-simulations/genomes_1/fasta/individual_genome_2.fasta, data/genome-simulations/genomes_2/fasta/individual_genome_1.fasta, data/genome-simulations/genomes_2/fasta/individual_genome_2.fasta, /Users/emanuelmfonseca/project/sequencing-migration/scripts/read-simulation.sh, /Users/emanuelmfonseca/project/sequencing-migration
    output: data/genome-simulations/genomes_1/fastqc/individual_genome_1.fastq.gz, data/genome-simulations/genomes_1/fastqc/individual_genome_2.fastq.gz, data/genome-simulations/genomes_2/fastqc/individual_genome_1.fastq.gz, data/genome-simulations/genomes_2/fastqc/individual_genome_2.fastq.gz
    jobid: 0
    reason: Missing output files: data/genome-simulations/genomes_2/fastqc/individual_genome_1.fastq.gz, data/genome-simulations/genomes_1/fastqc/individual_genome_1.fastq.gz, data/genome-simulations/genomes_2/fastqc/individual_genome_2.fastq.gz, data/genome-simulations/genomes_1/fastqc/individual_genome_2.fastq.gz
    resources: tmpdir=/var/folders/vr/dm12jytd28d0_z61hq3l47n40000gp/T

Waiting at most 5 seconds for missing files.
MissingOutputException in rule generate_reads in file /Users/emanuelmfonseca/project/sequencing-migration/Snakefile, line 45:
Job 0 completed successfully, but some output files are missing. Missing files after 5 seconds. This might be due to filesystem latency. If that is the case, consider to increase the wait time with --latency-wait:
data/genome-simulations/genomes_1/fastqc/individual_genome_1.fastq.gz (missing locally, parent dir contents: individual_genome_1_abundance.txt, individual_genome_1_R1.fastq, individual_genome_1_R2.fastq, individual_genome_1.iss.tmp.1.vcf, individual_genome_1.iss.tmp.0.vcf, individual_genome_1.iss.tmp.2.vcf, individual_genome_1.iss.tmp.3.vcf)
data/genome-simulations/genomes_1/fastqc/individual_genome_2.fastq.gz (missing locally, parent dir contents: individual_genome_1_abundance.txt, individual_genome_1_R1.fastq, individual_genome_1_R2.fastq, individual_genome_1.iss.tmp.1.vcf, individual_genome_1.iss.tmp.0.vcf, individual_genome_1.iss.tmp.2.vcf, individual_genome_1.iss.tmp.3.vcf)
data/genome-simulations/genomes_2/fastqc/individual_genome_1.fastq.gz (missing locally, parent dir contents: )
data/genome-simulations/genomes_2/fastqc/individual_genome_2.fastq.gz (missing locally, parent dir contents: )
Shutting down, this might take some time.
Exiting because a job execution failed. Look above for error message
Complete log: .snakemake/log/2024-09-21T190724.211908.snakemake.log
WorkflowError:
At least one job did not complete successfully.
