Building DAG of jobs...
Using shell: /bin/bash
Provided cores: 1 (use --cores to define parallelism)
Rules claiming more threads will be scaled down.
Conda environments: ignored
Job stats:
job      count
-----  -------
26           1
27           1
all          1
total        3

Select jobs to execute...
Execute 1 jobs...

[Sun Sep 22 14:29:08 2024]
localrule 27:
    input: data/genome-simulations/genomes_2/fasta/reference_genome_2.fasta, data/genome-simulations/genomes_2/demultiplexed
    output: data/genome-simulations/genomes_2/gatk/combined.g.vcf, data/genome-simulations/genomes_2/gatk/fully_processed.vcf
    jobid: 22
    reason: Missing output files: data/genome-simulations/genomes_2/gatk/combined.g.vcf
    resources: tmpdir=/var/folders/vr/dm12jytd28d0_z61hq3l47n40000gp/T

[Sun Sep 22 14:29:09 2024]
Error in rule 27:
    jobid: 22
    input: data/genome-simulations/genomes_2/fasta/reference_genome_2.fasta, data/genome-simulations/genomes_2/demultiplexed
    output: data/genome-simulations/genomes_2/gatk/combined.g.vcf, data/genome-simulations/genomes_2/gatk/fully_processed.vcf
    conda-env: /Users/emanuelmfonseca/project/sequencing-migration/.snakemake/conda/35420d6d323181dffcd0642cc29ad476_
    shell:
        
            bam_files=$(find data/genome-simulations/genomes_2/demultiplexed -type f -name "sorted_aligned_genome*.bam" | sed 's/^/--variant /')
            
            # Run GATK HaplotypeCaller for variant calling
            gatk CombineGVCFs --reference data/genome-simulations/genomes_2/fasta/reference_genome_2.fasta $bam_files --output data/genome-simulations/genomes_2/gatk/combined.g.vcf
            
            # Combine GVCF files into a final VCF
            # gatk GenotypeGVCFs --reference data/genome-simulations/genomes_2/fasta/reference_genome_2.fasta --variant data/genome-simulations/genomes_2/gatk/combined.g.vcf --output data/genome-simulations/genomes_2/gatk/fully_processed.vcf
            
        (one of the commands exited with non-zero exit code; note that snakemake uses bash strict mode!)

Shutting down, this might take some time.
Exiting because a job execution failed. Look above for error message
Complete log: .snakemake/log/2024-09-22T142908.403877.snakemake.log
WorkflowError:
At least one job did not complete successfully.
