Building DAG of jobs...
Using shell: /bin/bash
Provided cores: 1 (use --cores to define parallelism)
Rules claiming more threads will be scaled down.
Conda environments: ignored
Job stats:
job      count
-----  -------
14           1
15           1
all          1
total        3

Select jobs to execute...
Execute 1 jobs...

[Sun Sep 22 11:18:15 2024]
localrule 15:
    input: data/genome-simulations/genomes_2/fastq_trimmed/genome_2_R1_trimmed.fastq, data/genome-simulations/genomes_2/fastq_trimmed/genome_2_R2_trimmed.fastq
    output: data/genome-simulations/genomes_2/demultiplexed/genome_2_Ind1_R1_demultiplexed.fastq, data/genome-simulations/genomes_2/demultiplexed/genome_2_Ind1_R2_demultiplexed.fastq, data/genome-simulations/genomes_2/demultiplexed/genome_2_Ind2_R1_demultiplexed.fastq, data/genome-simulations/genomes_2/demultiplexed/genome_2_Ind2_R2_demultiplexed.fastq
    jobid: 14
    reason: Params have changed since last execution
    resources: tmpdir=/var/folders/vr/dm12jytd28d0_z61hq3l47n40000gp/T

Waiting at most 5 seconds for missing files.
MissingOutputException in rule 15 in file /Users/emanuelmfonseca/project/sequencing-migration/Snakefile, line 225:
Job 14  completed successfully, but some output files are missing. Missing files after 5 seconds. This might be due to filesystem latency. If that is the case, consider to increase the wait time with --latency-wait:
data/genome-simulations/genomes_2/demultiplexed/genome_2_Ind1_R1_demultiplexed.fastq (missing locally, parent dir contents: genome_2_Ind2*_R1_demultiplexed.fastq, genome_2_Ind2*_R2_demultiplexed.fastq, genome_2_Ind1*_R2_demultiplexed.fastq, genome_2_Ind1*_R1_demultiplexed.fastq)
data/genome-simulations/genomes_2/demultiplexed/genome_2_Ind1_R2_demultiplexed.fastq (missing locally, parent dir contents: genome_2_Ind2*_R1_demultiplexed.fastq, genome_2_Ind2*_R2_demultiplexed.fastq, genome_2_Ind1*_R2_demultiplexed.fastq, genome_2_Ind1*_R1_demultiplexed.fastq)
data/genome-simulations/genomes_2/demultiplexed/genome_2_Ind2_R1_demultiplexed.fastq (missing locally, parent dir contents: genome_2_Ind2*_R1_demultiplexed.fastq, genome_2_Ind2*_R2_demultiplexed.fastq, genome_2_Ind1*_R2_demultiplexed.fastq, genome_2_Ind1*_R1_demultiplexed.fastq)
data/genome-simulations/genomes_2/demultiplexed/genome_2_Ind2_R2_demultiplexed.fastq (missing locally, parent dir contents: genome_2_Ind2*_R1_demultiplexed.fastq, genome_2_Ind2*_R2_demultiplexed.fastq, genome_2_Ind1*_R2_demultiplexed.fastq, genome_2_Ind1*_R1_demultiplexed.fastq)
Shutting down, this might take some time.
Exiting because a job execution failed. Look above for error message
Complete log: .snakemake/log/2024-09-22T111815.835168.snakemake.log
WorkflowError:
At least one job did not complete successfully.
