Building DAG of jobs...
Using shell: /bin/bash
Provided cores: 1 (use --cores to define parallelism)
Rules claiming more threads will be scaled down.
Conda environments: ignored
Job stats:
job      count
-----  -------
7            1
all          1
total        2

Select jobs to execute...
Execute 1 jobs...

[Sat Sep 21 20:37:11 2024]
localrule 7:
    input: data/genome-simulations/genomes_2/fasta/individual_genome_2.fasta
    output: data/genome-simulations/genomes_2/fastqc/individual_genome_2.fastq.gz
    jobid: 1
    reason: Missing output files: data/genome-simulations/genomes_2/fastqc/individual_genome_2.fastq.gz
    resources: tmpdir=/var/folders/vr/dm12jytd28d0_z61hq3l47n40000gp/T

[Sat Sep 21 20:37:12 2024]
Error in rule 7:
    jobid: 1
    input: data/genome-simulations/genomes_2/fasta/individual_genome_2.fasta
    output: data/genome-simulations/genomes_2/fastqc/individual_genome_2.fastq.gz
    conda-env: /Users/emanuelmfonseca/project/sequencing-migration/.snakemake/conda/cce32f2bce268a135b12d86d179a18d6_
    shell:
        
                iss generate --model hiseq --genomes {input} --n_reads 10000 --cpus 4 --output {output}
                
        (one of the commands exited with non-zero exit code; note that snakemake uses bash strict mode!)

Shutting down, this might take some time.
Exiting because a job execution failed. Look above for error message
Complete log: .snakemake/log/2024-09-21T203711.205524.snakemake.log
WorkflowError:
At least one job did not complete successfully.
