Building DAG of jobs...
Using shell: /bin/bash
Provided cores: 1 (use --cores to define parallelism)
Rules claiming more threads will be scaled down.
Conda environments: ignored
Job stats:
job      count
-----  -------
11           1
13           1
15           1
16           1
18           1
19           1
20           1
21           1
8            1
all          1
total       10

Select jobs to execute...
Execute 1 jobs...

[Sun Sep 22 15:03:59 2024]
localrule 18:
    input: data/genome-simulations/genomes_1/fasta/reference_genome_1.fasta, data/genome-simulations/genomes_1/demultiplexed/sample_1/genome_1_Ind1_R1_demultiplexed.fastq, data/genome-simulations/genomes_1/demultiplexed/sample_1/genome_1_Ind1_R2_demultiplexed.fastq
    output: data/genome-simulations/genomes_1/demultiplexed/sample_1/aligned_genome_1.sam, data/genome-simulations/genomes_1/demultiplexed/sample_1/aligned_genome_1.bam, data/genome-simulations/genomes_1/demultiplexed/sample_1/sorted_aligned_genome_1.bam, data/genome-simulations/genomes_1/demultiplexed/sample_1/sorted_aligned_genome_1.bam.bai
    jobid: 17
    reason: Missing output files: data/genome-simulations/genomes_1/demultiplexed/sample_1/sorted_aligned_genome_1.bam.bai
    resources: tmpdir=/var/folders/vr/dm12jytd28d0_z61hq3l47n40000gp/T

[Sun Sep 22 15:03:59 2024]
Error in rule 18:
    jobid: 17
    input: data/genome-simulations/genomes_1/fasta/reference_genome_1.fasta, data/genome-simulations/genomes_1/demultiplexed/sample_1/genome_1_Ind1_R1_demultiplexed.fastq, data/genome-simulations/genomes_1/demultiplexed/sample_1/genome_1_Ind1_R2_demultiplexed.fastq
    output: data/genome-simulations/genomes_1/demultiplexed/sample_1/aligned_genome_1.sam, data/genome-simulations/genomes_1/demultiplexed/sample_1/aligned_genome_1.bam, data/genome-simulations/genomes_1/demultiplexed/sample_1/sorted_aligned_genome_1.bam, data/genome-simulations/genomes_1/demultiplexed/sample_1/sorted_aligned_genome_1.bam.bai
    conda-env: /Users/emanuelmfonseca/project/sequencing-migration/.snakemake/conda/35420d6d323181dffcd0642cc29ad476_
    shell:
        
                # Align FASTQ reads to the reference genome, output SAM file
                bwa mem -M -R "@RG\tID:tsk_1\tLB:tsk_1\tPL:ILLUMINA\tPM:HISEQ\tSM:tsk_1" data/genome-simulations/genomes_1/fasta/reference_genome_1.fasta data/genome-simulations/genomes_1/demultiplexed/sample_1/genome_1_Ind1_R1_demultiplexed.fastq data/genome-simulations/genomes_1/demultiplexed/sample_1/genome_1_Ind1_R2_demultiplexed.fastq > data/genome-simulations/genomes_1/demultiplexed/sample_1/aligned_genome_1.sam
                
                # Convert SAM to BAM
                samtools view -Sb data/genome-simulations/genomes_1/demultiplexed/sample_1/aligned_genome_1.sam > data/genome-simulations/genomes_1/demultiplexed/sample_1/aligned_genome_1.bam
                
                # Sort the BAM file
                samtools sort data/genome-simulations/genomes_1/demultiplexed/sample_1/aligned_genome_1.bam -o data/genome-simulations/genomes_1/demultiplexed/sample_1/sorted_aligned_genome_1.bam
                
                # Index the sorted BAM file
                samtools index data/genome-simulations/genomes_1/demultiplexed/sample_1/sorted_aligned_genome_1.bam
                
        (one of the commands exited with non-zero exit code; note that snakemake uses bash strict mode!)

Removing output files of failed job 18 since they might be corrupted:
data/genome-simulations/genomes_1/demultiplexed/sample_1/aligned_genome_1.sam
Shutting down, this might take some time.
Exiting because a job execution failed. Look above for error message
Complete log: .snakemake/log/2024-09-22T150359.674143.snakemake.log
WorkflowError:
At least one job did not complete successfully.
