Building DAG of jobs...
Using shell: /bin/bash
Provided cores: 1 (use --cores to define parallelism)
Rules claiming more threads will be scaled down.
Conda environments: ignored
Job stats:
job      count
-----  -------
14           1
15           1
all          1
total        3

Select jobs to execute...
Execute 1 jobs...

[Sun Sep 22 11:37:36 2024]
localrule 15:
    input: data/genome-simulations/genomes_2/fastq_trimmed/genome_2_R1_trimmed.fastq, data/genome-simulations/genomes_2/fastq_trimmed/genome_2_R2_trimmed.fastq
    output: data/genome-simulations/genomes_2/demultiplexed/genome_2_Ind1_R1_demultiplexed.fastq, data/genome-simulations/genomes_2/demultiplexed/genome_2_Ind1_R2_demultiplexed.fastq, data/genome-simulations/genomes_2/demultiplexed/genome_2_Ind2_R1_demultiplexed.fastq, data/genome-simulations/genomes_2/demultiplexed/genome_2_Ind2_R2_demultiplexed.fastq
    jobid: 14
    reason: Code has changed since last execution
    resources: tmpdir=/var/folders/vr/dm12jytd28d0_z61hq3l47n40000gp/T

RuleException in rule 15 in file /Users/emanuelmfonseca/project/sequencing-migration/Snakefile, line 224:
NameError: The name 'pattern' is unknown in this context. Please make sure that you defined that variable. Also note that braces not used for variable access have to be escaped by repeating them, i.e. {{print $1}}, when formatting the following:

            for pattern in {params.patterns}; do
                grep -A 3 "$pattern" {input.fastq_trimmed[0]} > data/genome-simulations/genomes_{params.weekly_run}/demultiplexed/genome_{params.weekly_run}_${pattern}_R1_demultiplexed.fastq;
                
                grep -A 3 "$pattern" {input.fastq_trimmed[1]} > data/genome-simulations/genomes_{params.weekly_run}/demultiplexed/genome_{params.weekly_run}_${pattern}_R2_demultiplexed.fastq;
            done
            
