Building DAG of jobs...
Using shell: /bin/bash
Provided cores: 1 (use --cores to define parallelism)
Rules claiming more threads will be scaled down.
Conda environments: ignored
Job stats:
job                count
---------------  -------
7                      1
all                    1
generate_genome        1
total                  3

Select jobs to execute...
Execute 1 jobs...

[Sat Sep 21 20:37:47 2024]
localrule generate_genome:
    input: data/demographic-simulations/snp-matrix_1.txt, data/demographic-simulations/snp-matrix_2.txt, /Users/emanuelmfonseca/project/sequencing-migration/scripts/genome-simulation.py, /Users/emanuelmfonseca/project/sequencing-migration
    output: data/genome-simulations/genomes_1/fasta/reference_genome_1.fasta, data/genome-simulations/genomes_2/fasta/reference_genome_2.fasta, data/genome-simulations/genomes_1/fasta/individual_genome_1.fasta, data/genome-simulations/genomes_1/fasta/individual_genome_2.fasta, data/genome-simulations/genomes_2/fasta/individual_genome_1.fasta, data/genome-simulations/genomes_2/fasta/individual_genome_2.fasta
    jobid: 2
    reason: Updated input files: /Users/emanuelmfonseca/project/sequencing-migration
    resources: tmpdir=/var/folders/vr/dm12jytd28d0_z61hq3l47n40000gp/T

[Sat Sep 21 20:37:48 2024]
Finished job 2.
1 of 3 steps (33%) done
Select jobs to execute...
Execute 1 jobs...

[Sat Sep 21 20:37:48 2024]
localrule 7:
    input: data/genome-simulations/genomes_2/fasta/individual_genome_2.fasta
    output: data/genome-simulations/genomes_2/fastqc/individual_genome_2.fastq.gz
    jobid: 1
    reason: Missing output files: data/genome-simulations/genomes_2/fastqc/individual_genome_2.fastq.gz; Input files updated by another job: data/genome-simulations/genomes_2/fasta/individual_genome_2.fasta
    resources: tmpdir=/var/folders/vr/dm12jytd28d0_z61hq3l47n40000gp/T

Waiting at most 5 seconds for missing files.
MissingOutputException in rule 7 in file /Users/emanuelmfonseca/project/sequencing-migration/Snakefile, line 49:
Job 1  completed successfully, but some output files are missing. Missing files after 5 seconds. This might be due to filesystem latency. If that is the case, consider to increase the wait time with --latency-wait:
data/genome-simulations/genomes_2/fastqc/individual_genome_2.fastq.gz (missing locally, parent dir contents: individual_genome_2.fastq.gz_abundance.txt, individual_genome_2.fastq.gz.iss.tmp.1.vcf, individual_genome_2.fastq.gz.iss.tmp.0.vcf, individual_genome_2.fastq.gz_R1.fastq, individual_genome_2.fastq.gz.iss.tmp.2.vcf, individual_genome_2.fastq.gz.iss.tmp.3.vcf, individual_genome_2.fastq.gz_R2.fastq)
Shutting down, this might take some time.
Exiting because a job execution failed. Look above for error message
Complete log: .snakemake/log/2024-09-21T203747.593744.snakemake.log
WorkflowError:
At least one job did not complete successfully.
