Building DAG of jobs...
Using shell: /bin/bash
Provided cores: 1 (use --cores to define parallelism)
Rules claiming more threads will be scaled down.
Conda environments: ignored
Job stats:
job               count
--------------  -------
run_simulation        1
total                 1

Select jobs to execute...

[Sat Sep 21 12:11:44 2024]
rule run_simulation:
    input: scripts/demographic-simulation.py
    output: output/demographic_results.txt
    jobid: 0
    reason: Missing output files: output/demographic_results.txt
    resources: tmpdir=/var/folders/vr/dm12jytd28d0_z61hq3l47n40000gp/T

WorkflowError:
Failed to open source file /Users/emanuelmfonseca/project/sequencing-migration/envs/simulation_env.yml
FileNotFoundError: [Errno 2] No such file or directory: '/Users/emanuelmfonseca/project/sequencing-migration/envs/simulation_env.yml'
Removing output files of failed job run_simulation since they might be corrupted:
output/demographic_results.txt
Shutting down, this might take some time.
Exiting because a job execution failed. Look above for error message
Complete log: .snakemake/log/2024-09-21T121132.118547.snakemake.log
