Building DAG of jobs...
Using shell: /bin/bash
Provided cores: 1 (use --cores to define parallelism)
Rules claiming more threads will be scaled down.
Conda environments: ignored
Job stats:
job               count
--------------  -------
generate_reads        1
total                 1

Select jobs to execute...
Execute 1 jobs...

[Sat Sep 21 20:09:51 2024]
localrule generate_reads:
    input: data/genome-simulations/genomes_1/fasta/individual_genome_1.fasta, data/genome-simulations/genomes_1/fasta/individual_genome_2.fasta, data/genome-simulations/genomes_2/fasta/individual_genome_1.fasta, data/genome-simulations/genomes_2/fasta/individual_genome_2.fasta, /Users/emanuelmfonseca/project/sequencing-migration/scripts/read-simulation.sh, /Users/emanuelmfonseca/project/sequencing-migration
    output: data/genome-simulations/genomes_1/fastqc/individual_genome_1.fastq.gz, data/genome-simulations/genomes_1/fastqc/individual_genome_2.fastq.gz, data/genome-simulations/genomes_2/fastqc/individual_genome_1.fastq.gz, data/genome-simulations/genomes_2/fastqc/individual_genome_2.fastq.gz
    jobid: 0
    reason: Missing output files: data/genome-simulations/genomes_2/fastqc/individual_genome_2.fastq.gz, data/genome-simulations/genomes_1/fastqc/individual_genome_2.fastq.gz, data/genome-simulations/genomes_2/fastqc/individual_genome_1.fastq.gz, data/genome-simulations/genomes_1/fastqc/individual_genome_1.fastq.gz
    resources: tmpdir=/var/folders/vr/dm12jytd28d0_z61hq3l47n40000gp/T

RuleException in rule generate_reads in file /Users/emanuelmfonseca/project/sequencing-migration/Snakefile, line 45:
AttributeError: 'Namedlist' object has no attribute '@', when formatting the following:

        fasta_files=(${input.genomes[@]})  # Convert input.input_genome to an array


        echo "$fasta_files"
        
