Building DAG of jobs...
Using shell: /bin/bash
Provided cores: 1 (use --cores to define parallelism)
Rules claiming more threads will be scaled down.
Conda environments: ignored
Job stats:
job                count
---------------  -------
4                      1
5                      1
all                    1
generate_genome        1
generate_snps          1
total                  5

Select jobs to execute...
Execute 1 jobs...

[Sun Sep 22 10:26:23 2024]
localrule generate_snps:
    input: /Users/emanuelmfonseca/project/sequencing-migration/scripts/demographic-simulation.py
    output: data/demographic-simulations/snp-matrix_1.txt, data/demographic-simulations/snp-matrix_2.txt
    jobid: 3
    reason: Missing output files: data/demographic-simulations/snp-matrix_2.txt, data/demographic-simulations/snp-matrix_1.txt; Software environment definition has changed since last execution
    resources: tmpdir=/var/folders/vr/dm12jytd28d0_z61hq3l47n40000gp/T

[Sun Sep 22 10:26:24 2024]
Finished job 3.
1 of 5 steps (20%) done
Select jobs to execute...
Execute 1 jobs...

[Sun Sep 22 10:26:24 2024]
localrule generate_genome:
    input: data/demographic-simulations/snp-matrix_1.txt, data/demographic-simulations/snp-matrix_2.txt, /Users/emanuelmfonseca/project/sequencing-migration/scripts/genome-simulation.py, /Users/emanuelmfonseca/project/sequencing-migration
    output: data/genome-simulations/genomes_1/fasta/reference_genome_1.fasta, data/genome-simulations/genomes_2/fasta/reference_genome_2.fasta, data/genome-simulations/genomes_1/fasta/individual_genome_1.fasta, data/genome-simulations/genomes_1/fasta/individual_genome_2.fasta, data/genome-simulations/genomes_2/fasta/individual_genome_1.fasta, data/genome-simulations/genomes_2/fasta/individual_genome_2.fasta
    jobid: 2
    reason: Missing output files: data/genome-simulations/genomes_2/fasta/individual_genome_1.fasta, data/genome-simulations/genomes_1/fasta/individual_genome_1.fasta, data/genome-simulations/genomes_1/fasta/individual_genome_2.fasta, data/genome-simulations/genomes_2/fasta/individual_genome_2.fasta; Input files updated by another job: data/demographic-simulations/snp-matrix_2.txt, data/demographic-simulations/snp-matrix_1.txt
    resources: tmpdir=/var/folders/vr/dm12jytd28d0_z61hq3l47n40000gp/T

[Sun Sep 22 10:26:24 2024]
Finished job 2.
2 of 5 steps (40%) done
Select jobs to execute...
Execute 1 jobs...

[Sun Sep 22 10:26:24 2024]
localrule 5:
    input: data/genome-simulations/genomes_2/fasta/individual_genome_1.fasta, data/genome-simulations/genomes_2/fasta/individual_genome_2.fasta
    output: data/genome-simulations/genomes_2/multifasta/multifasta_genome_2.fasta
    jobid: 4
    reason: Missing output files: data/genome-simulations/genomes_2/multifasta/multifasta_genome_2.fasta; Input files updated by another job: data/genome-simulations/genomes_2/fasta/individual_genome_2.fasta, data/genome-simulations/genomes_2/fasta/individual_genome_1.fasta
    resources: tmpdir=/var/folders/vr/dm12jytd28d0_z61hq3l47n40000gp/T

[Sun Sep 22 10:26:25 2024]
Finished job 4.
3 of 5 steps (60%) done
Select jobs to execute...
Execute 1 jobs...

[Sun Sep 22 10:26:25 2024]
localrule 4:
    input: data/genome-simulations/genomes_1/fasta/individual_genome_1.fasta, data/genome-simulations/genomes_1/fasta/individual_genome_2.fasta
    output: data/genome-simulations/genomes_1/multifasta/multifasta_genome_1.fasta
    jobid: 1
    reason: Missing output files: data/genome-simulations/genomes_1/multifasta/multifasta_genome_1.fasta; Input files updated by another job: data/genome-simulations/genomes_1/fasta/individual_genome_1.fasta, data/genome-simulations/genomes_1/fasta/individual_genome_2.fasta
    resources: tmpdir=/var/folders/vr/dm12jytd28d0_z61hq3l47n40000gp/T

[Sun Sep 22 10:26:25 2024]
Finished job 1.
4 of 5 steps (80%) done
Select jobs to execute...
Execute 1 jobs...

[Sun Sep 22 10:26:25 2024]
localrule all:
    input: data/genome-simulations/genomes_1/multifasta/multifasta_genome_1.fasta, data/genome-simulations/genomes_2/multifasta/multifasta_genome_2.fasta
    jobid: 0
    reason: Input files updated by another job: data/genome-simulations/genomes_2/multifasta/multifasta_genome_2.fasta, data/genome-simulations/genomes_1/multifasta/multifasta_genome_1.fasta
    resources: tmpdir=/var/folders/vr/dm12jytd28d0_z61hq3l47n40000gp/T

[Sun Sep 22 10:26:25 2024]
Finished job 0.
5 of 5 steps (100%) done
Complete log: .snakemake/log/2024-09-22T102623.863895.snakemake.log
