Building DAG of jobs...
Using shell: /bin/bash
Provided cores: 1 (use --cores to define parallelism)
Rules claiming more threads will be scaled down.
Conda environments: ignored
Job stats:
job               count
--------------  -------
all                   1
generate_fastq        1
total                 2

Select jobs to execute...
Execute 1 jobs...

[Sun Sep 22 05:50:39 2024]
localrule generate_fastq:
    input: data/genome-simulations/genomes_1/multifasta/multifasta_genome_1.fasta, data/genome-simulations/genomes_2/multifasta/multifasta_genome_2.fasta
    output: data/genome-simulations/genomes_1/fastqc/genome_1_fastqc.html, data/genome-simulations/genomes_2/fastqc/genome_2_fastqc.html
    jobid: 1
    reason: Missing output files: data/genome-simulations/genomes_1/fastqc/genome_1_fastqc.html, data/genome-simulations/genomes_2/fastqc/genome_2_fastqc.html
    resources: tmpdir=/var/folders/vr/dm12jytd28d0_z61hq3l47n40000gp/T

[Sun Sep 22 05:50:40 2024]
Error in rule generate_fastq:
    jobid: 1
    input: data/genome-simulations/genomes_1/multifasta/multifasta_genome_1.fasta, data/genome-simulations/genomes_2/multifasta/multifasta_genome_2.fasta
    output: data/genome-simulations/genomes_1/fastqc/genome_1_fastqc.html, data/genome-simulations/genomes_2/fastqc/genome_2_fastqc.html
    conda-env: /Users/emanuelmfonseca/project/sequencing-migration/.snakemake/conda/cce32f2bce268a135b12d86d179a18d6_
    shell:
        
        iss generate --model hiseq --genomes data/genome-simulations/genomes_1/multifasta/multifasta_genome_1.fasta data/genome-simulations/genomes_2/multifasta/multifasta_genome_2.fasta --n_reads 10000 --cpus 4 --output data/genome-simulations/genomes_1/fastqc/genome_1_fastqc.html data/genome-simulations/genomes_2/fastqc/genome_2_fastqc.html

        
        (one of the commands exited with non-zero exit code; note that snakemake uses bash strict mode!)

Shutting down, this might take some time.
Exiting because a job execution failed. Look above for error message
Complete log: .snakemake/log/2024-09-22T055039.324966.snakemake.log
WorkflowError:
At least one job did not complete successfully.
