Building DAG of jobs...
Using shell: /bin/bash
Provided cores: 4
Rules claiming more threads will be scaled down.
Conda environments: ignored
Job stats:
job                count
---------------  -------
10                     1
11                     1
12                     1
13                     1
14                     1
15                     1
16                     1
17                     1
18                     1
19                     1
20                     1
21                     1
22                     1
23                     1
24                     1
25                     1
26                     1
27                     1
28                     1
29                     1
30                     1
31                     1
4                      1
5                      1
6                      1
7                      1
8                      1
9                      1
all                    1
generate_genome        1
generate_snps          1
total                 31

Select jobs to execute...
Execute 1 jobs...

[Sun Sep 22 15:31:52 2024]
localrule generate_snps:
    input: /Users/emanuelmfonseca/project/sequencing-migration/scripts/demographic-simulation.py
    output: data/demographic-simulations/snp-matrix_1.txt, data/demographic-simulations/snp-matrix_2.txt, data/demographic-simulations/snp-matrix_3.txt, data/demographic-simulations/snp-matrix_4.txt
    jobid: 5
    reason: Missing output files: data/demographic-simulations/snp-matrix_4.txt, data/demographic-simulations/snp-matrix_3.txt, data/demographic-simulations/snp-matrix_2.txt, data/demographic-simulations/snp-matrix_1.txt; Code has changed since last execution; Params have changed since last execution; Software environment definition has changed since last execution
    resources: tmpdir=/var/folders/vr/dm12jytd28d0_z61hq3l47n40000gp/T

[Sun Sep 22 15:31:52 2024]
Finished job 5.
1 of 31 steps (3%) done
Select jobs to execute...
Execute 1 jobs...

[Sun Sep 22 15:31:52 2024]
localrule generate_genome:
    input: data/demographic-simulations/snp-matrix_1.txt, data/demographic-simulations/snp-matrix_2.txt, data/demographic-simulations/snp-matrix_3.txt, data/demographic-simulations/snp-matrix_4.txt, /Users/emanuelmfonseca/project/sequencing-migration/scripts/genome-simulation.py, /Users/emanuelmfonseca/project/sequencing-migration
    output: data/genome-simulations/genomes_1/fasta/reference_genome_1.fasta, data/genome-simulations/genomes_2/fasta/reference_genome_2.fasta, data/genome-simulations/genomes_3/fasta/reference_genome_3.fasta, data/genome-simulations/genomes_4/fasta/reference_genome_4.fasta, data/genome-simulations/genomes_1/fasta/individual_genome_1.fasta, data/genome-simulations/genomes_1/fasta/individual_genome_2.fasta, data/genome-simulations/genomes_2/fasta/individual_genome_1.fasta, data/genome-simulations/genomes_2/fasta/individual_genome_2.fasta, data/genome-simulations/genomes_3/fasta/individual_genome_1.fasta, data/genome-simulations/genomes_3/fasta/individual_genome_2.fasta, data/genome-simulations/genomes_4/fasta/individual_genome_1.fasta, data/genome-simulations/genomes_4/fasta/individual_genome_2.fasta
    jobid: 4
    reason: Missing output files: data/genome-simulations/genomes_3/fasta/individual_genome_1.fasta, data/genome-simulations/genomes_2/fasta/individual_genome_1.fasta, data/genome-simulations/genomes_1/fasta/individual_genome_2.fasta, data/genome-simulations/genomes_3/fasta/individual_genome_2.fasta, data/genome-simulations/genomes_2/fasta/reference_genome_2.fasta, data/genome-simulations/genomes_4/fasta/individual_genome_2.fasta, data/genome-simulations/genomes_3/fasta/reference_genome_3.fasta, data/genome-simulations/genomes_4/fasta/reference_genome_4.fasta, data/genome-simulations/genomes_2/fasta/individual_genome_2.fasta, data/genome-simulations/genomes_1/fasta/reference_genome_1.fasta, data/genome-simulations/genomes_4/fasta/individual_genome_1.fasta, data/genome-simulations/genomes_1/fasta/individual_genome_1.fasta; Input files updated by another job: data/demographic-simulations/snp-matrix_4.txt, data/demographic-simulations/snp-matrix_3.txt, data/demographic-simulations/snp-matrix_2.txt, data/demographic-simulations/snp-matrix_1.txt
    resources: tmpdir=/var/folders/vr/dm12jytd28d0_z61hq3l47n40000gp/T

[Sun Sep 22 15:31:53 2024]
Finished job 4.
2 of 31 steps (6%) done
Select jobs to execute...
Execute 4 jobs...

[Sun Sep 22 15:31:53 2024]
localrule 6:
    input: data/genome-simulations/genomes_3/fasta/individual_genome_1.fasta, data/genome-simulations/genomes_3/fasta/individual_genome_2.fasta
    output: data/genome-simulations/genomes_3/multifasta/multifasta_genome_3.fasta
    jobid: 11
    reason: Missing output files: data/genome-simulations/genomes_3/multifasta/multifasta_genome_3.fasta; Input files updated by another job: data/genome-simulations/genomes_3/fasta/individual_genome_1.fasta, data/genome-simulations/genomes_3/fasta/individual_genome_2.fasta
    resources: tmpdir=/var/folders/vr/dm12jytd28d0_z61hq3l47n40000gp/T


[Sun Sep 22 15:31:53 2024]
localrule 31:
    input: data/genome-simulations/genomes_4/fasta/reference_genome_4.fasta
    output: data/genome-simulations/genomes_4/fasta/reference_genome_4.fasta.amb, data/genome-simulations/genomes_4/fasta/reference_genome_4.fasta.ann, data/genome-simulations/genomes_4/fasta/reference_genome_4.fasta.bwt, data/genome-simulations/genomes_4/fasta/reference_genome_4.fasta.pac, data/genome-simulations/genomes_4/fasta/reference_genome_4.fasta.sa, data/genome-simulations/genomes_4/fasta/reference_genome_4.fasta.fai, data/genome-simulations/genomes_4/fasta/reference_genome_4.dict
    jobid: 30
    reason: Missing output files: data/genome-simulations/genomes_4/fasta/reference_genome_4.fasta.bwt, data/genome-simulations/genomes_4/fasta/reference_genome_4.fasta.pac, data/genome-simulations/genomes_4/fasta/reference_genome_4.fasta.fai, data/genome-simulations/genomes_4/fasta/reference_genome_4.fasta.ann, data/genome-simulations/genomes_4/fasta/reference_genome_4.dict, data/genome-simulations/genomes_4/fasta/reference_genome_4.fasta.sa, data/genome-simulations/genomes_4/fasta/reference_genome_4.fasta.amb; Input files updated by another job: data/genome-simulations/genomes_4/fasta/reference_genome_4.fasta
    resources: tmpdir=/var/folders/vr/dm12jytd28d0_z61hq3l47n40000gp/T


[Sun Sep 22 15:31:53 2024]
localrule 5:
    input: data/genome-simulations/genomes_2/fasta/individual_genome_1.fasta, data/genome-simulations/genomes_2/fasta/individual_genome_2.fasta
    output: data/genome-simulations/genomes_2/multifasta/multifasta_genome_2.fasta
    jobid: 8
    reason: Missing output files: data/genome-simulations/genomes_2/multifasta/multifasta_genome_2.fasta; Input files updated by another job: data/genome-simulations/genomes_2/fasta/individual_genome_1.fasta, data/genome-simulations/genomes_2/fasta/individual_genome_2.fasta
    resources: tmpdir=/var/folders/vr/dm12jytd28d0_z61hq3l47n40000gp/T


[Sun Sep 22 15:31:53 2024]
localrule 29:
    input: data/genome-simulations/genomes_2/fasta/reference_genome_2.fasta
    output: data/genome-simulations/genomes_2/fasta/reference_genome_2.fasta.amb, data/genome-simulations/genomes_2/fasta/reference_genome_2.fasta.ann, data/genome-simulations/genomes_2/fasta/reference_genome_2.fasta.bwt, data/genome-simulations/genomes_2/fasta/reference_genome_2.fasta.pac, data/genome-simulations/genomes_2/fasta/reference_genome_2.fasta.sa, data/genome-simulations/genomes_2/fasta/reference_genome_2.fasta.fai, data/genome-simulations/genomes_2/fasta/reference_genome_2.dict
    jobid: 28
    reason: Missing output files: data/genome-simulations/genomes_2/fasta/reference_genome_2.fasta.amb, data/genome-simulations/genomes_2/fasta/reference_genome_2.dict, data/genome-simulations/genomes_2/fasta/reference_genome_2.fasta.bwt, data/genome-simulations/genomes_2/fasta/reference_genome_2.fasta.ann, data/genome-simulations/genomes_2/fasta/reference_genome_2.fasta.fai, data/genome-simulations/genomes_2/fasta/reference_genome_2.fasta.pac, data/genome-simulations/genomes_2/fasta/reference_genome_2.fasta.sa; Input files updated by another job: data/genome-simulations/genomes_2/fasta/reference_genome_2.fasta
    resources: tmpdir=/var/folders/vr/dm12jytd28d0_z61hq3l47n40000gp/T

[Sun Sep 22 15:31:53 2024]
Finished job 11.
3 of 31 steps (10%) done
[Sun Sep 22 15:31:53 2024]
Finished job 8.
4 of 31 steps (13%) done
Select jobs to execute...
Execute 2 jobs...

[Sun Sep 22 15:31:53 2024]
localrule 30:
    input: data/genome-simulations/genomes_3/fasta/reference_genome_3.fasta
    output: data/genome-simulations/genomes_3/fasta/reference_genome_3.fasta.amb, data/genome-simulations/genomes_3/fasta/reference_genome_3.fasta.ann, data/genome-simulations/genomes_3/fasta/reference_genome_3.fasta.bwt, data/genome-simulations/genomes_3/fasta/reference_genome_3.fasta.pac, data/genome-simulations/genomes_3/fasta/reference_genome_3.fasta.sa, data/genome-simulations/genomes_3/fasta/reference_genome_3.fasta.fai, data/genome-simulations/genomes_3/fasta/reference_genome_3.dict
    jobid: 29
    reason: Missing output files: data/genome-simulations/genomes_3/fasta/reference_genome_3.dict, data/genome-simulations/genomes_3/fasta/reference_genome_3.fasta.fai, data/genome-simulations/genomes_3/fasta/reference_genome_3.fasta.amb, data/genome-simulations/genomes_3/fasta/reference_genome_3.fasta.ann, data/genome-simulations/genomes_3/fasta/reference_genome_3.fasta.bwt, data/genome-simulations/genomes_3/fasta/reference_genome_3.fasta.pac, data/genome-simulations/genomes_3/fasta/reference_genome_3.fasta.sa; Input files updated by another job: data/genome-simulations/genomes_3/fasta/reference_genome_3.fasta
    resources: tmpdir=/var/folders/vr/dm12jytd28d0_z61hq3l47n40000gp/T


[Sun Sep 22 15:31:53 2024]
localrule 7:
    input: data/genome-simulations/genomes_4/fasta/individual_genome_1.fasta, data/genome-simulations/genomes_4/fasta/individual_genome_2.fasta
    output: data/genome-simulations/genomes_4/multifasta/multifasta_genome_4.fasta
    jobid: 14
    reason: Missing output files: data/genome-simulations/genomes_4/multifasta/multifasta_genome_4.fasta; Input files updated by another job: data/genome-simulations/genomes_4/fasta/individual_genome_1.fasta, data/genome-simulations/genomes_4/fasta/individual_genome_2.fasta
    resources: tmpdir=/var/folders/vr/dm12jytd28d0_z61hq3l47n40000gp/T

Select jobs to execute...
[Sun Sep 22 15:31:53 2024]
Finished job 14.
5 of 31 steps (16%) done
Execute 1 jobs...

[Sun Sep 22 15:31:53 2024]
localrule 11:
    input: data/genome-simulations/genomes_4/multifasta/multifasta_genome_4.fasta
    output: data/genome-simulations/genomes_4/fastq/genome_4_R1.fastq, data/genome-simulations/genomes_4/fastq/genome_4_R2.fastq
    jobid: 13
    reason: Missing output files: data/genome-simulations/genomes_4/fastq/genome_4_R1.fastq, data/genome-simulations/genomes_4/fastq/genome_4_R2.fastq; Input files updated by another job: data/genome-simulations/genomes_4/multifasta/multifasta_genome_4.fasta
    resources: tmpdir=/var/folders/vr/dm12jytd28d0_z61hq3l47n40000gp/T

[Sun Sep 22 15:31:54 2024]
Finished job 28.
6 of 31 steps (19%) done
Select jobs to execute...
Execute 1 jobs...

[Sun Sep 22 15:31:54 2024]
localrule 10:
    input: data/genome-simulations/genomes_3/multifasta/multifasta_genome_3.fasta
    output: data/genome-simulations/genomes_3/fastq/genome_3_R1.fastq, data/genome-simulations/genomes_3/fastq/genome_3_R2.fastq
    jobid: 10
    reason: Missing output files: data/genome-simulations/genomes_3/fastq/genome_3_R2.fastq, data/genome-simulations/genomes_3/fastq/genome_3_R1.fastq; Input files updated by another job: data/genome-simulations/genomes_3/multifasta/multifasta_genome_3.fasta
    resources: tmpdir=/var/folders/vr/dm12jytd28d0_z61hq3l47n40000gp/T

[Sun Sep 22 15:31:54 2024]
Finished job 29.
7 of 31 steps (23%) done
Select jobs to execute...
Execute 1 jobs...

[Sun Sep 22 15:31:54 2024]
localrule 4:
    input: data/genome-simulations/genomes_1/fasta/individual_genome_1.fasta, data/genome-simulations/genomes_1/fasta/individual_genome_2.fasta
    output: data/genome-simulations/genomes_1/multifasta/multifasta_genome_1.fasta
    jobid: 3
    reason: Missing output files: data/genome-simulations/genomes_1/multifasta/multifasta_genome_1.fasta; Input files updated by another job: data/genome-simulations/genomes_1/fasta/individual_genome_2.fasta, data/genome-simulations/genomes_1/fasta/individual_genome_1.fasta
    resources: tmpdir=/var/folders/vr/dm12jytd28d0_z61hq3l47n40000gp/T

[Sun Sep 22 15:31:54 2024]
Finished job 30.
8 of 31 steps (26%) done
Select jobs to execute...
Execute 1 jobs...

[Sun Sep 22 15:31:54 2024]
localrule 28:
    input: data/genome-simulations/genomes_1/fasta/reference_genome_1.fasta
    output: data/genome-simulations/genomes_1/fasta/reference_genome_1.fasta.amb, data/genome-simulations/genomes_1/fasta/reference_genome_1.fasta.ann, data/genome-simulations/genomes_1/fasta/reference_genome_1.fasta.bwt, data/genome-simulations/genomes_1/fasta/reference_genome_1.fasta.pac, data/genome-simulations/genomes_1/fasta/reference_genome_1.fasta.sa, data/genome-simulations/genomes_1/fasta/reference_genome_1.fasta.fai, data/genome-simulations/genomes_1/fasta/reference_genome_1.dict
    jobid: 27
    reason: Missing output files: data/genome-simulations/genomes_1/fasta/reference_genome_1.fasta.amb, data/genome-simulations/genomes_1/fasta/reference_genome_1.fasta.ann, data/genome-simulations/genomes_1/fasta/reference_genome_1.fasta.fai, data/genome-simulations/genomes_1/fasta/reference_genome_1.dict, data/genome-simulations/genomes_1/fasta/reference_genome_1.fasta.pac, data/genome-simulations/genomes_1/fasta/reference_genome_1.fasta.bwt, data/genome-simulations/genomes_1/fasta/reference_genome_1.fasta.sa; Input files updated by another job: data/genome-simulations/genomes_1/fasta/reference_genome_1.fasta
    resources: tmpdir=/var/folders/vr/dm12jytd28d0_z61hq3l47n40000gp/T

[Sun Sep 22 15:31:54 2024]
Finished job 3.
9 of 31 steps (29%) done
Select jobs to execute...
Execute 1 jobs...

[Sun Sep 22 15:31:54 2024]
localrule 8:
    input: data/genome-simulations/genomes_1/multifasta/multifasta_genome_1.fasta
    output: data/genome-simulations/genomes_1/fastq/genome_1_R1.fastq, data/genome-simulations/genomes_1/fastq/genome_1_R2.fastq
    jobid: 2
    reason: Missing output files: data/genome-simulations/genomes_1/fastq/genome_1_R2.fastq, data/genome-simulations/genomes_1/fastq/genome_1_R1.fastq; Input files updated by another job: data/genome-simulations/genomes_1/multifasta/multifasta_genome_1.fasta
    resources: tmpdir=/var/folders/vr/dm12jytd28d0_z61hq3l47n40000gp/T

[Sun Sep 22 15:31:54 2024]
Finished job 13.
10 of 31 steps (32%) done
Select jobs to execute...
Execute 1 jobs...

[Sun Sep 22 15:31:54 2024]
localrule 15:
    input: data/genome-simulations/genomes_4/fastq/genome_4_R1.fastq, data/genome-simulations/genomes_4/fastq/genome_4_R2.fastq
    output: data/genome-simulations/genomes_4/qc/genome_4_R1_fastqc.html, data/genome-simulations/genomes_4/qc/genome_4_R2_fastqc.html
    jobid: 12
    reason: Missing output files: data/genome-simulations/genomes_4/qc/genome_4_R1_fastqc.html, data/genome-simulations/genomes_4/qc/genome_4_R2_fastqc.html; Input files updated by another job: data/genome-simulations/genomes_4/fastq/genome_4_R1.fastq, data/genome-simulations/genomes_4/fastq/genome_4_R2.fastq
    resources: tmpdir=/var/folders/vr/dm12jytd28d0_z61hq3l47n40000gp/T

[Sun Sep 22 15:31:55 2024]
Finished job 27.
11 of 31 steps (35%) done
Select jobs to execute...
Execute 1 jobs...

[Sun Sep 22 15:31:55 2024]
localrule 19:
    input: data/genome-simulations/genomes_4/fastq/genome_4_R1.fastq, data/genome-simulations/genomes_4/fastq/genome_4_R2.fastq
    output: data/genome-simulations/genomes_4/fastq_trimmed/genome_4_R1_trimmed.fastq, data/genome-simulations/genomes_4/fastq_trimmed/genome_4_R2_trimmed.fastq, data/genome-simulations/genomes_4/fastq_trimmed/trimmomatic_4.log
    jobid: 22
    reason: Missing output files: data/genome-simulations/genomes_4/fastq_trimmed/genome_4_R2_trimmed.fastq, data/genome-simulations/genomes_4/fastq_trimmed/genome_4_R1_trimmed.fastq; Input files updated by another job: data/genome-simulations/genomes_4/fastq/genome_4_R1.fastq, data/genome-simulations/genomes_4/fastq/genome_4_R2.fastq
    resources: tmpdir=/var/folders/vr/dm12jytd28d0_z61hq3l47n40000gp/T

[Sun Sep 22 15:31:55 2024]
Finished job 22.
12 of 31 steps (39%) done
Select jobs to execute...
Execute 1 jobs...

[Sun Sep 22 15:31:55 2024]
localrule 27:
    input: data/genome-simulations/genomes_4/fastq_trimmed/genome_4_R1_trimmed.fastq, data/genome-simulations/genomes_4/fastq_trimmed/genome_4_R2_trimmed.fastq
    output: data/genome-simulations/genomes_4/demultiplexed/sample_1/genome_4_Ind1_R1_demultiplexed.fastq, data/genome-simulations/genomes_4/demultiplexed/sample_1/genome_4_Ind1_R2_demultiplexed.fastq, data/genome-simulations/genomes_4/demultiplexed/sample_2/genome_4_Ind2_R1_demultiplexed.fastq, data/genome-simulations/genomes_4/demultiplexed/sample_2/genome_4_Ind2_R2_demultiplexed.fastq
    jobid: 26
    reason: Missing output files: data/genome-simulations/genomes_4/demultiplexed/sample_2/genome_4_Ind2_R2_demultiplexed.fastq, data/genome-simulations/genomes_4/demultiplexed/sample_1/genome_4_Ind1_R1_demultiplexed.fastq, data/genome-simulations/genomes_4/demultiplexed/sample_1/genome_4_Ind1_R2_demultiplexed.fastq, data/genome-simulations/genomes_4/demultiplexed/sample_2/genome_4_Ind2_R1_demultiplexed.fastq; Input files updated by another job: data/genome-simulations/genomes_4/fastq_trimmed/genome_4_R2_trimmed.fastq, data/genome-simulations/genomes_4/fastq_trimmed/genome_4_R1_trimmed.fastq
    resources: tmpdir=/var/folders/vr/dm12jytd28d0_z61hq3l47n40000gp/T

[Sun Sep 22 15:31:55 2024]
Finished job 10.
13 of 31 steps (42%) done
Select jobs to execute...
Execute 1 jobs...

[Sun Sep 22 15:31:55 2024]
localrule 18:
    input: data/genome-simulations/genomes_3/fastq/genome_3_R1.fastq, data/genome-simulations/genomes_3/fastq/genome_3_R2.fastq
    output: data/genome-simulations/genomes_3/fastq_trimmed/genome_3_R1_trimmed.fastq, data/genome-simulations/genomes_3/fastq_trimmed/genome_3_R2_trimmed.fastq, data/genome-simulations/genomes_3/fastq_trimmed/trimmomatic_3.log
    jobid: 20
    reason: Missing output files: data/genome-simulations/genomes_3/fastq_trimmed/genome_3_R1_trimmed.fastq, data/genome-simulations/genomes_3/fastq_trimmed/genome_3_R2_trimmed.fastq; Input files updated by another job: data/genome-simulations/genomes_3/fastq/genome_3_R2.fastq, data/genome-simulations/genomes_3/fastq/genome_3_R1.fastq
    resources: tmpdir=/var/folders/vr/dm12jytd28d0_z61hq3l47n40000gp/T

[Sun Sep 22 15:31:55 2024]
Finished job 26.
14 of 31 steps (45%) done
Select jobs to execute...
Execute 1 jobs...

[Sun Sep 22 15:31:55 2024]
localrule 23:
    input: data/genome-simulations/genomes_4/fastq_trimmed/genome_4_R1_trimmed.fastq, data/genome-simulations/genomes_4/fastq_trimmed/genome_4_R2_trimmed.fastq
    output: data/genome-simulations/genomes_4/qc_trimmed/genome_4_R1_trimmed_fastqc.html, data/genome-simulations/genomes_4/qc_trimmed/genome_4_R2_trimmed_fastqc.html
    jobid: 21
    reason: Missing output files: data/genome-simulations/genomes_4/qc_trimmed/genome_4_R2_trimmed_fastqc.html, data/genome-simulations/genomes_4/qc_trimmed/genome_4_R1_trimmed_fastqc.html; Input files updated by another job: data/genome-simulations/genomes_4/fastq_trimmed/genome_4_R2_trimmed.fastq, data/genome-simulations/genomes_4/fastq_trimmed/genome_4_R1_trimmed.fastq
    resources: tmpdir=/var/folders/vr/dm12jytd28d0_z61hq3l47n40000gp/T

[Sun Sep 22 15:31:55 2024]
Finished job 20.
15 of 31 steps (48%) done
Select jobs to execute...
Execute 1 jobs...

[Sun Sep 22 15:31:55 2024]
localrule 9:
    input: data/genome-simulations/genomes_2/multifasta/multifasta_genome_2.fasta
    output: data/genome-simulations/genomes_2/fastq/genome_2_R1.fastq, data/genome-simulations/genomes_2/fastq/genome_2_R2.fastq
    jobid: 7
    reason: Missing output files: data/genome-simulations/genomes_2/fastq/genome_2_R2.fastq, data/genome-simulations/genomes_2/fastq/genome_2_R1.fastq; Input files updated by another job: data/genome-simulations/genomes_2/multifasta/multifasta_genome_2.fasta
    resources: tmpdir=/var/folders/vr/dm12jytd28d0_z61hq3l47n40000gp/T

[Sun Sep 22 15:31:55 2024]
Finished job 2.
16 of 31 steps (52%) done
Select jobs to execute...
Execute 1 jobs...

[Sun Sep 22 15:31:55 2024]
localrule 26:
    input: data/genome-simulations/genomes_3/fastq_trimmed/genome_3_R1_trimmed.fastq, data/genome-simulations/genomes_3/fastq_trimmed/genome_3_R2_trimmed.fastq
    output: data/genome-simulations/genomes_3/demultiplexed/sample_1/genome_3_Ind1_R1_demultiplexed.fastq, data/genome-simulations/genomes_3/demultiplexed/sample_1/genome_3_Ind1_R2_demultiplexed.fastq, data/genome-simulations/genomes_3/demultiplexed/sample_2/genome_3_Ind2_R1_demultiplexed.fastq, data/genome-simulations/genomes_3/demultiplexed/sample_2/genome_3_Ind2_R2_demultiplexed.fastq
    jobid: 25
    reason: Missing output files: data/genome-simulations/genomes_3/demultiplexed/sample_1/genome_3_Ind1_R1_demultiplexed.fastq, data/genome-simulations/genomes_3/demultiplexed/sample_2/genome_3_Ind2_R1_demultiplexed.fastq, data/genome-simulations/genomes_3/demultiplexed/sample_1/genome_3_Ind1_R2_demultiplexed.fastq, data/genome-simulations/genomes_3/demultiplexed/sample_2/genome_3_Ind2_R2_demultiplexed.fastq; Input files updated by another job: data/genome-simulations/genomes_3/fastq_trimmed/genome_3_R1_trimmed.fastq, data/genome-simulations/genomes_3/fastq_trimmed/genome_3_R2_trimmed.fastq
    resources: tmpdir=/var/folders/vr/dm12jytd28d0_z61hq3l47n40000gp/T

[Sun Sep 22 15:31:55 2024]
Finished job 25.
17 of 31 steps (55%) done
Select jobs to execute...
Execute 1 jobs...

[Sun Sep 22 15:31:55 2024]
localrule 12:
    input: data/genome-simulations/genomes_1/fastq/genome_1_R1.fastq, data/genome-simulations/genomes_1/fastq/genome_1_R2.fastq
    output: data/genome-simulations/genomes_1/qc/genome_1_R1_fastqc.html, data/genome-simulations/genomes_1/qc/genome_1_R2_fastqc.html
    jobid: 1
    reason: Missing output files: data/genome-simulations/genomes_1/qc/genome_1_R1_fastqc.html, data/genome-simulations/genomes_1/qc/genome_1_R2_fastqc.html; Input files updated by another job: data/genome-simulations/genomes_1/fastq/genome_1_R2.fastq, data/genome-simulations/genomes_1/fastq/genome_1_R1.fastq
    resources: tmpdir=/var/folders/vr/dm12jytd28d0_z61hq3l47n40000gp/T

[Sun Sep 22 15:31:57 2024]
Finished job 7.
18 of 31 steps (58%) done
Select jobs to execute...
Execute 1 jobs...

[Sun Sep 22 15:31:57 2024]
localrule 22:
    input: data/genome-simulations/genomes_3/fastq_trimmed/genome_3_R1_trimmed.fastq, data/genome-simulations/genomes_3/fastq_trimmed/genome_3_R2_trimmed.fastq
    output: data/genome-simulations/genomes_3/qc_trimmed/genome_3_R1_trimmed_fastqc.html, data/genome-simulations/genomes_3/qc_trimmed/genome_3_R2_trimmed_fastqc.html
    jobid: 19
    reason: Missing output files: data/genome-simulations/genomes_3/qc_trimmed/genome_3_R1_trimmed_fastqc.html, data/genome-simulations/genomes_3/qc_trimmed/genome_3_R2_trimmed_fastqc.html; Input files updated by another job: data/genome-simulations/genomes_3/fastq_trimmed/genome_3_R1_trimmed.fastq, data/genome-simulations/genomes_3/fastq_trimmed/genome_3_R2_trimmed.fastq
    resources: tmpdir=/var/folders/vr/dm12jytd28d0_z61hq3l47n40000gp/T

[Sun Sep 22 15:32:00 2024]
Finished job 21.
19 of 31 steps (61%) done
Select jobs to execute...
Execute 1 jobs...

[Sun Sep 22 15:32:00 2024]
localrule 13:
    input: data/genome-simulations/genomes_2/fastq/genome_2_R1.fastq, data/genome-simulations/genomes_2/fastq/genome_2_R2.fastq
    output: data/genome-simulations/genomes_2/qc/genome_2_R1_fastqc.html, data/genome-simulations/genomes_2/qc/genome_2_R2_fastqc.html
    jobid: 6
    reason: Missing output files: data/genome-simulations/genomes_2/qc/genome_2_R2_fastqc.html, data/genome-simulations/genomes_2/qc/genome_2_R1_fastqc.html; Input files updated by another job: data/genome-simulations/genomes_2/fastq/genome_2_R2.fastq, data/genome-simulations/genomes_2/fastq/genome_2_R1.fastq
    resources: tmpdir=/var/folders/vr/dm12jytd28d0_z61hq3l47n40000gp/T

[Sun Sep 22 15:32:00 2024]
Finished job 12.
20 of 31 steps (65%) done
Select jobs to execute...
Execute 1 jobs...

[Sun Sep 22 15:32:00 2024]
localrule 16:
    input: data/genome-simulations/genomes_1/fastq/genome_1_R1.fastq, data/genome-simulations/genomes_1/fastq/genome_1_R2.fastq
    output: data/genome-simulations/genomes_1/fastq_trimmed/genome_1_R1_trimmed.fastq, data/genome-simulations/genomes_1/fastq_trimmed/genome_1_R2_trimmed.fastq, data/genome-simulations/genomes_1/fastq_trimmed/trimmomatic_1.log
    jobid: 16
    reason: Missing output files: data/genome-simulations/genomes_1/fastq_trimmed/genome_1_R2_trimmed.fastq, data/genome-simulations/genomes_1/fastq_trimmed/genome_1_R1_trimmed.fastq; Input files updated by another job: data/genome-simulations/genomes_1/fastq/genome_1_R2.fastq, data/genome-simulations/genomes_1/fastq/genome_1_R1.fastq
    resources: tmpdir=/var/folders/vr/dm12jytd28d0_z61hq3l47n40000gp/T

[Sun Sep 22 15:32:00 2024]
Finished job 16.
21 of 31 steps (68%) done
Select jobs to execute...
Execute 1 jobs...

[Sun Sep 22 15:32:00 2024]
localrule 24:
    input: data/genome-simulations/genomes_1/fastq_trimmed/genome_1_R1_trimmed.fastq, data/genome-simulations/genomes_1/fastq_trimmed/genome_1_R2_trimmed.fastq
    output: data/genome-simulations/genomes_1/demultiplexed/sample_1/genome_1_Ind1_R1_demultiplexed.fastq, data/genome-simulations/genomes_1/demultiplexed/sample_1/genome_1_Ind1_R2_demultiplexed.fastq, data/genome-simulations/genomes_1/demultiplexed/sample_2/genome_1_Ind2_R1_demultiplexed.fastq, data/genome-simulations/genomes_1/demultiplexed/sample_2/genome_1_Ind2_R2_demultiplexed.fastq
    jobid: 23
    reason: Missing output files: data/genome-simulations/genomes_1/demultiplexed/sample_2/genome_1_Ind2_R1_demultiplexed.fastq, data/genome-simulations/genomes_1/demultiplexed/sample_1/genome_1_Ind1_R2_demultiplexed.fastq, data/genome-simulations/genomes_1/demultiplexed/sample_2/genome_1_Ind2_R2_demultiplexed.fastq, data/genome-simulations/genomes_1/demultiplexed/sample_1/genome_1_Ind1_R1_demultiplexed.fastq; Input files updated by another job: data/genome-simulations/genomes_1/fastq_trimmed/genome_1_R2_trimmed.fastq, data/genome-simulations/genomes_1/fastq_trimmed/genome_1_R1_trimmed.fastq
    resources: tmpdir=/var/folders/vr/dm12jytd28d0_z61hq3l47n40000gp/T

[Sun Sep 22 15:32:00 2024]
Finished job 23.
22 of 31 steps (71%) done
Select jobs to execute...
Execute 1 jobs...

[Sun Sep 22 15:32:00 2024]
localrule 17:
    input: data/genome-simulations/genomes_2/fastq/genome_2_R1.fastq, data/genome-simulations/genomes_2/fastq/genome_2_R2.fastq
    output: data/genome-simulations/genomes_2/fastq_trimmed/genome_2_R1_trimmed.fastq, data/genome-simulations/genomes_2/fastq_trimmed/genome_2_R2_trimmed.fastq, data/genome-simulations/genomes_2/fastq_trimmed/trimmomatic_2.log
    jobid: 18
    reason: Missing output files: data/genome-simulations/genomes_2/fastq_trimmed/genome_2_R1_trimmed.fastq, data/genome-simulations/genomes_2/fastq_trimmed/genome_2_R2_trimmed.fastq; Input files updated by another job: data/genome-simulations/genomes_2/fastq/genome_2_R2.fastq, data/genome-simulations/genomes_2/fastq/genome_2_R1.fastq
    resources: tmpdir=/var/folders/vr/dm12jytd28d0_z61hq3l47n40000gp/T

[Sun Sep 22 15:32:00 2024]
Finished job 18.
23 of 31 steps (74%) done
Select jobs to execute...
Execute 1 jobs...

[Sun Sep 22 15:32:00 2024]
localrule 25:
    input: data/genome-simulations/genomes_2/fastq_trimmed/genome_2_R1_trimmed.fastq, data/genome-simulations/genomes_2/fastq_trimmed/genome_2_R2_trimmed.fastq
    output: data/genome-simulations/genomes_2/demultiplexed/sample_1/genome_2_Ind1_R1_demultiplexed.fastq, data/genome-simulations/genomes_2/demultiplexed/sample_1/genome_2_Ind1_R2_demultiplexed.fastq, data/genome-simulations/genomes_2/demultiplexed/sample_2/genome_2_Ind2_R1_demultiplexed.fastq, data/genome-simulations/genomes_2/demultiplexed/sample_2/genome_2_Ind2_R2_demultiplexed.fastq
    jobid: 24
    reason: Missing output files: data/genome-simulations/genomes_2/demultiplexed/sample_2/genome_2_Ind2_R2_demultiplexed.fastq, data/genome-simulations/genomes_2/demultiplexed/sample_1/genome_2_Ind1_R2_demultiplexed.fastq, data/genome-simulations/genomes_2/demultiplexed/sample_2/genome_2_Ind2_R1_demultiplexed.fastq, data/genome-simulations/genomes_2/demultiplexed/sample_1/genome_2_Ind1_R1_demultiplexed.fastq; Input files updated by another job: data/genome-simulations/genomes_2/fastq_trimmed/genome_2_R1_trimmed.fastq, data/genome-simulations/genomes_2/fastq_trimmed/genome_2_R2_trimmed.fastq
    resources: tmpdir=/var/folders/vr/dm12jytd28d0_z61hq3l47n40000gp/T

[Sun Sep 22 15:32:00 2024]
Finished job 24.
24 of 31 steps (77%) done
Select jobs to execute...
Execute 1 jobs...

[Sun Sep 22 15:32:00 2024]
localrule 21:
    input: data/genome-simulations/genomes_2/fastq_trimmed/genome_2_R1_trimmed.fastq, data/genome-simulations/genomes_2/fastq_trimmed/genome_2_R2_trimmed.fastq
    output: data/genome-simulations/genomes_2/qc_trimmed/genome_2_R1_trimmed_fastqc.html, data/genome-simulations/genomes_2/qc_trimmed/genome_2_R2_trimmed_fastqc.html
    jobid: 17
    reason: Missing output files: data/genome-simulations/genomes_2/qc_trimmed/genome_2_R2_trimmed_fastqc.html, data/genome-simulations/genomes_2/qc_trimmed/genome_2_R1_trimmed_fastqc.html; Input files updated by another job: data/genome-simulations/genomes_2/fastq_trimmed/genome_2_R1_trimmed.fastq, data/genome-simulations/genomes_2/fastq_trimmed/genome_2_R2_trimmed.fastq
    resources: tmpdir=/var/folders/vr/dm12jytd28d0_z61hq3l47n40000gp/T

[Sun Sep 22 15:32:01 2024]
Finished job 1.
25 of 31 steps (81%) done
Select jobs to execute...
Execute 1 jobs...

[Sun Sep 22 15:32:01 2024]
localrule 20:
    input: data/genome-simulations/genomes_1/fastq_trimmed/genome_1_R1_trimmed.fastq, data/genome-simulations/genomes_1/fastq_trimmed/genome_1_R2_trimmed.fastq
    output: data/genome-simulations/genomes_1/qc_trimmed/genome_1_R1_trimmed_fastqc.html, data/genome-simulations/genomes_1/qc_trimmed/genome_1_R2_trimmed_fastqc.html
    jobid: 15
    reason: Missing output files: data/genome-simulations/genomes_1/qc_trimmed/genome_1_R1_trimmed_fastqc.html, data/genome-simulations/genomes_1/qc_trimmed/genome_1_R2_trimmed_fastqc.html; Input files updated by another job: data/genome-simulations/genomes_1/fastq_trimmed/genome_1_R2_trimmed.fastq, data/genome-simulations/genomes_1/fastq_trimmed/genome_1_R1_trimmed.fastq
    resources: tmpdir=/var/folders/vr/dm12jytd28d0_z61hq3l47n40000gp/T

[Sun Sep 22 15:32:01 2024]
Finished job 19.
26 of 31 steps (84%) done
Select jobs to execute...
Execute 1 jobs...

[Sun Sep 22 15:32:01 2024]
localrule 14:
    input: data/genome-simulations/genomes_3/fastq/genome_3_R1.fastq, data/genome-simulations/genomes_3/fastq/genome_3_R2.fastq
    output: data/genome-simulations/genomes_3/qc/genome_3_R1_fastqc.html, data/genome-simulations/genomes_3/qc/genome_3_R2_fastqc.html
    jobid: 9
    reason: Missing output files: data/genome-simulations/genomes_3/qc/genome_3_R1_fastqc.html, data/genome-simulations/genomes_3/qc/genome_3_R2_fastqc.html; Input files updated by another job: data/genome-simulations/genomes_3/fastq/genome_3_R2.fastq, data/genome-simulations/genomes_3/fastq/genome_3_R1.fastq
    resources: tmpdir=/var/folders/vr/dm12jytd28d0_z61hq3l47n40000gp/T

[Sun Sep 22 15:32:04 2024]
Finished job 6.
27 of 31 steps (87%) done
[Sun Sep 22 15:32:05 2024]
Finished job 17.
28 of 31 steps (90%) done
[Sun Sep 22 15:32:05 2024]
Finished job 15.
29 of 31 steps (94%) done
[Sun Sep 22 15:32:07 2024]
Finished job 9.
30 of 31 steps (97%) done
Select jobs to execute...
Execute 1 jobs...

[Sun Sep 22 15:32:07 2024]
localrule all:
    input: data/genome-simulations/genomes_1/qc/genome_1_R1_fastqc.html, data/genome-simulations/genomes_1/qc/genome_1_R2_fastqc.html, data/genome-simulations/genomes_2/qc/genome_2_R1_fastqc.html, data/genome-simulations/genomes_2/qc/genome_2_R2_fastqc.html, data/genome-simulations/genomes_3/qc/genome_3_R1_fastqc.html, data/genome-simulations/genomes_3/qc/genome_3_R2_fastqc.html, data/genome-simulations/genomes_4/qc/genome_4_R1_fastqc.html, data/genome-simulations/genomes_4/qc/genome_4_R2_fastqc.html, data/genome-simulations/genomes_1/qc_trimmed/genome_1_R1_trimmed_fastqc.html, data/genome-simulations/genomes_1/qc_trimmed/genome_1_R2_trimmed_fastqc.html, data/genome-simulations/genomes_2/qc_trimmed/genome_2_R1_trimmed_fastqc.html, data/genome-simulations/genomes_2/qc_trimmed/genome_2_R2_trimmed_fastqc.html, data/genome-simulations/genomes_3/qc_trimmed/genome_3_R1_trimmed_fastqc.html, data/genome-simulations/genomes_3/qc_trimmed/genome_3_R2_trimmed_fastqc.html, data/genome-simulations/genomes_4/qc_trimmed/genome_4_R1_trimmed_fastqc.html, data/genome-simulations/genomes_4/qc_trimmed/genome_4_R2_trimmed_fastqc.html, data/genome-simulations/genomes_1/fastq_trimmed/genome_1_R1_trimmed.fastq, data/genome-simulations/genomes_1/fastq_trimmed/genome_1_R2_trimmed.fastq, data/genome-simulations/genomes_2/fastq_trimmed/genome_2_R1_trimmed.fastq, data/genome-simulations/genomes_2/fastq_trimmed/genome_2_R2_trimmed.fastq, data/genome-simulations/genomes_3/fastq_trimmed/genome_3_R1_trimmed.fastq, data/genome-simulations/genomes_3/fastq_trimmed/genome_3_R2_trimmed.fastq, data/genome-simulations/genomes_4/fastq_trimmed/genome_4_R1_trimmed.fastq, data/genome-simulations/genomes_4/fastq_trimmed/genome_4_R2_trimmed.fastq, data/genome-simulations/genomes_1/demultiplexed/sample_1/genome_1_Ind1_R1_demultiplexed.fastq, data/genome-simulations/genomes_1/demultiplexed/sample_1/genome_1_Ind1_R2_demultiplexed.fastq, data/genome-simulations/genomes_1/demultiplexed/sample_2/genome_1_Ind2_R1_demultiplexed.fastq, data/genome-simulations/genomes_1/demultiplexed/sample_2/genome_1_Ind2_R2_demultiplexed.fastq, data/genome-simulations/genomes_2/demultiplexed/sample_1/genome_2_Ind1_R1_demultiplexed.fastq, data/genome-simulations/genomes_2/demultiplexed/sample_1/genome_2_Ind1_R2_demultiplexed.fastq, data/genome-simulations/genomes_2/demultiplexed/sample_2/genome_2_Ind2_R1_demultiplexed.fastq, data/genome-simulations/genomes_2/demultiplexed/sample_2/genome_2_Ind2_R2_demultiplexed.fastq, data/genome-simulations/genomes_3/demultiplexed/sample_1/genome_3_Ind1_R1_demultiplexed.fastq, data/genome-simulations/genomes_3/demultiplexed/sample_1/genome_3_Ind1_R2_demultiplexed.fastq, data/genome-simulations/genomes_3/demultiplexed/sample_2/genome_3_Ind2_R1_demultiplexed.fastq, data/genome-simulations/genomes_3/demultiplexed/sample_2/genome_3_Ind2_R2_demultiplexed.fastq, data/genome-simulations/genomes_4/demultiplexed/sample_1/genome_4_Ind1_R1_demultiplexed.fastq, data/genome-simulations/genomes_4/demultiplexed/sample_1/genome_4_Ind1_R2_demultiplexed.fastq, data/genome-simulations/genomes_4/demultiplexed/sample_2/genome_4_Ind2_R1_demultiplexed.fastq, data/genome-simulations/genomes_4/demultiplexed/sample_2/genome_4_Ind2_R2_demultiplexed.fastq, data/genome-simulations/genomes_1/fasta/reference_genome_1.fasta.amb, data/genome-simulations/genomes_1/fasta/reference_genome_1.fasta.ann, data/genome-simulations/genomes_1/fasta/reference_genome_1.fasta.bwt, data/genome-simulations/genomes_1/fasta/reference_genome_1.fasta.pac, data/genome-simulations/genomes_1/fasta/reference_genome_1.fasta.sa, data/genome-simulations/genomes_1/fasta/reference_genome_1.fasta.fai, data/genome-simulations/genomes_2/fasta/reference_genome_2.fasta.amb, data/genome-simulations/genomes_2/fasta/reference_genome_2.fasta.ann, data/genome-simulations/genomes_2/fasta/reference_genome_2.fasta.bwt, data/genome-simulations/genomes_2/fasta/reference_genome_2.fasta.pac, data/genome-simulations/genomes_2/fasta/reference_genome_2.fasta.sa, data/genome-simulations/genomes_2/fasta/reference_genome_2.fasta.fai, data/genome-simulations/genomes_3/fasta/reference_genome_3.fasta.amb, data/genome-simulations/genomes_3/fasta/reference_genome_3.fasta.ann, data/genome-simulations/genomes_3/fasta/reference_genome_3.fasta.bwt, data/genome-simulations/genomes_3/fasta/reference_genome_3.fasta.pac, data/genome-simulations/genomes_3/fasta/reference_genome_3.fasta.sa, data/genome-simulations/genomes_3/fasta/reference_genome_3.fasta.fai, data/genome-simulations/genomes_4/fasta/reference_genome_4.fasta.amb, data/genome-simulations/genomes_4/fasta/reference_genome_4.fasta.ann, data/genome-simulations/genomes_4/fasta/reference_genome_4.fasta.bwt, data/genome-simulations/genomes_4/fasta/reference_genome_4.fasta.pac, data/genome-simulations/genomes_4/fasta/reference_genome_4.fasta.sa, data/genome-simulations/genomes_4/fasta/reference_genome_4.fasta.fai, data/genome-simulations/genomes_1/fasta/reference_genome_1.dict, data/genome-simulations/genomes_2/fasta/reference_genome_2.dict, data/genome-simulations/genomes_3/fasta/reference_genome_3.dict, data/genome-simulations/genomes_4/fasta/reference_genome_4.dict
    jobid: 0
    reason: Input files updated by another job: data/genome-simulations/genomes_2/demultiplexed/sample_2/genome_2_Ind2_R2_demultiplexed.fastq, data/genome-simulations/genomes_1/fastq_trimmed/genome_1_R1_trimmed.fastq, data/genome-simulations/genomes_4/qc/genome_4_R2_fastqc.html, data/genome-simulations/genomes_4/fasta/reference_genome_4.fasta.fai, data/genome-simulations/genomes_1/fasta/reference_genome_1.fasta.ann, data/genome-simulations/genomes_3/fasta/reference_genome_3.fasta.fai, data/genome-simulations/genomes_2/fasta/reference_genome_2.fasta.fai, data/genome-simulations/genomes_4/fasta/reference_genome_4.dict, data/genome-simulations/genomes_4/fastq_trimmed/genome_4_R1_trimmed.fastq, data/genome-simulations/genomes_1/fasta/reference_genome_1.fasta.pac, data/genome-simulations/genomes_2/fasta/reference_genome_2.fasta.sa, data/genome-simulations/genomes_1/qc/genome_1_R1_fastqc.html, data/genome-simulations/genomes_4/qc/genome_4_R1_fastqc.html, data/genome-simulations/genomes_1/demultiplexed/sample_2/genome_1_Ind2_R2_demultiplexed.fastq, data/genome-simulations/genomes_3/fasta/reference_genome_3.fasta.bwt, data/genome-simulations/genomes_2/demultiplexed/sample_2/genome_2_Ind2_R1_demultiplexed.fastq, data/genome-simulations/genomes_1/demultiplexed/sample_2/genome_1_Ind2_R1_demultiplexed.fastq, data/genome-simulations/genomes_1/demultiplexed/sample_1/genome_1_Ind1_R2_demultiplexed.fastq, data/genome-simulations/genomes_2/fasta/reference_genome_2.dict, data/genome-simulations/genomes_4/fasta/reference_genome_4.fasta.pac, data/genome-simulations/genomes_2/qc_trimmed/genome_2_R2_trimmed_fastqc.html, data/genome-simulations/genomes_3/qc_trimmed/genome_3_R1_trimmed_fastqc.html, data/genome-simulations/genomes_1/demultiplexed/sample_1/genome_1_Ind1_R1_demultiplexed.fastq, data/genome-simulations/genomes_3/demultiplexed/sample_1/genome_3_Ind1_R1_demultiplexed.fastq, data/genome-simulations/genomes_2/qc_trimmed/genome_2_R1_trimmed_fastqc.html, data/genome-simulations/genomes_2/fastq_trimmed/genome_2_R2_trimmed.fastq, data/genome-simulations/genomes_1/fasta/reference_genome_1.fasta.fai, data/genome-simulations/genomes_4/demultiplexed/sample_1/genome_4_Ind1_R2_demultiplexed.fastq, data/genome-simulations/genomes_1/fasta/reference_genome_1.dict, data/genome-simulations/genomes_4/demultiplexed/sample_1/genome_4_Ind1_R1_demultiplexed.fastq, data/genome-simulations/genomes_3/fasta/reference_genome_3.fasta.pac, data/genome-simulations/genomes_3/fasta/reference_genome_3.fasta.sa, data/genome-simulations/genomes_2/fastq_trimmed/genome_2_R1_trimmed.fastq, data/genome-simulations/genomes_1/fastq_trimmed/genome_1_R2_trimmed.fastq, data/genome-simulations/genomes_4/qc_trimmed/genome_4_R1_trimmed_fastqc.html, data/genome-simulations/genomes_2/demultiplexed/sample_1/genome_2_Ind1_R2_demultiplexed.fastq, data/genome-simulations/genomes_2/fasta/reference_genome_2.fasta.amb, data/genome-simulations/genomes_4/demultiplexed/sample_2/genome_4_Ind2_R2_demultiplexed.fastq, data/genome-simulations/genomes_3/fastq_trimmed/genome_3_R1_trimmed.fastq, data/genome-simulations/genomes_1/fasta/reference_genome_1.fasta.amb, data/genome-simulations/genomes_1/qc/genome_1_R2_fastqc.html, data/genome-simulations/genomes_4/qc_trimmed/genome_4_R2_trimmed_fastqc.html, data/genome-simulations/genomes_1/qc_trimmed/genome_1_R1_trimmed_fastqc.html, data/genome-simulations/genomes_3/fasta/reference_genome_3.fasta.amb, data/genome-simulations/genomes_1/fasta/reference_genome_1.fasta.bwt, data/genome-simulations/genomes_3/fasta/reference_genome_3.fasta.ann, data/genome-simulations/genomes_3/fastq_trimmed/genome_3_R2_trimmed.fastq, data/genome-simulations/genomes_4/demultiplexed/sample_2/genome_4_Ind2_R1_demultiplexed.fastq, data/genome-simulations/genomes_4/fasta/reference_genome_4.fasta.sa, data/genome-simulations/genomes_1/fasta/reference_genome_1.fasta.sa, data/genome-simulations/genomes_2/qc/genome_2_R2_fastqc.html, data/genome-simulations/genomes_3/qc/genome_3_R2_fastqc.html, data/genome-simulations/genomes_4/fasta/reference_genome_4.fasta.bwt, data/genome-simulations/genomes_4/fastq_trimmed/genome_4_R2_trimmed.fastq, data/genome-simulations/genomes_2/demultiplexed/sample_1/genome_2_Ind1_R1_demultiplexed.fastq, data/genome-simulations/genomes_1/qc_trimmed/genome_1_R2_trimmed_fastqc.html, data/genome-simulations/genomes_3/qc/genome_3_R1_fastqc.html, data/genome-simulations/genomes_3/demultiplexed/sample_2/genome_3_Ind2_R2_demultiplexed.fastq, data/genome-simulations/genomes_2/fasta/reference_genome_2.fasta.bwt, data/genome-simulations/genomes_4/fasta/reference_genome_4.fasta.ann, data/genome-simulations/genomes_3/fasta/reference_genome_3.dict, data/genome-simulations/genomes_2/fasta/reference_genome_2.fasta.ann, data/genome-simulations/genomes_3/demultiplexed/sample_2/genome_3_Ind2_R1_demultiplexed.fastq, data/genome-simulations/genomes_2/qc/genome_2_R1_fastqc.html, data/genome-simulations/genomes_2/fasta/reference_genome_2.fasta.pac, data/genome-simulations/genomes_3/demultiplexed/sample_1/genome_3_Ind1_R2_demultiplexed.fastq, data/genome-simulations/genomes_4/fasta/reference_genome_4.fasta.amb, data/genome-simulations/genomes_3/qc_trimmed/genome_3_R2_trimmed_fastqc.html
    resources: tmpdir=/var/folders/vr/dm12jytd28d0_z61hq3l47n40000gp/T

[Sun Sep 22 15:32:07 2024]
Finished job 0.
31 of 31 steps (100%) done
Complete log: .snakemake/log/2024-09-22T153152.280651.snakemake.log
