Building DAG of jobs...
Using shell: /bin/bash
Provided cores: 1 (use --cores to define parallelism)
Rules claiming more threads will be scaled down.
Conda environments: ignored
Job stats:
job                count
---------------  -------
4                      1
5                      1
6                      1
7                      1
8                      1
9                      1
all                    1
generate_genome        1
total                  8

Select jobs to execute...
Execute 1 jobs...

[Sun Sep 22 07:23:03 2024]
localrule generate_genome:
    input: data/demographic-simulations/snp-matrix_1.txt, data/demographic-simulations/snp-matrix_2.txt, /Users/emanuelmfonseca/project/sequencing-migration/scripts/genome-simulation.py, /Users/emanuelmfonseca/project/sequencing-migration
    output: data/genome-simulations/genomes_1/fasta/reference_genome_1.fasta, data/genome-simulations/genomes_2/fasta/reference_genome_2.fasta, data/genome-simulations/genomes_1/fasta/individual_genome_1.fasta, data/genome-simulations/genomes_1/fasta/individual_genome_2.fasta, data/genome-simulations/genomes_2/fasta/individual_genome_1.fasta, data/genome-simulations/genomes_2/fasta/individual_genome_2.fasta
    jobid: 4
    reason: Updated input files: /Users/emanuelmfonseca/project/sequencing-migration
    resources: tmpdir=/var/folders/vr/dm12jytd28d0_z61hq3l47n40000gp/T

[Sun Sep 22 07:23:03 2024]
Finished job 4.
1 of 8 steps (12%) done
Select jobs to execute...
Execute 1 jobs...

[Sun Sep 22 07:23:03 2024]
localrule 4:
    input: data/genome-simulations/genomes_1/fasta/individual_genome_1.fasta, data/genome-simulations/genomes_1/fasta/individual_genome_2.fasta
    output: data/genome-simulations/genomes_1/multifasta/multifasta_genome_1.fasta
    jobid: 3
    reason: Input files updated by another job: data/genome-simulations/genomes_1/fasta/individual_genome_2.fasta, data/genome-simulations/genomes_1/fasta/individual_genome_1.fasta
    resources: tmpdir=/var/folders/vr/dm12jytd28d0_z61hq3l47n40000gp/T

[Sun Sep 22 07:23:04 2024]
Finished job 3.
2 of 8 steps (25%) done
Select jobs to execute...
Execute 1 jobs...

[Sun Sep 22 07:23:04 2024]
localrule 6:
    input: data/genome-simulations/genomes_1/multifasta/multifasta_genome_1.fasta
    output: data/genome-simulations/genomes_1/fastq/genome_1_R1.fastq, data/genome-simulations/genomes_1/fastq/genome_1_R2.fastq
    jobid: 2
    reason: Input files updated by another job: data/genome-simulations/genomes_1/multifasta/multifasta_genome_1.fasta
    resources: tmpdir=/var/folders/vr/dm12jytd28d0_z61hq3l47n40000gp/T

[Sun Sep 22 07:23:05 2024]
Finished job 2.
3 of 8 steps (38%) done
Select jobs to execute...
Execute 1 jobs...

[Sun Sep 22 07:23:05 2024]
localrule 8:
    input: data/genome-simulations/genomes_1/fastq/genome_1_R1.fastq, data/genome-simulations/genomes_1/fastq/genome_1_R2.fastq
    output: qc/genome_1_R1_fastqc.html, qc/genome_1_R2_fastqc.html
    jobid: 1
    reason: Missing output files: qc/genome_1_R2_fastqc.html, qc/genome_1_R1_fastqc.html; Input files updated by another job: data/genome-simulations/genomes_1/fastq/genome_1_R2.fastq, data/genome-simulations/genomes_1/fastq/genome_1_R1.fastq
    resources: tmpdir=/var/folders/vr/dm12jytd28d0_z61hq3l47n40000gp/T

WorkflowError:
Failed to open source file /Users/emanuelmfonseca/project/sequencing-migration/envs/environment.yaml
FileNotFoundError: [Errno 2] No such file or directory: '/Users/emanuelmfonseca/project/sequencing-migration/envs/environment.yaml'
Removing output files of failed job 8 since they might be corrupted:
qc/genome_1_R1_fastqc.html, qc/genome_1_R2_fastqc.html
Shutting down, this might take some time.
Exiting because a job execution failed. Look above for error message
Complete log: .snakemake/log/2024-09-22T072303.290333.snakemake.log
WorkflowError:
At least one job did not complete successfully.
