Building DAG of jobs...
Using shell: /bin/bash
Provided cores: 1 (use --cores to define parallelism)
Rules claiming more threads will be scaled down.
Conda environments: ignored
Job stats:
job                  count
-----------------  -------
genome_simulation        1
total                    1

Select jobs to execute...
Execute 1 jobs...

[Sat Sep 21 16:18:41 2024]
localrule genome_simulation:
    input: data/demographic-simulations/snp-matrix_1.txt, data/demographic-simulations/snp-matrix_2.txt, /Users/emanuelmfonseca/project/sequencing-migration/scripts/genome-simulation.py
    output: data/genome-simulations/genomes_1/reference_genome.fasta, data/genome-simulations/genomes_2/reference_genome.fasta, data/genome-simulations/genomes_3/reference_genome.fasta, data/genome-simulations/genomes_4/reference_genome.fasta, data/genome-simulations/genomes_5/reference_genome.fasta, data/genome-simulations/genomes_6/reference_genome.fasta, data/genome-simulations/genomes_7/reference_genome.fasta, data/genome-simulations/genomes_8/reference_genome.fasta, data/genome-simulations/genomes_9/reference_genome.fasta, data/genome-simulations/genomes_10/reference_genome.fasta, data/genome-simulations/genomes_11/reference_genome.fasta, data/genome-simulations/genomes_12/reference_genome.fasta, data/genome-simulations/genomes_13/reference_genome.fasta, data/genome-simulations/genomes_14/reference_genome.fasta, data/genome-simulations/genomes_15/reference_genome.fasta, data/genome-simulations/genomes_16/reference_genome.fasta, data/genome-simulations/genomes_17/reference_genome.fasta, data/genome-simulations/genomes_18/reference_genome.fasta, data/genome-simulations/genomes_19/reference_genome.fasta, data/genome-simulations/genomes_20/reference_genome.fasta, data/genome-simulations/genomes_1/individual_1.fasta, data/genome-simulations/genomes_2/individual_2.fasta, data/genome-simulations/genomes_3/individual_3.fasta, data/genome-simulations/genomes_4/individual_4.fasta, data/genome-simulations/genomes_5/individual_5.fasta, data/genome-simulations/genomes_6/individual_6.fasta, data/genome-simulations/genomes_7/individual_7.fasta, data/genome-simulations/genomes_8/individual_8.fasta, data/genome-simulations/genomes_9/individual_9.fasta, data/genome-simulations/genomes_10/individual_10.fasta, data/genome-simulations/genomes_11/individual_11.fasta, data/genome-simulations/genomes_12/individual_12.fasta, data/genome-simulations/genomes_13/individual_13.fasta, data/genome-simulations/genomes_14/individual_14.fasta, data/genome-simulations/genomes_15/individual_15.fasta, data/genome-simulations/genomes_16/individual_16.fasta, data/genome-simulations/genomes_17/individual_17.fasta, data/genome-simulations/genomes_18/individual_18.fasta, data/genome-simulations/genomes_19/individual_19.fasta, data/genome-simulations/genomes_20/individual_20.fasta
    jobid: 0
    reason: Missing output files: data/genome-simulations/genomes_20/individual_20.fasta, data/genome-simulations/genomes_2/individual_2.fasta, data/genome-simulations/genomes_6/reference_genome.fasta, data/genome-simulations/genomes_8/individual_8.fasta, data/genome-simulations/genomes_13/individual_13.fasta, data/genome-simulations/genomes_1/individual_1.fasta, data/genome-simulations/genomes_4/individual_4.fasta, data/genome-simulations/genomes_15/individual_15.fasta, data/genome-simulations/genomes_3/individual_3.fasta, data/genome-simulations/genomes_17/individual_17.fasta, data/genome-simulations/genomes_20/reference_genome.fasta, data/genome-simulations/genomes_18/reference_genome.fasta, data/genome-simulations/genomes_12/reference_genome.fasta, data/genome-simulations/genomes_16/reference_genome.fasta, data/genome-simulations/genomes_13/reference_genome.fasta, data/genome-simulations/genomes_11/reference_genome.fasta, data/genome-simulations/genomes_14/reference_genome.fasta, data/genome-simulations/genomes_12/individual_12.fasta, data/genome-simulations/genomes_18/individual_18.fasta, data/genome-simulations/genomes_7/individual_7.fasta, data/genome-simulations/genomes_7/reference_genome.fasta, data/genome-simulations/genomes_8/reference_genome.fasta, data/genome-simulations/genomes_5/individual_5.fasta, data/genome-simulations/genomes_6/individual_6.fasta, data/genome-simulations/genomes_9/individual_9.fasta, data/genome-simulations/genomes_17/reference_genome.fasta, data/genome-simulations/genomes_19/reference_genome.fasta, data/genome-simulations/genomes_5/reference_genome.fasta, data/genome-simulations/genomes_14/individual_14.fasta, data/genome-simulations/genomes_15/reference_genome.fasta, data/genome-simulations/genomes_2/reference_genome.fasta, data/genome-simulations/genomes_19/individual_19.fasta, data/genome-simulations/genomes_11/individual_11.fasta, data/genome-simulations/genomes_1/reference_genome.fasta, data/genome-simulations/genomes_4/reference_genome.fasta, data/genome-simulations/genomes_9/reference_genome.fasta, data/genome-simulations/genomes_10/reference_genome.fasta, data/genome-simulations/genomes_10/individual_10.fasta, data/genome-simulations/genomes_16/individual_16.fasta, data/genome-simulations/genomes_3/reference_genome.fasta
    resources: tmpdir=/var/folders/vr/dm12jytd28d0_z61hq3l47n40000gp/T

Terminating processes on user request, this might take some time.
