Building DAG of jobs...
Using shell: /bin/bash
Provided cores: 1 (use --cores to define parallelism)
Rules claiming more threads will be scaled down.
Conda environments: ignored
Job stats:
job      count
-----  -------
10           1
11           1
12           1
13           1
14           1
15           1
16           1
17           1
18           1
19           1
20           1
21           1
9            1
all          1
total       14

Select jobs to execute...
Execute 1 jobs...

[Sun Sep 22 14:50:27 2024]
localrule 17:
    input: data/genome-simulations/genomes_2/fasta/reference_genome_2.fasta
    output: data/genome-simulations/genomes_2/fasta/reference_genome_2.fasta.amb, data/genome-simulations/genomes_2/fasta/reference_genome_2.fasta.ann, data/genome-simulations/genomes_2/fasta/reference_genome_2.fasta.bwt, data/genome-simulations/genomes_2/fasta/reference_genome_2.fasta.pac, data/genome-simulations/genomes_2/fasta/reference_genome_2.fasta.sa, data/genome-simulations/genomes_2/fasta/reference_genome_2.fasta.fai, data/genome-simulations/genomes_2/fasta/reference_genome_2.dict
    jobid: 16
    reason: Missing output files: data/genome-simulations/genomes_2/fasta/reference_genome_2.fasta.sa, data/genome-simulations/genomes_2/fasta/reference_genome_2.fasta.bwt, data/genome-simulations/genomes_2/fasta/reference_genome_2.dict, data/genome-simulations/genomes_2/fasta/reference_genome_2.fasta.fai, data/genome-simulations/genomes_2/fasta/reference_genome_2.fasta.ann, data/genome-simulations/genomes_2/fasta/reference_genome_2.fasta.pac, data/genome-simulations/genomes_2/fasta/reference_genome_2.fasta.amb
    resources: tmpdir=/var/folders/vr/dm12jytd28d0_z61hq3l47n40000gp/T

[Sun Sep 22 14:50:27 2024]
Finished job 16.
1 of 14 steps (7%) done
Select jobs to execute...
Execute 1 jobs...

[Sun Sep 22 14:50:27 2024]
localrule 10:
    input: data/genome-simulations/genomes_1/fastq/genome_1_R1.fastq, data/genome-simulations/genomes_1/fastq/genome_1_R2.fastq
    output: data/genome-simulations/genomes_1/fastq_trimmed/genome_1_R1_trimmed.fastq, data/genome-simulations/genomes_1/fastq_trimmed/genome_1_R2_trimmed.fastq, data/genome-simulations/genomes_1/fastq_trimmed/trimmomatic_1.log
    jobid: 10
    reason: Missing output files: data/genome-simulations/genomes_1/fastq_trimmed/genome_1_R2_trimmed.fastq, data/genome-simulations/genomes_1/fastq_trimmed/genome_1_R1_trimmed.fastq
    resources: tmpdir=/var/folders/vr/dm12jytd28d0_z61hq3l47n40000gp/T

[Sun Sep 22 14:50:27 2024]
Finished job 10.
2 of 14 steps (14%) done
Select jobs to execute...
Execute 1 jobs...

[Sun Sep 22 14:50:28 2024]
localrule 12:
    input: data/genome-simulations/genomes_1/fastq_trimmed/genome_1_R1_trimmed.fastq, data/genome-simulations/genomes_1/fastq_trimmed/genome_1_R2_trimmed.fastq
    output: data/genome-simulations/genomes_1/qc_trimmed/genome_1_R1_trimmed_fastqc.html, data/genome-simulations/genomes_1/qc_trimmed/genome_1_R2_trimmed_fastqc.html
    jobid: 9
    reason: Missing output files: data/genome-simulations/genomes_1/qc_trimmed/genome_1_R2_trimmed_fastqc.html, data/genome-simulations/genomes_1/qc_trimmed/genome_1_R1_trimmed_fastqc.html; Input files updated by another job: data/genome-simulations/genomes_1/fastq_trimmed/genome_1_R2_trimmed.fastq, data/genome-simulations/genomes_1/fastq_trimmed/genome_1_R1_trimmed.fastq
    resources: tmpdir=/var/folders/vr/dm12jytd28d0_z61hq3l47n40000gp/T

[Sun Sep 22 14:50:32 2024]
Finished job 9.
3 of 14 steps (21%) done
Select jobs to execute...
Execute 1 jobs...

[Sun Sep 22 14:50:32 2024]
localrule 14:
    input: data/genome-simulations/genomes_1/fastq_trimmed/genome_1_R1_trimmed.fastq, data/genome-simulations/genomes_1/fastq_trimmed/genome_1_R2_trimmed.fastq
    output: data/genome-simulations/genomes_1/demultiplexed/sample_1/genome_1_Ind1_R1_demultiplexed.fastq, data/genome-simulations/genomes_1/demultiplexed/sample_1/genome_1_Ind1_R2_demultiplexed.fastq, data/genome-simulations/genomes_1/demultiplexed/sample_2/genome_1_Ind2_R1_demultiplexed.fastq, data/genome-simulations/genomes_1/demultiplexed/sample_2/genome_1_Ind2_R2_demultiplexed.fastq
    jobid: 13
    reason: Missing output files: data/genome-simulations/genomes_1/demultiplexed/sample_1/genome_1_Ind1_R2_demultiplexed.fastq, data/genome-simulations/genomes_1/demultiplexed/sample_2/genome_1_Ind2_R2_demultiplexed.fastq, data/genome-simulations/genomes_1/demultiplexed/sample_1/genome_1_Ind1_R1_demultiplexed.fastq, data/genome-simulations/genomes_1/demultiplexed/sample_2/genome_1_Ind2_R1_demultiplexed.fastq; Input files updated by another job: data/genome-simulations/genomes_1/fastq_trimmed/genome_1_R2_trimmed.fastq, data/genome-simulations/genomes_1/fastq_trimmed/genome_1_R1_trimmed.fastq
    resources: tmpdir=/var/folders/vr/dm12jytd28d0_z61hq3l47n40000gp/T

[Sun Sep 22 14:50:32 2024]
Finished job 13.
4 of 14 steps (29%) done
Select jobs to execute...
Execute 1 jobs...

[Sun Sep 22 14:50:32 2024]
localrule 18:
    input: data/genome-simulations/genomes_1/fasta/reference_genome_1.fasta, data/genome-simulations/genomes_1/demultiplexed/sample_1/genome_1_Ind1_R1_demultiplexed.fastq, data/genome-simulations/genomes_1/demultiplexed/sample_1/genome_1_Ind1_R2_demultiplexed.fastq
    output: data/genome-simulations/genomes_1/demultiplexed/sample_1/aligned_genome_1.sam, data/genome-simulations/genomes_1/demultiplexed/sample_1/aligned_genome_1.bam, data/genome-simulations/genomes_1/demultiplexed/sample_1/sorted_aligned_genome_1.bam, data/genome-simulations/genomes_1/demultiplexed/sample_1/sorted_aligned_genome_1.bam.bai
    jobid: 17
    reason: Missing output files: data/genome-simulations/genomes_1/demultiplexed/sample_1/sorted_aligned_genome_1.bam.bai; Input files updated by another job: data/genome-simulations/genomes_1/demultiplexed/sample_1/genome_1_Ind1_R1_demultiplexed.fastq, data/genome-simulations/genomes_1/demultiplexed/sample_1/genome_1_Ind1_R2_demultiplexed.fastq
    resources: tmpdir=/var/folders/vr/dm12jytd28d0_z61hq3l47n40000gp/T

[Sun Sep 22 14:50:32 2024]
Error in rule 18:
    jobid: 17
    input: data/genome-simulations/genomes_1/fasta/reference_genome_1.fasta, data/genome-simulations/genomes_1/demultiplexed/sample_1/genome_1_Ind1_R1_demultiplexed.fastq, data/genome-simulations/genomes_1/demultiplexed/sample_1/genome_1_Ind1_R2_demultiplexed.fastq
    output: data/genome-simulations/genomes_1/demultiplexed/sample_1/aligned_genome_1.sam, data/genome-simulations/genomes_1/demultiplexed/sample_1/aligned_genome_1.bam, data/genome-simulations/genomes_1/demultiplexed/sample_1/sorted_aligned_genome_1.bam, data/genome-simulations/genomes_1/demultiplexed/sample_1/sorted_aligned_genome_1.bam.bai
    conda-env: /Users/emanuelmfonseca/project/sequencing-migration/.snakemake/conda/35420d6d323181dffcd0642cc29ad476_
    shell:
        
                # Align FASTQ reads to the reference genome, output SAM file
                bwa mem -M -R "@RG\tID:tsk_1\tLB:tsk_1\tPL:ILLUMINA\tPM:HISEQ\tSM:tsk_1" data/genome-simulations/genomes_1/fasta/reference_genome_1.fasta data/genome-simulations/genomes_1/demultiplexed/sample_1/genome_1_Ind1_R1_demultiplexed.fastq data/genome-simulations/genomes_1/demultiplexed/sample_1/genome_1_Ind1_R2_demultiplexed.fastq > data/genome-simulations/genomes_1/demultiplexed/sample_1/aligned_genome_1.sam
                
                # Convert SAM to BAM
                samtools view -Sb data/genome-simulations/genomes_1/demultiplexed/sample_1/aligned_genome_1.sam > data/genome-simulations/genomes_1/demultiplexed/sample_1/aligned_genome_1.bam
                
                # Sort the BAM file
                samtools sort data/genome-simulations/genomes_1/demultiplexed/sample_1/aligned_genome_1.bam -o data/genome-simulations/genomes_1/demultiplexed/sample_1/sorted_aligned_genome_1.bam
                
                # Index the sorted BAM file
                samtools index data/genome-simulations/genomes_1/demultiplexed/sample_1/sorted_aligned_genome_1.bam
                
        (one of the commands exited with non-zero exit code; note that snakemake uses bash strict mode!)

Removing output files of failed job 18 since they might be corrupted:
data/genome-simulations/genomes_1/demultiplexed/sample_1/aligned_genome_1.sam
Shutting down, this might take some time.
Exiting because a job execution failed. Look above for error message
Complete log: .snakemake/log/2024-09-22T145027.059534.snakemake.log
WorkflowError:
At least one job did not complete successfully.
