Building DAG of jobs...
Using shell: /bin/bash
Provided cores: 1 (use --cores to define parallelism)
Rules claiming more threads will be scaled down.
Conda environments: ignored
Job stats:
job      count
-----  -------
18           1
19           1
20           1
21           1
all          1
total        5

Select jobs to execute...
Execute 1 jobs...

[Sun Sep 22 15:08:50 2024]
localrule 18:
    input: data/genome-simulations/genomes_1/fasta/reference_genome_1.fasta, data/genome-simulations/genomes_1/demultiplexed/sample_1/genome_1_Ind1_R1_demultiplexed.fastq, data/genome-simulations/genomes_1/demultiplexed/sample_1/genome_1_Ind1_R2_demultiplexed.fastq
    output: data/genome-simulations/genomes_1/demultiplexed/sample_1/sorted_aligned_genome_1.bam.bai
    jobid: 17
    reason: Missing output files: data/genome-simulations/genomes_1/demultiplexed/sample_1/sorted_aligned_genome_1.bam.bai
    resources: tmpdir=/var/folders/vr/dm12jytd28d0_z61hq3l47n40000gp/T

RuleException in rule 18 in file /Users/emanuelmfonseca/project/sequencing-migration/Snakefile, line 300:
AttributeError: 'OutputFiles' object has no attribute 'sam', when formatting the following:

                # Align FASTQ reads to the reference genome, output SAM file
                bwa mem -M -R "@RG\tID:{params.RGID}\tLB:{params.RGLB}\tPL:{params.RGPL}\tPM:{params.RGPM}\tSM:{params.RGSM}" {input.reference} {input.fastq_demu} > {output.sam}
                
                # Convert SAM to BAM
                samtools view -Sb {output.sam} > {output.bam}
                
                # Sort the BAM file
                samtools sort {output.bam} -o {output.sorted_bam}
                
                # Index the sorted BAM file
                samtools index {output.sorted_bam}
                
