Building DAG of jobs...
Using shell: /bin/bash
Provided cores: 1 (use --cores to define parallelism)
Rules claiming more threads will be scaled down.
Conda environments: ignored
Job stats:
job                count
---------------  -------
10                     1
11                     1
12                     1
13                     1
4                      1
5                      1
6                      1
7                      1
8                      1
9                      1
all                    1
generate_genome        1
generate_snps          1
total                 13

Select jobs to execute...
Execute 1 jobs...

[Sun Sep 22 08:19:59 2024]
localrule generate_snps:
    input: /Users/emanuelmfonseca/project/sequencing-migration/scripts/demographic-simulation.py
    output: data/demographic-simulations/snp-matrix_1.txt, data/demographic-simulations/snp-matrix_2.txt
    jobid: 5
    reason: Missing output files: data/demographic-simulations/snp-matrix_1.txt, data/demographic-simulations/snp-matrix_2.txt
    resources: tmpdir=/var/folders/vr/dm12jytd28d0_z61hq3l47n40000gp/T

[Sun Sep 22 08:19:59 2024]
Finished job 5.
1 of 13 steps (8%) done
Select jobs to execute...
Execute 1 jobs...

[Sun Sep 22 08:19:59 2024]
localrule generate_genome:
    input: data/demographic-simulations/snp-matrix_1.txt, data/demographic-simulations/snp-matrix_2.txt, /Users/emanuelmfonseca/project/sequencing-migration/scripts/genome-simulation.py, /Users/emanuelmfonseca/project/sequencing-migration
    output: data/genome-simulations/genomes_1/fasta/reference_genome_1.fasta, data/genome-simulations/genomes_2/fasta/reference_genome_2.fasta, data/genome-simulations/genomes_1/fasta/individual_genome_1.fasta, data/genome-simulations/genomes_1/fasta/individual_genome_2.fasta, data/genome-simulations/genomes_2/fasta/individual_genome_1.fasta, data/genome-simulations/genomes_2/fasta/individual_genome_2.fasta
    jobid: 4
    reason: Missing output files: data/genome-simulations/genomes_2/fasta/individual_genome_1.fasta, data/genome-simulations/genomes_1/fasta/individual_genome_2.fasta, data/genome-simulations/genomes_1/fasta/individual_genome_1.fasta, data/genome-simulations/genomes_2/fasta/individual_genome_2.fasta; Input files updated by another job: data/demographic-simulations/snp-matrix_1.txt, data/demographic-simulations/snp-matrix_2.txt
    resources: tmpdir=/var/folders/vr/dm12jytd28d0_z61hq3l47n40000gp/T

[Sun Sep 22 08:20:00 2024]
Finished job 4.
2 of 13 steps (15%) done
Select jobs to execute...
Execute 1 jobs...

[Sun Sep 22 08:20:00 2024]
localrule 5:
    input: data/genome-simulations/genomes_2/fasta/individual_genome_1.fasta, data/genome-simulations/genomes_2/fasta/individual_genome_2.fasta
    output: data/genome-simulations/genomes_2/multifasta/multifasta_genome_2.fasta
    jobid: 8
    reason: Missing output files: data/genome-simulations/genomes_2/multifasta/multifasta_genome_2.fasta; Input files updated by another job: data/genome-simulations/genomes_2/fasta/individual_genome_2.fasta, data/genome-simulations/genomes_2/fasta/individual_genome_1.fasta
    resources: tmpdir=/var/folders/vr/dm12jytd28d0_z61hq3l47n40000gp/T

[Sun Sep 22 08:20:00 2024]
Finished job 8.
3 of 13 steps (23%) done
Select jobs to execute...
Execute 1 jobs...

[Sun Sep 22 08:20:00 2024]
localrule 7:
    input: data/genome-simulations/genomes_2/multifasta/multifasta_genome_2.fasta
    output: data/genome-simulations/genomes_2/fastq/genome_2_R1.fastq, data/genome-simulations/genomes_2/fastq/genome_2_R2.fastq
    jobid: 7
    reason: Missing output files: data/genome-simulations/genomes_2/fastq/genome_2_R1.fastq, data/genome-simulations/genomes_2/fastq/genome_2_R2.fastq; Input files updated by another job: data/genome-simulations/genomes_2/multifasta/multifasta_genome_2.fasta
    resources: tmpdir=/var/folders/vr/dm12jytd28d0_z61hq3l47n40000gp/T

[Sun Sep 22 08:20:01 2024]
Finished job 7.
4 of 13 steps (31%) done
Select jobs to execute...
Execute 1 jobs...

[Sun Sep 22 08:20:01 2024]
localrule 9:
    input: data/genome-simulations/genomes_2/fastq/genome_2_R1.fastq, data/genome-simulations/genomes_2/fastq/genome_2_R2.fastq
    output: data/genome-simulations/genomes_2/qc/genome_2_R1_fastqc.html, data/genome-simulations/genomes_2/qc/genome_2_R2_fastqc.html
    jobid: 6
    reason: Missing output files: data/genome-simulations/genomes_2/qc/genome_2_R1_fastqc.html, data/genome-simulations/genomes_2/qc/genome_2_R2_fastqc.html; Input files updated by another job: data/genome-simulations/genomes_2/fastq/genome_2_R1.fastq, data/genome-simulations/genomes_2/fastq/genome_2_R2.fastq
    resources: tmpdir=/var/folders/vr/dm12jytd28d0_z61hq3l47n40000gp/T

[Sun Sep 22 08:20:06 2024]
Finished job 6.
5 of 13 steps (38%) done
Select jobs to execute...
Execute 1 jobs...

[Sun Sep 22 08:20:06 2024]
localrule 4:
    input: data/genome-simulations/genomes_1/fasta/individual_genome_1.fasta, data/genome-simulations/genomes_1/fasta/individual_genome_2.fasta
    output: data/genome-simulations/genomes_1/multifasta/multifasta_genome_1.fasta
    jobid: 3
    reason: Missing output files: data/genome-simulations/genomes_1/multifasta/multifasta_genome_1.fasta; Input files updated by another job: data/genome-simulations/genomes_1/fasta/individual_genome_2.fasta, data/genome-simulations/genomes_1/fasta/individual_genome_1.fasta
    resources: tmpdir=/var/folders/vr/dm12jytd28d0_z61hq3l47n40000gp/T

[Sun Sep 22 08:20:06 2024]
Finished job 3.
6 of 13 steps (46%) done
Select jobs to execute...
Execute 1 jobs...

[Sun Sep 22 08:20:06 2024]
localrule 6:
    input: data/genome-simulations/genomes_1/multifasta/multifasta_genome_1.fasta
    output: data/genome-simulations/genomes_1/fastq/genome_1_R1.fastq, data/genome-simulations/genomes_1/fastq/genome_1_R2.fastq
    jobid: 2
    reason: Missing output files: data/genome-simulations/genomes_1/fastq/genome_1_R1.fastq, data/genome-simulations/genomes_1/fastq/genome_1_R2.fastq; Input files updated by another job: data/genome-simulations/genomes_1/multifasta/multifasta_genome_1.fasta
    resources: tmpdir=/var/folders/vr/dm12jytd28d0_z61hq3l47n40000gp/T

[Sun Sep 22 08:20:07 2024]
Finished job 2.
7 of 13 steps (54%) done
Select jobs to execute...
Execute 1 jobs...

[Sun Sep 22 08:20:07 2024]
localrule 8:
    input: data/genome-simulations/genomes_1/fastq/genome_1_R1.fastq, data/genome-simulations/genomes_1/fastq/genome_1_R2.fastq
    output: data/genome-simulations/genomes_1/qc/genome_1_R1_fastqc.html, data/genome-simulations/genomes_1/qc/genome_1_R2_fastqc.html
    jobid: 1
    reason: Missing output files: data/genome-simulations/genomes_1/qc/genome_1_R1_fastqc.html, data/genome-simulations/genomes_1/qc/genome_1_R2_fastqc.html; Input files updated by another job: data/genome-simulations/genomes_1/fastq/genome_1_R1.fastq, data/genome-simulations/genomes_1/fastq/genome_1_R2.fastq
    resources: tmpdir=/var/folders/vr/dm12jytd28d0_z61hq3l47n40000gp/T

[Sun Sep 22 08:20:11 2024]
Finished job 1.
8 of 13 steps (62%) done
Select jobs to execute...
Execute 1 jobs...

[Sun Sep 22 08:20:11 2024]
localrule 10:
    input: data/genome-simulations/genomes_1/fastq/genome_1_R1.fastq, data/genome-simulations/genomes_1/fastq/genome_1_R2.fastq
    output: data/genome-simulations/genomes_1/fastq_trimmed/genome_1_R1_trimmed.fastq, data/genome-simulations/genomes_1/fastq_trimmed/genome_1_R2_trimmed.fastq, data/genome-simulations/genomes_1/fastq_trimmed/trimmomatic_1.log
    jobid: 10
    reason: Missing output files: data/genome-simulations/genomes_1/fastq_trimmed/genome_1_R1_trimmed.fastq, data/genome-simulations/genomes_1/fastq_trimmed/trimmomatic_1.log, data/genome-simulations/genomes_1/fastq_trimmed/genome_1_R2_trimmed.fastq; Input files updated by another job: data/genome-simulations/genomes_1/fastq/genome_1_R1.fastq, data/genome-simulations/genomes_1/fastq/genome_1_R2.fastq
    resources: tmpdir=/var/folders/vr/dm12jytd28d0_z61hq3l47n40000gp/T

[Sun Sep 22 08:20:11 2024]
Finished job 10.
9 of 13 steps (69%) done
Select jobs to execute...
Execute 1 jobs...

[Sun Sep 22 08:20:11 2024]
localrule 12:
    input: data/genome-simulations/genomes_1/fastq_trimmed/genome_1_R1_trimmed.fastq, data/genome-simulations/genomes_1/fastq_trimmed/genome_1_R2_trimmed.fastq
    output: data/genome-simulations/genomes_1/qc_trimmed/genome_1_R1_trimmed_fastqc.html, data/genome-simulations/genomes_1/qc_trimmed/genome_1_R2_trimmed_fastqc.html
    jobid: 9
    reason: Missing output files: data/genome-simulations/genomes_1/qc_trimmed/genome_1_R1_trimmed_fastqc.html, data/genome-simulations/genomes_1/qc_trimmed/genome_1_R2_trimmed_fastqc.html; Input files updated by another job: data/genome-simulations/genomes_1/fastq_trimmed/genome_1_R1_trimmed.fastq, data/genome-simulations/genomes_1/fastq_trimmed/genome_1_R2_trimmed.fastq
    resources: tmpdir=/var/folders/vr/dm12jytd28d0_z61hq3l47n40000gp/T

[Sun Sep 22 08:20:16 2024]
Finished job 9.
10 of 13 steps (77%) done
Select jobs to execute...
Execute 1 jobs...

[Sun Sep 22 08:20:16 2024]
localrule 11:
    input: data/genome-simulations/genomes_2/fastq/genome_2_R1.fastq, data/genome-simulations/genomes_2/fastq/genome_2_R2.fastq
    output: data/genome-simulations/genomes_2/fastq_trimmed/genome_2_R1_trimmed.fastq, data/genome-simulations/genomes_2/fastq_trimmed/genome_2_R2_trimmed.fastq, data/genome-simulations/genomes_2/fastq_trimmed/trimmomatic_2.log
    jobid: 12
    reason: Missing output files: data/genome-simulations/genomes_2/fastq_trimmed/trimmomatic_2.log, data/genome-simulations/genomes_2/fastq_trimmed/genome_2_R1_trimmed.fastq, data/genome-simulations/genomes_2/fastq_trimmed/genome_2_R2_trimmed.fastq; Input files updated by another job: data/genome-simulations/genomes_2/fastq/genome_2_R1.fastq, data/genome-simulations/genomes_2/fastq/genome_2_R2.fastq
    resources: tmpdir=/var/folders/vr/dm12jytd28d0_z61hq3l47n40000gp/T

[Sun Sep 22 08:20:16 2024]
Finished job 12.
11 of 13 steps (85%) done
Select jobs to execute...
Execute 1 jobs...

[Sun Sep 22 08:20:16 2024]
localrule 13:
    input: data/genome-simulations/genomes_2/fastq_trimmed/genome_2_R1_trimmed.fastq, data/genome-simulations/genomes_2/fastq_trimmed/genome_2_R2_trimmed.fastq
    output: data/genome-simulations/genomes_2/qc_trimmed/genome_2_R1_trimmed_fastqc.html, data/genome-simulations/genomes_2/qc_trimmed/genome_2_R2_trimmed_fastqc.html
    jobid: 11
    reason: Missing output files: data/genome-simulations/genomes_2/qc_trimmed/genome_2_R1_trimmed_fastqc.html, data/genome-simulations/genomes_2/qc_trimmed/genome_2_R2_trimmed_fastqc.html; Input files updated by another job: data/genome-simulations/genomes_2/fastq_trimmed/genome_2_R1_trimmed.fastq, data/genome-simulations/genomes_2/fastq_trimmed/genome_2_R2_trimmed.fastq
    resources: tmpdir=/var/folders/vr/dm12jytd28d0_z61hq3l47n40000gp/T

[Sun Sep 22 08:20:20 2024]
Finished job 11.
12 of 13 steps (92%) done
Select jobs to execute...
Execute 1 jobs...

[Sun Sep 22 08:20:20 2024]
localrule all:
    input: data/genome-simulations/genomes_1/qc/genome_1_R1_fastqc.html, data/genome-simulations/genomes_1/qc/genome_1_R2_fastqc.html, data/genome-simulations/genomes_2/qc/genome_2_R1_fastqc.html, data/genome-simulations/genomes_2/qc/genome_2_R2_fastqc.html, data/genome-simulations/genomes_1/qc_trimmed/genome_1_R1_trimmed_fastqc.html, data/genome-simulations/genomes_1/qc_trimmed/genome_1_R2_trimmed_fastqc.html, data/genome-simulations/genomes_2/qc_trimmed/genome_2_R1_trimmed_fastqc.html, data/genome-simulations/genomes_2/qc_trimmed/genome_2_R2_trimmed_fastqc.html, data/genome-simulations/genomes_1/fastq_trimmed/genome_1_R1_trimmed.fastq, data/genome-simulations/genomes_1/fastq_trimmed/genome_1_R2_trimmed.fastq, data/genome-simulations/genomes_2/fastq_trimmed/genome_2_R1_trimmed.fastq, data/genome-simulations/genomes_2/fastq_trimmed/genome_2_R2_trimmed.fastq, data/genome-simulations/genomes_1/fastq_trimmed/trimmomatic_1.log, data/genome-simulations/genomes_2/fastq_trimmed/trimmomatic_2.log
    jobid: 0
    reason: Input files updated by another job: data/genome-simulations/genomes_1/fastq_trimmed/genome_1_R1_trimmed.fastq, data/genome-simulations/genomes_2/qc/genome_2_R1_fastqc.html, data/genome-simulations/genomes_1/qc_trimmed/genome_1_R2_trimmed_fastqc.html, data/genome-simulations/genomes_1/qc_trimmed/genome_1_R1_trimmed_fastqc.html, data/genome-simulations/genomes_2/fastq_trimmed/trimmomatic_2.log, data/genome-simulations/genomes_2/fastq_trimmed/genome_2_R1_trimmed.fastq, data/genome-simulations/genomes_2/fastq_trimmed/genome_2_R2_trimmed.fastq, data/genome-simulations/genomes_1/qc/genome_1_R1_fastqc.html, data/genome-simulations/genomes_2/qc_trimmed/genome_2_R2_trimmed_fastqc.html, data/genome-simulations/genomes_2/qc/genome_2_R2_fastqc.html, data/genome-simulations/genomes_1/fastq_trimmed/trimmomatic_1.log, data/genome-simulations/genomes_1/fastq_trimmed/genome_1_R2_trimmed.fastq, data/genome-simulations/genomes_2/qc_trimmed/genome_2_R1_trimmed_fastqc.html, data/genome-simulations/genomes_1/qc/genome_1_R2_fastqc.html
    resources: tmpdir=/var/folders/vr/dm12jytd28d0_z61hq3l47n40000gp/T

[Sun Sep 22 08:20:20 2024]
Finished job 0.
13 of 13 steps (100%) done
Complete log: .snakemake/log/2024-09-22T081959.198700.snakemake.log
