Building DAG of jobs...
Using shell: /bin/bash
Provided cores: 1 (use --cores to define parallelism)
Rules claiming more threads will be scaled down.
Conda environments: ignored
Job stats:
job              count
-------------  -------
generate_snps        1
total                1

Select jobs to execute...
Execute 1 jobs...

[Sat Sep 21 17:50:57 2024]
localrule generate_snps:
    input: /Users/emanuelmfonseca/project/sequencing-migration/scripts/demographic-simulation.py
    output: data/demographic-simulations/snp-matrix_1.txt, data/demographic-simulations/snp-matrix_2.txt
    jobid: 0
    reason: Missing output files: data/demographic-simulations/snp-matrix_2.txt, data/demographic-simulations/snp-matrix_1.txt
    resources: tmpdir=/var/folders/vr/dm12jytd28d0_z61hq3l47n40000gp/T

[Sat Sep 21 17:50:58 2024]
Finished job 0.
1 of 1 steps (100%) done
Complete log: .snakemake/log/2024-09-21T175057.644589.snakemake.log
