Building DAG of jobs...
Using shell: /bin/bash
Provided cores: 4
Rules claiming more threads will be scaled down.
Conda environments: ignored
Job stats:
job      count
-----  -------
26           1
27           1
all          1
total        3

Select jobs to execute...
Execute 1 jobs...

[Sun Sep 22 16:40:24 2024]
localrule 27:
    input: data/genome-simulations/genomes_2/fasta/reference_genome_2.fasta
    output: data/genome-simulations/genomes_2/gatk/combined_genomes_run_2.g.vcf
    jobid: 26
    reason: Missing output files: data/genome-simulations/genomes_2/gatk/combined_genomes_run_2.g.vcf
    threads: 4
    resources: tmpdir=/var/folders/vr/dm12jytd28d0_z61hq3l47n40000gp/T

[Sun Sep 22 16:40:26 2024]
Finished job 26.
1 of 3 steps (33%) done
Select jobs to execute...
Execute 1 jobs...

[Sun Sep 22 16:40:26 2024]
localrule 26:
    input: data/genome-simulations/genomes_1/fasta/reference_genome_1.fasta
    output: data/genome-simulations/genomes_1/gatk/combined_genomes_run_1.g.vcf
    jobid: 25
    reason: Missing output files: data/genome-simulations/genomes_1/gatk/combined_genomes_run_1.g.vcf
    threads: 4
    resources: tmpdir=/var/folders/vr/dm12jytd28d0_z61hq3l47n40000gp/T

[Sun Sep 22 16:40:27 2024]
Finished job 25.
2 of 3 steps (67%) done
Select jobs to execute...
Execute 1 jobs...

[Sun Sep 22 16:40:27 2024]
localrule all:
    input: data/genome-simulations/genomes_1/qc/genome_1_R1_fastqc.html, data/genome-simulations/genomes_1/qc/genome_1_R2_fastqc.html, data/genome-simulations/genomes_2/qc/genome_2_R1_fastqc.html, data/genome-simulations/genomes_2/qc/genome_2_R2_fastqc.html, data/genome-simulations/genomes_1/qc_trimmed/genome_1_R1_trimmed_fastqc.html, data/genome-simulations/genomes_1/qc_trimmed/genome_1_R2_trimmed_fastqc.html, data/genome-simulations/genomes_2/qc_trimmed/genome_2_R1_trimmed_fastqc.html, data/genome-simulations/genomes_2/qc_trimmed/genome_2_R2_trimmed_fastqc.html, data/genome-simulations/genomes_1/fastq_trimmed/genome_1_R1_trimmed.fastq, data/genome-simulations/genomes_1/fastq_trimmed/genome_1_R2_trimmed.fastq, data/genome-simulations/genomes_2/fastq_trimmed/genome_2_R1_trimmed.fastq, data/genome-simulations/genomes_2/fastq_trimmed/genome_2_R2_trimmed.fastq, data/genome-simulations/genomes_1/demultiplexed/sample_1/genome_1_Ind1_R1_demultiplexed.fastq, data/genome-simulations/genomes_1/demultiplexed/sample_1/genome_1_Ind1_R2_demultiplexed.fastq, data/genome-simulations/genomes_1/demultiplexed/sample_2/genome_1_Ind2_R1_demultiplexed.fastq, data/genome-simulations/genomes_1/demultiplexed/sample_2/genome_1_Ind2_R2_demultiplexed.fastq, data/genome-simulations/genomes_2/demultiplexed/sample_1/genome_2_Ind1_R1_demultiplexed.fastq, data/genome-simulations/genomes_2/demultiplexed/sample_1/genome_2_Ind1_R2_demultiplexed.fastq, data/genome-simulations/genomes_2/demultiplexed/sample_2/genome_2_Ind2_R1_demultiplexed.fastq, data/genome-simulations/genomes_2/demultiplexed/sample_2/genome_2_Ind2_R2_demultiplexed.fastq, data/genome-simulations/genomes_1/fasta/reference_genome_1.fasta.amb, data/genome-simulations/genomes_1/fasta/reference_genome_1.fasta.ann, data/genome-simulations/genomes_1/fasta/reference_genome_1.fasta.bwt, data/genome-simulations/genomes_1/fasta/reference_genome_1.fasta.pac, data/genome-simulations/genomes_1/fasta/reference_genome_1.fasta.sa, data/genome-simulations/genomes_1/fasta/reference_genome_1.fasta.fai, data/genome-simulations/genomes_2/fasta/reference_genome_2.fasta.amb, data/genome-simulations/genomes_2/fasta/reference_genome_2.fasta.ann, data/genome-simulations/genomes_2/fasta/reference_genome_2.fasta.bwt, data/genome-simulations/genomes_2/fasta/reference_genome_2.fasta.pac, data/genome-simulations/genomes_2/fasta/reference_genome_2.fasta.sa, data/genome-simulations/genomes_2/fasta/reference_genome_2.fasta.fai, data/genome-simulations/genomes_1/fasta/reference_genome_1.dict, data/genome-simulations/genomes_2/fasta/reference_genome_2.dict, data/genome-simulations/genomes_1/demultiplexed/sample_1/sorted_aligned_genome_1.bam.bai, data/genome-simulations/genomes_1/demultiplexed/sample_2/sorted_aligned_genome_2.bam.bai, data/genome-simulations/genomes_2/demultiplexed/sample_1/sorted_aligned_genome_1.bam.bai, data/genome-simulations/genomes_2/demultiplexed/sample_2/sorted_aligned_genome_2.bam.bai, data/genome-simulations/genomes_1/demultiplexed/sample_1/sample_1_1.g.vcf, data/genome-simulations/genomes_1/demultiplexed/sample_2/sample_1_2.g.vcf, data/genome-simulations/genomes_2/demultiplexed/sample_1/sample_2_1.g.vcf, data/genome-simulations/genomes_2/demultiplexed/sample_2/sample_2_2.g.vcf, data/genome-simulations/genomes_1/gatk/combined_genomes_run_1.g.vcf, data/genome-simulations/genomes_2/gatk/combined_genomes_run_2.g.vcf
    jobid: 0
    reason: Input files updated by another job: data/genome-simulations/genomes_1/gatk/combined_genomes_run_1.g.vcf, data/genome-simulations/genomes_2/gatk/combined_genomes_run_2.g.vcf
    resources: tmpdir=/var/folders/vr/dm12jytd28d0_z61hq3l47n40000gp/T

[Sun Sep 22 16:40:27 2024]
Finished job 0.
3 of 3 steps (100%) done
Complete log: .snakemake/log/2024-09-22T164024.713485.snakemake.log
