Building DAG of jobs...
Using shell: /bin/bash
Provided cores: 1 (use --cores to define parallelism)
Rules claiming more threads will be scaled down.
Conda environments: ignored
Job stats:
job      count
-----  -------
22           1
23           1
24           1
25           1
all          1
total        5

Select jobs to execute...
Execute 1 jobs...

[Sun Sep 22 13:49:51 2024]
localrule 23:
    input: data/genome-simulations/genomes_1/fasta/reference_genome_1.fasta, data/genome-simulations/genomes_1/demultiplexed/sample_2/sorted_aligned_genome_2.bam
    output: data/genome-simulations/genomes_1/gatk/sample_1_2.g.vcf
    jobid: 22
    reason: Missing output files: data/genome-simulations/genomes_1/gatk/sample_1_2.g.vcf
    resources: tmpdir=/var/folders/vr/dm12jytd28d0_z61hq3l47n40000gp/T

[Sun Sep 22 13:49:52 2024]
Error in rule 23:
    jobid: 22
    input: data/genome-simulations/genomes_1/fasta/reference_genome_1.fasta, data/genome-simulations/genomes_1/demultiplexed/sample_2/sorted_aligned_genome_2.bam
    output: data/genome-simulations/genomes_1/gatk/sample_1_2.g.vcf
    conda-env: /Users/emanuelmfonseca/project/sequencing-migration/.snakemake/conda/35420d6d323181dffcd0642cc29ad476_
    shell:
        
                # Run GATK HaplotypeCaller for variant calling
                gatk HaplotypeCaller --reference data/genome-simulations/genomes_1/fasta/reference_genome_1.fasta --input bam --output data/genome-simulations/genomes_1/gatk/sample_1_2.g.vcf -ERC GVCF
                
        (one of the commands exited with non-zero exit code; note that snakemake uses bash strict mode!)

Shutting down, this might take some time.
Exiting because a job execution failed. Look above for error message
Complete log: .snakemake/log/2024-09-22T134951.102228.snakemake.log
WorkflowError:
At least one job did not complete successfully.
