Building DAG of jobs...
Using shell: /bin/bash
Provided cores: 1 (use --cores to define parallelism)
Rules claiming more threads will be scaled down.
Conda environments: ignored
Job stats:
job      count
-----  -------
12           1
13           1
14           1
15           1
16           1
17           1
9            1
all          1
total        8

Select jobs to execute...
Execute 1 jobs...

[Sun Sep 22 09:50:11 2024]
localrule 15:
    input: data/genome-simulations/genomes_2/fasta/reference_genome_2.fasta, data/genome-simulations/genomes_2/fastq_trimmed/genome_2_R1_trimmed.fastq, data/genome-simulations/genomes_2/fastq_trimmed/genome_2_R2_trimmed.fastq
    output: data/genome-simulations/genomes_2/fasta/reference_genome_2.fasta.amb, data/genome-simulations/genomes_2/fasta/reference_genome_2.fasta.ann, data/genome-simulations/genomes_2/fasta/reference_genome_2.fasta.bwt, data/genome-simulations/genomes_2/fasta/reference_genome_2.fasta.pac, data/genome-simulations/genomes_2/fasta/reference_genome_2.fasta.sa, data/genome-simulations/genomes_2/fasta/reference_genome_2.fasta.fai, data/genome-simulations/genomes_2/fasta/reference_genome_2.dict, data/genome-simulations/genomes_2/aligned_genome/aligned_genome_2.sam, data/genome-simulations/genomes_2/aligned_genome/aligned_genome_2.bam, data/genome-simulations/genomes_2/aligned_genome/sorted_aligned_genome_2.bam
    jobid: 14
    reason: Missing output files: data/genome-simulations/genomes_2/fasta/reference_genome_2.fasta.bwt, data/genome-simulations/genomes_2/fasta/reference_genome_2.fasta.sa, data/genome-simulations/genomes_2/fasta/reference_genome_2.fasta.amb, data/genome-simulations/genomes_2/fasta/reference_genome_2.fasta.fai, data/genome-simulations/genomes_2/fasta/reference_genome_2.fasta.ann, data/genome-simulations/genomes_2/fasta/reference_genome_2.fasta.pac, data/genome-simulations/genomes_2/fasta/reference_genome_2.dict, data/genome-simulations/genomes_2/aligned_genome/sorted_aligned_genome_2.bam
    resources: tmpdir=/var/folders/vr/dm12jytd28d0_z61hq3l47n40000gp/T

RuleException in rule 15 in file /Users/emanuelmfonseca/project/sequencing-migration/Snakefile, line 209:
AttributeError: 'InputFiles' object has no attribute 'fastq_trimmed_R1', when formatting the following:

            # Index the reference genome
            bwa index {input.reference}
            
            # Generate the FASTA index (.fai) file using samtools faidx
            samtools faidx {input.reference}
            
            # Generate the sequence dictionary (.dict) file using Picard
            picard CreateSequenceDictionary R={input.reference} O={output.dicti}
            
            # Align the trimmed FASTQ reads to the reference genome and output SAM file
            bwa mem -M                 -R "@RG\tID:{params.RGID}\tLB:{params.RGLB}\tPL:{params.RGPL}\tPM:{params.RGPM}\tSM:{params.RGSM}"                 {input.reference} {input.fastq_trimmed_R1} {input.fastq_trimmed_R2}                 > {output.sam}
            
            # Convert SAM to BAM
            samtools view -Sb {output.sam} > {output.bam}
            
            # Sort the BAM file
            samtools sort {output.bam} -o {output.sorted_bam}
            
