Building DAG of jobs...
Using shell: /bin/bash
Provided cores: 1 (use --cores to define parallelism)
Rules claiming more threads will be scaled down.
Conda environments: ignored
Job stats:
job      count
-----  -------
5            1
6            1
all          1
total        3

Select jobs to execute...
Execute 1 jobs...

[Sun Sep 22 06:08:04 2024]
localrule 6:
    input: data/genome-simulations/genomes_2/multifasta/multifasta_genome_2.fasta
    output: data/genome-simulations/genomes_2/fastq/genome_2
    jobid: 5
    reason: Missing output files: data/genome-simulations/genomes_2/fastq/genome_2
    resources: tmpdir=/var/folders/vr/dm12jytd28d0_z61hq3l47n40000gp/T

[Sun Sep 22 06:08:05 2024]
Error in rule 6:
    jobid: 5
    input: data/genome-simulations/genomes_2/multifasta/multifasta_genome_2.fasta
    output: data/genome-simulations/genomes_2/fastq/genome_2
    conda-env: /Users/emanuelmfonseca/project/sequencing-migration/.snakemake/conda/cce32f2bce268a135b12d86d179a18d6_
    shell:
        
            iss generate --model hiseq --genomes data/genome-simulations/genomes_2/multifasta/multifasta_genome_2.fasta --n_reads 10000 --cpus 4 --output data/genome-simulations/genomes_2/fastq/genome_2

            # Remove specific output files if necessary (adjust paths as needed)
            rm data/genome-simulations/genomes_2/fastqc/*.txt data/genome-simulations/genomes_2/fastqc/*.vcf

            
        (one of the commands exited with non-zero exit code; note that snakemake uses bash strict mode!)

Shutting down, this might take some time.
Exiting because a job execution failed. Look above for error message
Complete log: .snakemake/log/2024-09-22T060804.890198.snakemake.log
WorkflowError:
At least one job did not complete successfully.
