Building DAG of jobs...
Using shell: /bin/bash
Provided cores: 4
Rules claiming more threads will be scaled down.
Conda environments: ignored
Job stats:
job                count
---------------  -------
10                     1
11                     1
12                     1
13                     1
14                     1
15                     1
16                     1
17                     1
18                     1
19                     1
20                     1
21                     1
22                     1
23                     1
24                     1
25                     1
26                     1
27                     1
4                      1
5                      1
6                      1
7                      1
8                      1
9                      1
all                    1
generate_genome        1
generate_snps          1
total                 27

Select jobs to execute...
Execute 1 jobs...

[Sun Sep 22 17:18:02 2024]
localrule generate_snps:
    input: /Users/emanuelmfonseca/project/sequencing-migration/scripts/demographic-simulation.py
    output: data/demographic-simulations/snp-matrix_1.txt, data/demographic-simulations/snp-matrix_2.txt
    jobid: 5
    reason: Missing output files: data/demographic-simulations/snp-matrix_1.txt, data/demographic-simulations/snp-matrix_2.txt
    resources: tmpdir=/var/folders/vr/dm12jytd28d0_z61hq3l47n40000gp/T

[Sun Sep 22 17:18:03 2024]
Finished job 5.
1 of 27 steps (4%) done
Select jobs to execute...
Execute 1 jobs...

[Sun Sep 22 17:18:03 2024]
localrule generate_genome:
    input: data/demographic-simulations/snp-matrix_1.txt, data/demographic-simulations/snp-matrix_2.txt, /Users/emanuelmfonseca/project/sequencing-migration/scripts/genome-simulation.py, /Users/emanuelmfonseca/project/sequencing-migration
    output: data/genome-simulations/genomes_1/fasta/reference_genome_1.fasta, data/genome-simulations/genomes_2/fasta/reference_genome_2.fasta, data/genome-simulations/genomes_1/fasta/individual_genome_1.fasta, data/genome-simulations/genomes_1/fasta/individual_genome_2.fasta, data/genome-simulations/genomes_2/fasta/individual_genome_1.fasta, data/genome-simulations/genomes_2/fasta/individual_genome_2.fasta
    jobid: 4
    reason: Missing output files: data/genome-simulations/genomes_2/fasta/individual_genome_1.fasta, data/genome-simulations/genomes_1/fasta/individual_genome_1.fasta, data/genome-simulations/genomes_1/fasta/individual_genome_2.fasta, data/genome-simulations/genomes_1/fasta/reference_genome_1.fasta, data/genome-simulations/genomes_2/fasta/reference_genome_2.fasta, data/genome-simulations/genomes_2/fasta/individual_genome_2.fasta; Input files updated by another job: data/demographic-simulations/snp-matrix_1.txt, data/demographic-simulations/snp-matrix_2.txt
    resources: tmpdir=/var/folders/vr/dm12jytd28d0_z61hq3l47n40000gp/T

[Sun Sep 22 17:18:03 2024]
Finished job 4.
2 of 27 steps (7%) done
Select jobs to execute...
Execute 4 jobs...

[Sun Sep 22 17:18:03 2024]
localrule 4:
    input: data/genome-simulations/genomes_1/fasta/individual_genome_1.fasta, data/genome-simulations/genomes_1/fasta/individual_genome_2.fasta
    output: data/genome-simulations/genomes_1/multifasta/multifasta_genome_1.fasta
    jobid: 3
    reason: Missing output files: data/genome-simulations/genomes_1/multifasta/multifasta_genome_1.fasta; Input files updated by another job: data/genome-simulations/genomes_1/fasta/individual_genome_2.fasta, data/genome-simulations/genomes_1/fasta/individual_genome_1.fasta
    resources: tmpdir=/var/folders/vr/dm12jytd28d0_z61hq3l47n40000gp/T


[Sun Sep 22 17:18:03 2024]
localrule 17:
    input: data/genome-simulations/genomes_2/fasta/reference_genome_2.fasta
    output: data/genome-simulations/genomes_2/fasta/reference_genome_2.fasta.amb, data/genome-simulations/genomes_2/fasta/reference_genome_2.fasta.ann, data/genome-simulations/genomes_2/fasta/reference_genome_2.fasta.bwt, data/genome-simulations/genomes_2/fasta/reference_genome_2.fasta.pac, data/genome-simulations/genomes_2/fasta/reference_genome_2.fasta.sa, data/genome-simulations/genomes_2/fasta/reference_genome_2.fasta.fai, data/genome-simulations/genomes_2/fasta/reference_genome_2.dict
    jobid: 16
    reason: Missing output files: data/genome-simulations/genomes_2/fasta/reference_genome_2.dict, data/genome-simulations/genomes_2/fasta/reference_genome_2.fasta.sa, data/genome-simulations/genomes_2/fasta/reference_genome_2.fasta.ann, data/genome-simulations/genomes_2/fasta/reference_genome_2.fasta.bwt, data/genome-simulations/genomes_2/fasta/reference_genome_2.fasta.pac, data/genome-simulations/genomes_2/fasta/reference_genome_2.fasta.amb, data/genome-simulations/genomes_2/fasta/reference_genome_2.fasta.fai; Input files updated by another job: data/genome-simulations/genomes_2/fasta/reference_genome_2.fasta
    resources: tmpdir=/var/folders/vr/dm12jytd28d0_z61hq3l47n40000gp/T


[Sun Sep 22 17:18:03 2024]
localrule 5:
    input: data/genome-simulations/genomes_2/fasta/individual_genome_1.fasta, data/genome-simulations/genomes_2/fasta/individual_genome_2.fasta
    output: data/genome-simulations/genomes_2/multifasta/multifasta_genome_2.fasta
    jobid: 8
    reason: Missing output files: data/genome-simulations/genomes_2/multifasta/multifasta_genome_2.fasta; Input files updated by another job: data/genome-simulations/genomes_2/fasta/individual_genome_2.fasta, data/genome-simulations/genomes_2/fasta/individual_genome_1.fasta
    resources: tmpdir=/var/folders/vr/dm12jytd28d0_z61hq3l47n40000gp/T


[Sun Sep 22 17:18:03 2024]
localrule 16:
    input: data/genome-simulations/genomes_1/fasta/reference_genome_1.fasta
    output: data/genome-simulations/genomes_1/fasta/reference_genome_1.fasta.amb, data/genome-simulations/genomes_1/fasta/reference_genome_1.fasta.ann, data/genome-simulations/genomes_1/fasta/reference_genome_1.fasta.bwt, data/genome-simulations/genomes_1/fasta/reference_genome_1.fasta.pac, data/genome-simulations/genomes_1/fasta/reference_genome_1.fasta.sa, data/genome-simulations/genomes_1/fasta/reference_genome_1.fasta.fai, data/genome-simulations/genomes_1/fasta/reference_genome_1.dict
    jobid: 15
    reason: Missing output files: data/genome-simulations/genomes_1/fasta/reference_genome_1.dict, data/genome-simulations/genomes_1/fasta/reference_genome_1.fasta.pac, data/genome-simulations/genomes_1/fasta/reference_genome_1.fasta.amb, data/genome-simulations/genomes_1/fasta/reference_genome_1.fasta.ann, data/genome-simulations/genomes_1/fasta/reference_genome_1.fasta.bwt, data/genome-simulations/genomes_1/fasta/reference_genome_1.fasta.sa, data/genome-simulations/genomes_1/fasta/reference_genome_1.fasta.fai; Input files updated by another job: data/genome-simulations/genomes_1/fasta/reference_genome_1.fasta
    resources: tmpdir=/var/folders/vr/dm12jytd28d0_z61hq3l47n40000gp/T

[Sun Sep 22 17:18:03 2024]
Finished job 3.
3 of 27 steps (11%) done
Select jobs to execute...
Execute 1 jobs...

[Sun Sep 22 17:18:03 2024]
localrule 6:
    input: data/genome-simulations/genomes_1/multifasta/multifasta_genome_1.fasta
    output: data/genome-simulations/genomes_1/fastq/genome_1_R1.fastq, data/genome-simulations/genomes_1/fastq/genome_1_R2.fastq
    jobid: 2
    reason: Missing output files: data/genome-simulations/genomes_1/fastq/genome_1_R2.fastq, data/genome-simulations/genomes_1/fastq/genome_1_R1.fastq; Input files updated by another job: data/genome-simulations/genomes_1/multifasta/multifasta_genome_1.fasta
    resources: tmpdir=/var/folders/vr/dm12jytd28d0_z61hq3l47n40000gp/T

[Sun Sep 22 17:18:03 2024]
Finished job 8.
4 of 27 steps (15%) done
Select jobs to execute...
Execute 1 jobs...

[Sun Sep 22 17:18:03 2024]
localrule 7:
    input: data/genome-simulations/genomes_2/multifasta/multifasta_genome_2.fasta
    output: data/genome-simulations/genomes_2/fastq/genome_2_R1.fastq, data/genome-simulations/genomes_2/fastq/genome_2_R2.fastq
    jobid: 7
    reason: Missing output files: data/genome-simulations/genomes_2/fastq/genome_2_R1.fastq, data/genome-simulations/genomes_2/fastq/genome_2_R2.fastq; Input files updated by another job: data/genome-simulations/genomes_2/multifasta/multifasta_genome_2.fasta
    resources: tmpdir=/var/folders/vr/dm12jytd28d0_z61hq3l47n40000gp/T

[Sun Sep 22 17:18:04 2024]
Finished job 15.
5 of 27 steps (19%) done
[Sun Sep 22 17:18:04 2024]
Finished job 16.
6 of 27 steps (22%) done
[Sun Sep 22 17:18:05 2024]
Finished job 7.
7 of 27 steps (26%) done
Select jobs to execute...
Execute 2 jobs...

[Sun Sep 22 17:18:05 2024]
localrule 9:
    input: data/genome-simulations/genomes_2/fastq/genome_2_R1.fastq, data/genome-simulations/genomes_2/fastq/genome_2_R2.fastq
    output: data/genome-simulations/genomes_2/qc/genome_2_R1_fastqc.html, data/genome-simulations/genomes_2/qc/genome_2_R2_fastqc.html
    jobid: 6
    reason: Missing output files: data/genome-simulations/genomes_2/qc/genome_2_R1_fastqc.html, data/genome-simulations/genomes_2/qc/genome_2_R2_fastqc.html; Input files updated by another job: data/genome-simulations/genomes_2/fastq/genome_2_R1.fastq, data/genome-simulations/genomes_2/fastq/genome_2_R2.fastq
    resources: tmpdir=/var/folders/vr/dm12jytd28d0_z61hq3l47n40000gp/T


[Sun Sep 22 17:18:05 2024]
localrule 11:
    input: data/genome-simulations/genomes_2/fastq/genome_2_R1.fastq, data/genome-simulations/genomes_2/fastq/genome_2_R2.fastq
    output: data/genome-simulations/genomes_2/fastq_trimmed/genome_2_R1_trimmed.fastq, data/genome-simulations/genomes_2/fastq_trimmed/genome_2_R2_trimmed.fastq, data/genome-simulations/genomes_2/fastq_trimmed/trimmomatic_2.log
    jobid: 12
    reason: Missing output files: data/genome-simulations/genomes_2/fastq_trimmed/genome_2_R2_trimmed.fastq, data/genome-simulations/genomes_2/fastq_trimmed/genome_2_R1_trimmed.fastq; Input files updated by another job: data/genome-simulations/genomes_2/fastq/genome_2_R1.fastq, data/genome-simulations/genomes_2/fastq/genome_2_R2.fastq
    resources: tmpdir=/var/folders/vr/dm12jytd28d0_z61hq3l47n40000gp/T

[Sun Sep 22 17:18:05 2024]
Finished job 2.
8 of 27 steps (30%) done
Select jobs to execute...
Execute 2 jobs...

[Sun Sep 22 17:18:05 2024]
localrule 10:
    input: data/genome-simulations/genomes_1/fastq/genome_1_R1.fastq, data/genome-simulations/genomes_1/fastq/genome_1_R2.fastq
    output: data/genome-simulations/genomes_1/fastq_trimmed/genome_1_R1_trimmed.fastq, data/genome-simulations/genomes_1/fastq_trimmed/genome_1_R2_trimmed.fastq, data/genome-simulations/genomes_1/fastq_trimmed/trimmomatic_1.log
    jobid: 10
    reason: Missing output files: data/genome-simulations/genomes_1/fastq_trimmed/genome_1_R2_trimmed.fastq, data/genome-simulations/genomes_1/fastq_trimmed/genome_1_R1_trimmed.fastq; Input files updated by another job: data/genome-simulations/genomes_1/fastq/genome_1_R2.fastq, data/genome-simulations/genomes_1/fastq/genome_1_R1.fastq
    resources: tmpdir=/var/folders/vr/dm12jytd28d0_z61hq3l47n40000gp/T


[Sun Sep 22 17:18:05 2024]
localrule 8:
    input: data/genome-simulations/genomes_1/fastq/genome_1_R1.fastq, data/genome-simulations/genomes_1/fastq/genome_1_R2.fastq
    output: data/genome-simulations/genomes_1/qc/genome_1_R1_fastqc.html, data/genome-simulations/genomes_1/qc/genome_1_R2_fastqc.html
    jobid: 1
    reason: Missing output files: data/genome-simulations/genomes_1/qc/genome_1_R2_fastqc.html, data/genome-simulations/genomes_1/qc/genome_1_R1_fastqc.html; Input files updated by another job: data/genome-simulations/genomes_1/fastq/genome_1_R2.fastq, data/genome-simulations/genomes_1/fastq/genome_1_R1.fastq
    resources: tmpdir=/var/folders/vr/dm12jytd28d0_z61hq3l47n40000gp/T

[Sun Sep 22 17:18:05 2024]
Finished job 12.
9 of 27 steps (33%) done
Select jobs to execute...
Execute 1 jobs...

[Sun Sep 22 17:18:05 2024]
localrule 15:
    input: data/genome-simulations/genomes_2/fastq_trimmed/genome_2_R1_trimmed.fastq, data/genome-simulations/genomes_2/fastq_trimmed/genome_2_R2_trimmed.fastq
    output: data/genome-simulations/genomes_2/demultiplexed/sample_1/genome_2_Ind1_R1_demultiplexed.fastq, data/genome-simulations/genomes_2/demultiplexed/sample_1/genome_2_Ind1_R2_demultiplexed.fastq, data/genome-simulations/genomes_2/demultiplexed/sample_2/genome_2_Ind2_R1_demultiplexed.fastq, data/genome-simulations/genomes_2/demultiplexed/sample_2/genome_2_Ind2_R2_demultiplexed.fastq
    jobid: 14
    reason: Missing output files: data/genome-simulations/genomes_2/demultiplexed/sample_1/genome_2_Ind1_R2_demultiplexed.fastq, data/genome-simulations/genomes_2/demultiplexed/sample_2/genome_2_Ind2_R1_demultiplexed.fastq, data/genome-simulations/genomes_2/demultiplexed/sample_1/genome_2_Ind1_R1_demultiplexed.fastq, data/genome-simulations/genomes_2/demultiplexed/sample_2/genome_2_Ind2_R2_demultiplexed.fastq; Input files updated by another job: data/genome-simulations/genomes_2/fastq_trimmed/genome_2_R2_trimmed.fastq, data/genome-simulations/genomes_2/fastq_trimmed/genome_2_R1_trimmed.fastq
    resources: tmpdir=/var/folders/vr/dm12jytd28d0_z61hq3l47n40000gp/T

[Sun Sep 22 17:18:05 2024]
Finished job 10.
10 of 27 steps (37%) done
Select jobs to execute...
Execute 1 jobs...

[Sun Sep 22 17:18:05 2024]
localrule 14:
    input: data/genome-simulations/genomes_1/fastq_trimmed/genome_1_R1_trimmed.fastq, data/genome-simulations/genomes_1/fastq_trimmed/genome_1_R2_trimmed.fastq
    output: data/genome-simulations/genomes_1/demultiplexed/sample_1/genome_1_Ind1_R1_demultiplexed.fastq, data/genome-simulations/genomes_1/demultiplexed/sample_1/genome_1_Ind1_R2_demultiplexed.fastq, data/genome-simulations/genomes_1/demultiplexed/sample_2/genome_1_Ind2_R1_demultiplexed.fastq, data/genome-simulations/genomes_1/demultiplexed/sample_2/genome_1_Ind2_R2_demultiplexed.fastq
    jobid: 13
    reason: Missing output files: data/genome-simulations/genomes_1/demultiplexed/sample_2/genome_1_Ind2_R1_demultiplexed.fastq, data/genome-simulations/genomes_1/demultiplexed/sample_1/genome_1_Ind1_R1_demultiplexed.fastq, data/genome-simulations/genomes_1/demultiplexed/sample_1/genome_1_Ind1_R2_demultiplexed.fastq, data/genome-simulations/genomes_1/demultiplexed/sample_2/genome_1_Ind2_R2_demultiplexed.fastq; Input files updated by another job: data/genome-simulations/genomes_1/fastq_trimmed/genome_1_R2_trimmed.fastq, data/genome-simulations/genomes_1/fastq_trimmed/genome_1_R1_trimmed.fastq
    resources: tmpdir=/var/folders/vr/dm12jytd28d0_z61hq3l47n40000gp/T

[Sun Sep 22 17:18:05 2024]
Finished job 14.
11 of 27 steps (41%) done
Select jobs to execute...
Execute 1 jobs...

[Sun Sep 22 17:18:05 2024]
localrule 12:
    input: data/genome-simulations/genomes_1/fastq_trimmed/genome_1_R1_trimmed.fastq, data/genome-simulations/genomes_1/fastq_trimmed/genome_1_R2_trimmed.fastq
    output: data/genome-simulations/genomes_1/qc_trimmed/genome_1_R1_trimmed_fastqc.html, data/genome-simulations/genomes_1/qc_trimmed/genome_1_R2_trimmed_fastqc.html
    jobid: 9
    reason: Missing output files: data/genome-simulations/genomes_1/qc_trimmed/genome_1_R2_trimmed_fastqc.html, data/genome-simulations/genomes_1/qc_trimmed/genome_1_R1_trimmed_fastqc.html; Input files updated by another job: data/genome-simulations/genomes_1/fastq_trimmed/genome_1_R2_trimmed.fastq, data/genome-simulations/genomes_1/fastq_trimmed/genome_1_R1_trimmed.fastq
    resources: tmpdir=/var/folders/vr/dm12jytd28d0_z61hq3l47n40000gp/T

[Sun Sep 22 17:18:05 2024]
Finished job 13.
12 of 27 steps (44%) done
Select jobs to execute...
Execute 1 jobs...

[Sun Sep 22 17:18:05 2024]
localrule 13:
    input: data/genome-simulations/genomes_2/fastq_trimmed/genome_2_R1_trimmed.fastq, data/genome-simulations/genomes_2/fastq_trimmed/genome_2_R2_trimmed.fastq
    output: data/genome-simulations/genomes_2/qc_trimmed/genome_2_R1_trimmed_fastqc.html, data/genome-simulations/genomes_2/qc_trimmed/genome_2_R2_trimmed_fastqc.html
    jobid: 11
    reason: Missing output files: data/genome-simulations/genomes_2/qc_trimmed/genome_2_R1_trimmed_fastqc.html, data/genome-simulations/genomes_2/qc_trimmed/genome_2_R2_trimmed_fastqc.html; Input files updated by another job: data/genome-simulations/genomes_2/fastq_trimmed/genome_2_R2_trimmed.fastq, data/genome-simulations/genomes_2/fastq_trimmed/genome_2_R1_trimmed.fastq
    resources: tmpdir=/var/folders/vr/dm12jytd28d0_z61hq3l47n40000gp/T

[Sun Sep 22 17:18:10 2024]
Finished job 1.
13 of 27 steps (48%) done
Select jobs to execute...
[Sun Sep 22 17:18:10 2024]
Finished job 9.
14 of 27 steps (52%) done
[Sun Sep 22 17:18:11 2024]
Finished job 6.
15 of 27 steps (56%) done
[Sun Sep 22 17:18:11 2024]
Finished job 11.
16 of 27 steps (59%) done
Execute 1 jobs...

[Sun Sep 22 17:18:11 2024]
localrule 18:
    input: data/genome-simulations/genomes_1/fasta/reference_genome_1.fasta, data/genome-simulations/genomes_1/demultiplexed/sample_1/genome_1_Ind1_R1_demultiplexed.fastq, data/genome-simulations/genomes_1/demultiplexed/sample_1/genome_1_Ind1_R2_demultiplexed.fastq
    output: data/genome-simulations/genomes_1/demultiplexed/sample_1/aligned_genome_1.sam, data/genome-simulations/genomes_1/demultiplexed/sample_1/aligned_genome_1.bam, data/genome-simulations/genomes_1/demultiplexed/sample_1/sorted_aligned_genome_1.bam, data/genome-simulations/genomes_1/demultiplexed/sample_1/dedup_metrics.txt, data/genome-simulations/genomes_1/demultiplexed/sample_1/dedup_sorted_aligned_genome_1.bam, data/genome-simulations/genomes_1/demultiplexed/sample_1/dedup_sorted_aligned_genome_1.bam.bai
    jobid: 17
    reason: Missing output files: data/genome-simulations/genomes_1/demultiplexed/sample_1/dedup_sorted_aligned_genome_1.bam, data/genome-simulations/genomes_1/demultiplexed/sample_1/dedup_sorted_aligned_genome_1.bam.bai; Input files updated by another job: data/genome-simulations/genomes_1/demultiplexed/sample_1/genome_1_Ind1_R1_demultiplexed.fastq, data/genome-simulations/genomes_1/demultiplexed/sample_1/genome_1_Ind1_R2_demultiplexed.fastq, data/genome-simulations/genomes_1/fasta/reference_genome_1.fasta
    threads: 4
    resources: tmpdir=/var/folders/vr/dm12jytd28d0_z61hq3l47n40000gp/T

[Sun Sep 22 17:18:12 2024]
Finished job 17.
17 of 27 steps (63%) done
Select jobs to execute...
Execute 1 jobs...

[Sun Sep 22 17:18:12 2024]
localrule 19:
    input: data/genome-simulations/genomes_1/fasta/reference_genome_1.fasta, data/genome-simulations/genomes_1/demultiplexed/sample_2/genome_1_Ind2_R1_demultiplexed.fastq, data/genome-simulations/genomes_1/demultiplexed/sample_2/genome_1_Ind2_R2_demultiplexed.fastq
    output: data/genome-simulations/genomes_1/demultiplexed/sample_2/aligned_genome_2.sam, data/genome-simulations/genomes_1/demultiplexed/sample_2/aligned_genome_2.bam, data/genome-simulations/genomes_1/demultiplexed/sample_2/sorted_aligned_genome_2.bam, data/genome-simulations/genomes_1/demultiplexed/sample_2/dedup_metrics.txt, data/genome-simulations/genomes_1/demultiplexed/sample_2/dedup_sorted_aligned_genome_2.bam, data/genome-simulations/genomes_1/demultiplexed/sample_2/dedup_sorted_aligned_genome_2.bam.bai
    jobid: 18
    reason: Missing output files: data/genome-simulations/genomes_1/demultiplexed/sample_2/dedup_sorted_aligned_genome_2.bam.bai, data/genome-simulations/genomes_1/demultiplexed/sample_2/dedup_sorted_aligned_genome_2.bam; Input files updated by another job: data/genome-simulations/genomes_1/demultiplexed/sample_2/genome_1_Ind2_R1_demultiplexed.fastq, data/genome-simulations/genomes_1/demultiplexed/sample_2/genome_1_Ind2_R2_demultiplexed.fastq, data/genome-simulations/genomes_1/fasta/reference_genome_1.fasta
    threads: 4
    resources: tmpdir=/var/folders/vr/dm12jytd28d0_z61hq3l47n40000gp/T

[Sun Sep 22 17:18:12 2024]
Finished job 18.
18 of 27 steps (67%) done
Select jobs to execute...
Execute 1 jobs...

[Sun Sep 22 17:18:12 2024]
localrule 20:
    input: data/genome-simulations/genomes_2/fasta/reference_genome_2.fasta, data/genome-simulations/genomes_2/demultiplexed/sample_1/genome_2_Ind1_R1_demultiplexed.fastq, data/genome-simulations/genomes_2/demultiplexed/sample_1/genome_2_Ind1_R2_demultiplexed.fastq
    output: data/genome-simulations/genomes_2/demultiplexed/sample_1/aligned_genome_1.sam, data/genome-simulations/genomes_2/demultiplexed/sample_1/aligned_genome_1.bam, data/genome-simulations/genomes_2/demultiplexed/sample_1/sorted_aligned_genome_1.bam, data/genome-simulations/genomes_2/demultiplexed/sample_1/dedup_metrics.txt, data/genome-simulations/genomes_2/demultiplexed/sample_1/dedup_sorted_aligned_genome_1.bam, data/genome-simulations/genomes_2/demultiplexed/sample_1/dedup_sorted_aligned_genome_1.bam.bai
    jobid: 19
    reason: Missing output files: data/genome-simulations/genomes_2/demultiplexed/sample_1/dedup_sorted_aligned_genome_1.bam.bai, data/genome-simulations/genomes_2/demultiplexed/sample_1/dedup_sorted_aligned_genome_1.bam; Input files updated by another job: data/genome-simulations/genomes_2/demultiplexed/sample_1/genome_2_Ind1_R2_demultiplexed.fastq, data/genome-simulations/genomes_2/demultiplexed/sample_1/genome_2_Ind1_R1_demultiplexed.fastq, data/genome-simulations/genomes_2/fasta/reference_genome_2.fasta
    threads: 4
    resources: tmpdir=/var/folders/vr/dm12jytd28d0_z61hq3l47n40000gp/T

[Sun Sep 22 17:18:13 2024]
Finished job 19.
19 of 27 steps (70%) done
Select jobs to execute...
Execute 1 jobs...

[Sun Sep 22 17:18:13 2024]
localrule 24:
    input: data/genome-simulations/genomes_2/fasta/reference_genome_2.fasta, data/genome-simulations/genomes_2/demultiplexed/sample_1/dedup_sorted_aligned_genome_1.bam, data/genome-simulations/genomes_2/demultiplexed/sample_1/dedup_sorted_aligned_genome_1.bam.bai
    output: data/genome-simulations/genomes_2/demultiplexed/sample_1/sample_2_1.g.vcf
    jobid: 23
    reason: Missing output files: data/genome-simulations/genomes_2/demultiplexed/sample_1/sample_2_1.g.vcf; Input files updated by another job: data/genome-simulations/genomes_2/demultiplexed/sample_1/dedup_sorted_aligned_genome_1.bam.bai, data/genome-simulations/genomes_2/fasta/reference_genome_2.fasta, data/genome-simulations/genomes_2/demultiplexed/sample_1/dedup_sorted_aligned_genome_1.bam
    threads: 4
    resources: tmpdir=/var/folders/vr/dm12jytd28d0_z61hq3l47n40000gp/T

[Sun Sep 22 17:18:15 2024]
Finished job 23.
20 of 27 steps (74%) done
Select jobs to execute...
Execute 1 jobs...

[Sun Sep 22 17:18:15 2024]
localrule 27:
    input: data/genome-simulations/genomes_2/fasta/reference_genome_2.fasta, data/genome-simulations/genomes_2/demultiplexed/sample_1/dedup_sorted_aligned_genome_1.bam.bai
    output: data/genome-simulations/genomes_2/gatk/combined_genomes_run_2.g.vcf, data/fully-processed-data/genomes_fully_processed_run_2.vcf
    jobid: 26
    reason: Missing output files: data/fully-processed-data/genomes_fully_processed_run_2.vcf; Input files updated by another job: data/genome-simulations/genomes_2/demultiplexed/sample_1/dedup_sorted_aligned_genome_1.bam.bai, data/genome-simulations/genomes_2/fasta/reference_genome_2.fasta
    threads: 4
    resources: tmpdir=/var/folders/vr/dm12jytd28d0_z61hq3l47n40000gp/T

[Sun Sep 22 17:18:17 2024]
Finished job 26.
21 of 27 steps (78%) done
Select jobs to execute...
Execute 1 jobs...

[Sun Sep 22 17:18:17 2024]
localrule 23:
    input: data/genome-simulations/genomes_1/fasta/reference_genome_1.fasta, data/genome-simulations/genomes_1/demultiplexed/sample_2/dedup_sorted_aligned_genome_2.bam, data/genome-simulations/genomes_1/demultiplexed/sample_2/dedup_sorted_aligned_genome_2.bam.bai
    output: data/genome-simulations/genomes_1/demultiplexed/sample_2/sample_1_2.g.vcf
    jobid: 22
    reason: Missing output files: data/genome-simulations/genomes_1/demultiplexed/sample_2/sample_1_2.g.vcf; Input files updated by another job: data/genome-simulations/genomes_1/demultiplexed/sample_2/dedup_sorted_aligned_genome_2.bam.bai, data/genome-simulations/genomes_1/demultiplexed/sample_2/dedup_sorted_aligned_genome_2.bam, data/genome-simulations/genomes_1/fasta/reference_genome_1.fasta
    threads: 4
    resources: tmpdir=/var/folders/vr/dm12jytd28d0_z61hq3l47n40000gp/T

[Sun Sep 22 17:18:19 2024]
Finished job 22.
22 of 27 steps (81%) done
Select jobs to execute...
Execute 1 jobs...

[Sun Sep 22 17:18:19 2024]
localrule 22:
    input: data/genome-simulations/genomes_1/fasta/reference_genome_1.fasta, data/genome-simulations/genomes_1/demultiplexed/sample_1/dedup_sorted_aligned_genome_1.bam, data/genome-simulations/genomes_1/demultiplexed/sample_1/dedup_sorted_aligned_genome_1.bam.bai
    output: data/genome-simulations/genomes_1/demultiplexed/sample_1/sample_1_1.g.vcf
    jobid: 21
    reason: Missing output files: data/genome-simulations/genomes_1/demultiplexed/sample_1/sample_1_1.g.vcf; Input files updated by another job: data/genome-simulations/genomes_1/demultiplexed/sample_1/dedup_sorted_aligned_genome_1.bam, data/genome-simulations/genomes_1/demultiplexed/sample_1/dedup_sorted_aligned_genome_1.bam.bai, data/genome-simulations/genomes_1/fasta/reference_genome_1.fasta
    threads: 4
    resources: tmpdir=/var/folders/vr/dm12jytd28d0_z61hq3l47n40000gp/T

[Sun Sep 22 17:18:21 2024]
Finished job 21.
23 of 27 steps (85%) done
Select jobs to execute...
Execute 1 jobs...

[Sun Sep 22 17:18:21 2024]
localrule 26:
    input: data/genome-simulations/genomes_1/fasta/reference_genome_1.fasta, data/genome-simulations/genomes_1/demultiplexed/sample_1/dedup_sorted_aligned_genome_1.bam.bai
    output: data/genome-simulations/genomes_1/gatk/combined_genomes_run_1.g.vcf, data/fully-processed-data/genomes_fully_processed_run_1.vcf
    jobid: 25
    reason: Missing output files: data/fully-processed-data/genomes_fully_processed_run_1.vcf; Input files updated by another job: data/genome-simulations/genomes_1/demultiplexed/sample_1/dedup_sorted_aligned_genome_1.bam.bai, data/genome-simulations/genomes_1/fasta/reference_genome_1.fasta
    threads: 4
    resources: tmpdir=/var/folders/vr/dm12jytd28d0_z61hq3l47n40000gp/T

[Sun Sep 22 17:18:23 2024]
Finished job 25.
24 of 27 steps (89%) done
Select jobs to execute...
Execute 1 jobs...

[Sun Sep 22 17:18:23 2024]
localrule 21:
    input: data/genome-simulations/genomes_2/fasta/reference_genome_2.fasta, data/genome-simulations/genomes_2/demultiplexed/sample_2/genome_2_Ind2_R1_demultiplexed.fastq, data/genome-simulations/genomes_2/demultiplexed/sample_2/genome_2_Ind2_R2_demultiplexed.fastq
    output: data/genome-simulations/genomes_2/demultiplexed/sample_2/aligned_genome_2.sam, data/genome-simulations/genomes_2/demultiplexed/sample_2/aligned_genome_2.bam, data/genome-simulations/genomes_2/demultiplexed/sample_2/sorted_aligned_genome_2.bam, data/genome-simulations/genomes_2/demultiplexed/sample_2/dedup_metrics.txt, data/genome-simulations/genomes_2/demultiplexed/sample_2/dedup_sorted_aligned_genome_2.bam, data/genome-simulations/genomes_2/demultiplexed/sample_2/dedup_sorted_aligned_genome_2.bam.bai
    jobid: 20
    reason: Missing output files: data/genome-simulations/genomes_2/demultiplexed/sample_2/dedup_sorted_aligned_genome_2.bam, data/genome-simulations/genomes_2/demultiplexed/sample_2/dedup_sorted_aligned_genome_2.bam.bai; Input files updated by another job: data/genome-simulations/genomes_2/demultiplexed/sample_2/genome_2_Ind2_R1_demultiplexed.fastq, data/genome-simulations/genomes_2/demultiplexed/sample_2/genome_2_Ind2_R2_demultiplexed.fastq, data/genome-simulations/genomes_2/fasta/reference_genome_2.fasta
    threads: 4
    resources: tmpdir=/var/folders/vr/dm12jytd28d0_z61hq3l47n40000gp/T

[Sun Sep 22 17:18:24 2024]
Finished job 20.
25 of 27 steps (93%) done
Select jobs to execute...
Execute 1 jobs...

[Sun Sep 22 17:18:24 2024]
localrule 25:
    input: data/genome-simulations/genomes_2/fasta/reference_genome_2.fasta, data/genome-simulations/genomes_2/demultiplexed/sample_2/dedup_sorted_aligned_genome_2.bam, data/genome-simulations/genomes_2/demultiplexed/sample_2/dedup_sorted_aligned_genome_2.bam.bai
    output: data/genome-simulations/genomes_2/demultiplexed/sample_2/sample_2_2.g.vcf
    jobid: 24
    reason: Missing output files: data/genome-simulations/genomes_2/demultiplexed/sample_2/sample_2_2.g.vcf; Input files updated by another job: data/genome-simulations/genomes_2/demultiplexed/sample_2/dedup_sorted_aligned_genome_2.bam, data/genome-simulations/genomes_2/fasta/reference_genome_2.fasta, data/genome-simulations/genomes_2/demultiplexed/sample_2/dedup_sorted_aligned_genome_2.bam.bai
    threads: 4
    resources: tmpdir=/var/folders/vr/dm12jytd28d0_z61hq3l47n40000gp/T

[Sun Sep 22 17:18:26 2024]
Finished job 24.
26 of 27 steps (96%) done
Select jobs to execute...
Execute 1 jobs...

[Sun Sep 22 17:18:26 2024]
localrule all:
    input: data/genome-simulations/genomes_1/qc/genome_1_R1_fastqc.html, data/genome-simulations/genomes_1/qc/genome_1_R2_fastqc.html, data/genome-simulations/genomes_2/qc/genome_2_R1_fastqc.html, data/genome-simulations/genomes_2/qc/genome_2_R2_fastqc.html, data/genome-simulations/genomes_1/qc_trimmed/genome_1_R1_trimmed_fastqc.html, data/genome-simulations/genomes_1/qc_trimmed/genome_1_R2_trimmed_fastqc.html, data/genome-simulations/genomes_2/qc_trimmed/genome_2_R1_trimmed_fastqc.html, data/genome-simulations/genomes_2/qc_trimmed/genome_2_R2_trimmed_fastqc.html, data/genome-simulations/genomes_1/fastq_trimmed/genome_1_R1_trimmed.fastq, data/genome-simulations/genomes_1/fastq_trimmed/genome_1_R2_trimmed.fastq, data/genome-simulations/genomes_2/fastq_trimmed/genome_2_R1_trimmed.fastq, data/genome-simulations/genomes_2/fastq_trimmed/genome_2_R2_trimmed.fastq, data/genome-simulations/genomes_1/demultiplexed/sample_1/genome_1_Ind1_R1_demultiplexed.fastq, data/genome-simulations/genomes_1/demultiplexed/sample_1/genome_1_Ind1_R2_demultiplexed.fastq, data/genome-simulations/genomes_1/demultiplexed/sample_2/genome_1_Ind2_R1_demultiplexed.fastq, data/genome-simulations/genomes_1/demultiplexed/sample_2/genome_1_Ind2_R2_demultiplexed.fastq, data/genome-simulations/genomes_2/demultiplexed/sample_1/genome_2_Ind1_R1_demultiplexed.fastq, data/genome-simulations/genomes_2/demultiplexed/sample_1/genome_2_Ind1_R2_demultiplexed.fastq, data/genome-simulations/genomes_2/demultiplexed/sample_2/genome_2_Ind2_R1_demultiplexed.fastq, data/genome-simulations/genomes_2/demultiplexed/sample_2/genome_2_Ind2_R2_demultiplexed.fastq, data/genome-simulations/genomes_1/fasta/reference_genome_1.fasta.amb, data/genome-simulations/genomes_1/fasta/reference_genome_1.fasta.ann, data/genome-simulations/genomes_1/fasta/reference_genome_1.fasta.bwt, data/genome-simulations/genomes_1/fasta/reference_genome_1.fasta.pac, data/genome-simulations/genomes_1/fasta/reference_genome_1.fasta.sa, data/genome-simulations/genomes_1/fasta/reference_genome_1.fasta.fai, data/genome-simulations/genomes_2/fasta/reference_genome_2.fasta.amb, data/genome-simulations/genomes_2/fasta/reference_genome_2.fasta.ann, data/genome-simulations/genomes_2/fasta/reference_genome_2.fasta.bwt, data/genome-simulations/genomes_2/fasta/reference_genome_2.fasta.pac, data/genome-simulations/genomes_2/fasta/reference_genome_2.fasta.sa, data/genome-simulations/genomes_2/fasta/reference_genome_2.fasta.fai, data/genome-simulations/genomes_1/fasta/reference_genome_1.dict, data/genome-simulations/genomes_2/fasta/reference_genome_2.dict, data/genome-simulations/genomes_1/demultiplexed/sample_1/dedup_sorted_aligned_genome_1.bam.bai, data/genome-simulations/genomes_1/demultiplexed/sample_2/dedup_sorted_aligned_genome_2.bam.bai, data/genome-simulations/genomes_2/demultiplexed/sample_1/dedup_sorted_aligned_genome_1.bam.bai, data/genome-simulations/genomes_2/demultiplexed/sample_2/dedup_sorted_aligned_genome_2.bam.bai, data/genome-simulations/genomes_1/demultiplexed/sample_1/sample_1_1.g.vcf, data/genome-simulations/genomes_1/demultiplexed/sample_2/sample_1_2.g.vcf, data/genome-simulations/genomes_2/demultiplexed/sample_1/sample_2_1.g.vcf, data/genome-simulations/genomes_2/demultiplexed/sample_2/sample_2_2.g.vcf, data/fully-processed-data/genomes_fully_processed_run_1.vcf, data/fully-processed-data/genomes_fully_processed_run_2.vcf
    jobid: 0
    reason: Input files updated by another job: data/genome-simulations/genomes_2/qc_trimmed/genome_2_R1_trimmed_fastqc.html, data/genome-simulations/genomes_2/demultiplexed/sample_2/sample_2_2.g.vcf, data/genome-simulations/genomes_1/demultiplexed/sample_1/dedup_sorted_aligned_genome_1.bam.bai, data/genome-simulations/genomes_1/fasta/reference_genome_1.fasta.ann, data/fully-processed-data/genomes_fully_processed_run_1.vcf, data/genome-simulations/genomes_1/demultiplexed/sample_1/sample_1_1.g.vcf, data/genome-simulations/genomes_1/qc_trimmed/genome_1_R2_trimmed_fastqc.html, data/genome-simulations/genomes_1/demultiplexed/sample_2/genome_1_Ind2_R2_demultiplexed.fastq, data/genome-simulations/genomes_2/qc/genome_2_R2_fastqc.html, data/genome-simulations/genomes_2/fasta/reference_genome_2.fasta.amb, data/genome-simulations/genomes_1/qc_trimmed/genome_1_R1_trimmed_fastqc.html, data/genome-simulations/genomes_2/fasta/reference_genome_2.dict, data/genome-simulations/genomes_1/qc/genome_1_R2_fastqc.html, data/genome-simulations/genomes_2/fasta/reference_genome_2.fasta.sa, data/genome-simulations/genomes_2/demultiplexed/sample_2/genome_2_Ind2_R1_demultiplexed.fastq, data/genome-simulations/genomes_1/fasta/reference_genome_1.fasta.pac, data/genome-simulations/genomes_2/fastq_trimmed/genome_2_R2_trimmed.fastq, data/genome-simulations/genomes_1/fasta/reference_genome_1.fasta.bwt, data/genome-simulations/genomes_1/fasta/reference_genome_1.fasta.sa, data/genome-simulations/genomes_2/qc_trimmed/genome_2_R2_trimmed_fastqc.html, data/genome-simulations/genomes_2/fasta/reference_genome_2.fasta.pac, data/genome-simulations/genomes_1/fasta/reference_genome_1.fasta.fai, data/genome-simulations/genomes_2/fasta/reference_genome_2.fasta.fai, data/genome-simulations/genomes_1/demultiplexed/sample_1/genome_1_Ind1_R2_demultiplexed.fastq, data/genome-simulations/genomes_2/fastq_trimmed/genome_2_R1_trimmed.fastq, data/genome-simulations/genomes_2/fasta/reference_genome_2.fasta.bwt, data/genome-simulations/genomes_1/fastq_trimmed/genome_1_R1_trimmed.fastq, data/genome-simulations/genomes_2/demultiplexed/sample_2/dedup_sorted_aligned_genome_2.bam.bai, data/genome-simulations/genomes_2/demultiplexed/sample_1/genome_2_Ind1_R1_demultiplexed.fastq, data/genome-simulations/genomes_1/demultiplexed/sample_2/dedup_sorted_aligned_genome_2.bam.bai, data/genome-simulations/genomes_2/demultiplexed/sample_1/sample_2_1.g.vcf, data/genome-simulations/genomes_1/fasta/reference_genome_1.dict, data/genome-simulations/genomes_1/demultiplexed/sample_1/genome_1_Ind1_R1_demultiplexed.fastq, data/fully-processed-data/genomes_fully_processed_run_2.vcf, data/genome-simulations/genomes_2/demultiplexed/sample_1/genome_2_Ind1_R2_demultiplexed.fastq, data/genome-simulations/genomes_2/fasta/reference_genome_2.fasta.ann, data/genome-simulations/genomes_2/demultiplexed/sample_1/dedup_sorted_aligned_genome_1.bam.bai, data/genome-simulations/genomes_1/fasta/reference_genome_1.fasta.amb, data/genome-simulations/genomes_2/demultiplexed/sample_2/genome_2_Ind2_R2_demultiplexed.fastq, data/genome-simulations/genomes_1/demultiplexed/sample_2/genome_1_Ind2_R1_demultiplexed.fastq, data/genome-simulations/genomes_1/demultiplexed/sample_2/sample_1_2.g.vcf, data/genome-simulations/genomes_2/qc/genome_2_R1_fastqc.html, data/genome-simulations/genomes_1/qc/genome_1_R1_fastqc.html, data/genome-simulations/genomes_1/fastq_trimmed/genome_1_R2_trimmed.fastq
    resources: tmpdir=/var/folders/vr/dm12jytd28d0_z61hq3l47n40000gp/T

[Sun Sep 22 17:18:26 2024]
Finished job 0.
27 of 27 steps (100%) done
Complete log: .snakemake/log/2024-09-22T171802.912009.snakemake.log
