Building DAG of jobs...
Using shell: /bin/bash
Provided cores: 1 (use --cores to define parallelism)
Rules claiming more threads will be scaled down.
Conda environments: ignored
Job stats:
job      count
-----  -------
4            1
5            1
6            1
7            1
all          1
total        5

Select jobs to execute...
Execute 1 jobs...

[Sun Sep 22 05:20:04 2024]
localrule 5:
    input: data/genome-simulations/genomes_1/fasta/individual_genome_2.fasta
    output: data/genome-simulations/genomes_1/fastqc/individual_genome_2_R1.fastq, data/genome-simulations/genomes_1/fastqc/individual_genome_2_R2.fastq
    jobid: 4
    reason: Missing output files: data/genome-simulations/genomes_1/fastqc/individual_genome_2_R2.fastq, data/genome-simulations/genomes_1/fastqc/individual_genome_2_R1.fastq
    resources: tmpdir=/var/folders/vr/dm12jytd28d0_z61hq3l47n40000gp/T

[Sun Sep 22 05:20:04 2024]
Error in rule 5:
    jobid: 4
    input: data/genome-simulations/genomes_1/fasta/individual_genome_2.fasta
    output: data/genome-simulations/genomes_1/fastqc/individual_genome_2_R1.fastq, data/genome-simulations/genomes_1/fastqc/individual_genome_2_R2.fastq
    conda-env: /Users/emanuelmfonseca/project/sequencing-migration/.snakemake/conda/cce32f2bce268a135b12d86d179a18d6_
    shell:
        
                iss generate --model hiseq --genomes data/genome-simulations/genomes_1/fasta/individual_genome_2.fasta --n_reads 10000 --cpus 4 --output data/genome-simulations/genomes_2/fastqc/individual_genome_2
                
                rm data/genome-simulations/genomes_2/fastqc/*.txt data/genome-simulations/genomes_2/fastqc/*.vcf
                 
                
        (one of the commands exited with non-zero exit code; note that snakemake uses bash strict mode!)

Shutting down, this might take some time.
Exiting because a job execution failed. Look above for error message
Complete log: .snakemake/log/2024-09-22T052004.017239.snakemake.log
WorkflowError:
At least one job did not complete successfully.
