Building DAG of jobs...
Using shell: /bin/bash
Provided cores: 1 (use --cores to define parallelism)
Rules claiming more threads will be scaled down.
Conda environments: ignored
Job stats:
job                count
---------------  -------
generate_genome        1
total                  1

Select jobs to execute...
Execute 1 jobs...

[Sat Sep 21 17:30:44 2024]
localrule generate_genome:
    input: data/demographic-simulations/snp-matrix_1.txt, data/demographic-simulations/snp-matrix_2.txt, /Users/emanuelmfonseca/project/sequencing-migration/scripts/genome-simulation.py, /Users/emanuelmfonseca/project/sequencing-migration
    output: data/genome-simulations/genomes_1/reference_genome_1.fasta, data/genome-simulations/genomes_2/reference_genome_2.fasta, data/genome-simulations/genomes_1/individual_genome_1.fasta, data/genome-simulations/genomes_1/individual_genome_2.fasta, data/genome-simulations/genomes_2/individual_genome_1.fasta, data/genome-simulations/genomes_2/individual_genome_2.fasta
    jobid: 0
    reason: Missing output files: data/genome-simulations/genomes_2/individual_genome_1.fasta, data/genome-simulations/genomes_1/individual_genome_2.fasta, data/genome-simulations/genomes_2/reference_genome_2.fasta, data/genome-simulations/genomes_1/individual_genome_1.fasta, data/genome-simulations/genomes_1/reference_genome_1.fasta, data/genome-simulations/genomes_2/individual_genome_2.fasta
    resources: tmpdir=/var/folders/vr/dm12jytd28d0_z61hq3l47n40000gp/T

[Sat Sep 21 17:30:45 2024]
Finished job 0.
1 of 1 steps (100%) done
Complete log: .snakemake/log/2024-09-21T173044.836303.snakemake.log
