Building DAG of jobs...
Using shell: /bin/bash
Provided cores: 1 (use --cores to define parallelism)
Rules claiming more threads will be scaled down.
Conda environments: ignored
Job stats:
job               count
--------------  -------
generate_reads        1
total                 1

Select jobs to execute...
Execute 1 jobs...

[Sat Sep 21 19:35:41 2024]
localrule generate_reads:
    input: data/genome-simulations/genomes_1/fasta/individual_genome_1.fasta, data/genome-simulations/genomes_1/fasta/individual_genome_2.fasta, data/genome-simulations/genomes_2/fasta/individual_genome_1.fasta, data/genome-simulations/genomes_2/fasta/individual_genome_2.fasta, /Users/emanuelmfonseca/project/sequencing-migration/scripts/read-simulation.sh, /Users/emanuelmfonseca/project/sequencing-migration
    output: data/genome-simulations/genomes_1/fastqc/individual_genome_1.fastq.gz, data/genome-simulations/genomes_1/fastqc/individual_genome_2.fastq.gz, data/genome-simulations/genomes_2/fastqc/individual_genome_1.fastq.gz, data/genome-simulations/genomes_2/fastqc/individual_genome_2.fastq.gz
    jobid: 0
    reason: Missing output files: data/genome-simulations/genomes_1/fastqc/individual_genome_2.fastq.gz, data/genome-simulations/genomes_2/fastqc/individual_genome_2.fastq.gz, data/genome-simulations/genomes_2/fastqc/individual_genome_1.fastq.gz, data/genome-simulations/genomes_1/fastqc/individual_genome_1.fastq.gz
    resources: tmpdir=/var/folders/vr/dm12jytd28d0_z61hq3l47n40000gp/T

[Sat Sep 21 19:35:41 2024]
Error in rule generate_reads:
    jobid: 0
    input: data/genome-simulations/genomes_1/fasta/individual_genome_1.fasta, data/genome-simulations/genomes_1/fasta/individual_genome_2.fasta, data/genome-simulations/genomes_2/fasta/individual_genome_1.fasta, data/genome-simulations/genomes_2/fasta/individual_genome_2.fasta, /Users/emanuelmfonseca/project/sequencing-migration/scripts/read-simulation.sh, /Users/emanuelmfonseca/project/sequencing-migration
    output: data/genome-simulations/genomes_1/fastqc/individual_genome_1.fastq.gz, data/genome-simulations/genomes_1/fastqc/individual_genome_2.fastq.gz, data/genome-simulations/genomes_2/fastqc/individual_genome_1.fastq.gz, data/genome-simulations/genomes_2/fastqc/individual_genome_2.fastq.gz
    conda-env: /Users/emanuelmfonseca/project/sequencing-migration/.snakemake/conda/cce32f2bce268a135b12d86d179a18d6_
    shell:
        
        bash /Users/emanuelmfonseca/project/sequencing-migration/scripts/read-simulation.sh /Users/emanuelmfonseca/project/sequencing-migration data/genome-simulations/genomes_1/fasta/individual_genome_1.fasta data/genome-simulations/genomes_1/fasta/individual_genome_2.fasta data/genome-simulations/genomes_2/fasta/individual_genome_1.fasta data/genome-simulations/genomes_2/fasta/individual_genome_2.fasta
        
        (one of the commands exited with non-zero exit code; note that snakemake uses bash strict mode!)

Shutting down, this might take some time.
Exiting because a job execution failed. Look above for error message
Complete log: .snakemake/log/2024-09-21T193541.068505.snakemake.log
WorkflowError:
At least one job did not complete successfully.
