Building DAG of jobs...
Using shell: /bin/bash
Provided cores: 1 (use --cores to define parallelism)
Rules claiming more threads will be scaled down.
Conda environments: ignored
Job stats:
job      count
-----  -------
16           1
17           1
all          1
total        3

Select jobs to execute...
Execute 1 jobs...

[Sun Sep 22 12:16:08 2024]
localrule 17:
    input: data/genome-simulations/genomes_2/fasta/reference_genome_2.fasta, data/genome-simulations/genomes_2/demultiplexed/sample_1/genome_2_Ind1_R1_demultiplexed.fastq, data/genome-simulations/genomes_2/demultiplexed/sample_1/genome_2_Ind1_R2_demultiplexed.fastq, data/genome-simulations/genomes_2/demultiplexed/sample_2/genome_2_Ind2_R1_demultiplexed.fastq, data/genome-simulations/genomes_2/demultiplexed/sample_2/genome_2_Ind2_R2_demultiplexed.fastq
    output: data/genome-simulations/genomes_2/fasta/reference_genome_2.fasta.amb, data/genome-simulations/genomes_2/fasta/reference_genome_2.fasta.ann, data/genome-simulations/genomes_2/fasta/reference_genome_2.fasta.bwt, data/genome-simulations/genomes_2/fasta/reference_genome_2.fasta.pac, data/genome-simulations/genomes_2/fasta/reference_genome_2.fasta.sa, data/genome-simulations/genomes_2/fasta/reference_genome_2.fasta.fai, data/genome-simulations/genomes_2/fasta/reference_genome_2.dict, data/genome-simulations/genomes_2/demultiplexed/sample_1/aligned_genome_2_Ind1.sam, data/genome-simulations/genomes_2/demultiplexed/sample_2/aligned_genome_2_Ind2.sam, data/genome-simulations/genomes_2/demultiplexed/sample_1/aligned_genome_2_Ind1.bam, data/genome-simulations/genomes_2/demultiplexed/sample_2/aligned_genome_2_Ind2.bam, data/genome-simulations/genomes_2/demultiplexed/sample_1/sorted_aligned_genome_2_Ind1.bam, data/genome-simulations/genomes_2/demultiplexed/sample_2/sorted_aligned_genome_2_Ind2.bam, data/genome-simulations/genomes_2/demultiplexed/sample_1/sorted_aligned_genome_2_Ind1.bam.bai, data/genome-simulations/genomes_2/demultiplexed/sample_2/sorted_aligned_genome_2_Ind2.bam.bai
    jobid: 16
    reason: Missing output files: data/genome-simulations/genomes_2/fasta/reference_genome_2.fasta.ann, data/genome-simulations/genomes_2/demultiplexed/sample_1/sorted_aligned_genome_2_Ind1.bam.bai, data/genome-simulations/genomes_2/fasta/reference_genome_2.fasta.bwt, data/genome-simulations/genomes_2/fasta/reference_genome_2.dict, data/genome-simulations/genomes_2/fasta/reference_genome_2.fasta.amb, data/genome-simulations/genomes_2/fasta/reference_genome_2.fasta.pac, data/genome-simulations/genomes_2/demultiplexed/sample_2/sorted_aligned_genome_2_Ind2.bam.bai, data/genome-simulations/genomes_2/fasta/reference_genome_2.fasta.fai, data/genome-simulations/genomes_2/fasta/reference_genome_2.fasta.sa
    resources: tmpdir=/var/folders/vr/dm12jytd28d0_z61hq3l47n40000gp/T

Waiting at most 5 seconds for missing files.
MissingOutputException in rule 17 in file /Users/emanuelmfonseca/project/sequencing-migration/Snakefile, line 263:
Job 16  completed successfully, but some output files are missing. Missing files after 5 seconds. This might be due to filesystem latency. If that is the case, consider to increase the wait time with --latency-wait:
data/genome-simulations/genomes_2/demultiplexed/sample_1/aligned_genome_2_Ind1.sam (missing locally, parent dir contents: genome_2_Ind1_R1_demultiplexed.fastq, genome_2_Ind1_R2_demultiplexed.fastq)
data/genome-simulations/genomes_2/demultiplexed/sample_1/aligned_genome_2_Ind1.bam (missing locally, parent dir contents: genome_2_Ind1_R1_demultiplexed.fastq, genome_2_Ind1_R2_demultiplexed.fastq)
data/genome-simulations/genomes_2/demultiplexed/sample_1/sorted_aligned_genome_2_Ind1.bam (missing locally, parent dir contents: genome_2_Ind1_R1_demultiplexed.fastq, genome_2_Ind1_R2_demultiplexed.fastq)
data/genome-simulations/genomes_2/demultiplexed/sample_1/sorted_aligned_genome_2_Ind1.bam.bai (missing locally, parent dir contents: genome_2_Ind1_R1_demultiplexed.fastq, genome_2_Ind1_R2_demultiplexed.fastq)
Removing output files of failed job 17 since they might be corrupted:
data/genome-simulations/genomes_2/fasta/reference_genome_2.fasta.amb, data/genome-simulations/genomes_2/fasta/reference_genome_2.fasta.ann, data/genome-simulations/genomes_2/fasta/reference_genome_2.fasta.bwt, data/genome-simulations/genomes_2/fasta/reference_genome_2.fasta.pac, data/genome-simulations/genomes_2/fasta/reference_genome_2.fasta.sa, data/genome-simulations/genomes_2/fasta/reference_genome_2.fasta.fai, data/genome-simulations/genomes_2/fasta/reference_genome_2.dict, data/genome-simulations/genomes_2/demultiplexed/sample_2/aligned_genome_2_Ind2.sam, data/genome-simulations/genomes_2/demultiplexed/sample_2/aligned_genome_2_Ind2.bam, data/genome-simulations/genomes_2/demultiplexed/sample_2/sorted_aligned_genome_2_Ind2.bam, data/genome-simulations/genomes_2/demultiplexed/sample_2/sorted_aligned_genome_2_Ind2.bam.bai
Shutting down, this might take some time.
Exiting because a job execution failed. Look above for error message
Complete log: .snakemake/log/2024-09-22T121608.677283.snakemake.log
WorkflowError:
At least one job did not complete successfully.
