Building DAG of jobs...
Using shell: /bin/bash
Provided cores: 1 (use --cores to define parallelism)
Rules claiming more threads will be scaled down.
Conda environments: ignored
Job stats:
job      count
-----  -------
10           1
11           1
12           1
13           1
14           1
15           1
6            1
7            1
8            1
9            1
all          1
total       11

Select jobs to execute...
Execute 1 jobs...

[Sun Sep 22 10:48:31 2024]
localrule 7:
    input: data/genome-simulations/genomes_2/multifasta/multifasta_genome_2.fasta
    output: data/genome-simulations/genomes_2/fastq/genome_2_R1.fastq, data/genome-simulations/genomes_2/fastq/genome_2_R2.fastq
    jobid: 7
    reason: Missing output files: data/genome-simulations/genomes_2/fastq/genome_2_R1.fastq, data/genome-simulations/genomes_2/fastq/genome_2_R2.fastq; Software environment definition has changed since last execution
    resources: tmpdir=/var/folders/vr/dm12jytd28d0_z61hq3l47n40000gp/T

[Sun Sep 22 10:48:33 2024]
Finished job 7.
1 of 11 steps (9%) done
Select jobs to execute...
Execute 1 jobs...

[Sun Sep 22 10:48:33 2024]
localrule 6:
    input: data/genome-simulations/genomes_1/multifasta/multifasta_genome_1.fasta
    output: data/genome-simulations/genomes_1/fastq/genome_1_R1.fastq, data/genome-simulations/genomes_1/fastq/genome_1_R2.fastq
    jobid: 2
    reason: Missing output files: data/genome-simulations/genomes_1/fastq/genome_1_R1.fastq, data/genome-simulations/genomes_1/fastq/genome_1_R2.fastq; Software environment definition has changed since last execution
    resources: tmpdir=/var/folders/vr/dm12jytd28d0_z61hq3l47n40000gp/T

[Sun Sep 22 10:48:34 2024]
Finished job 2.
2 of 11 steps (18%) done
Select jobs to execute...
Execute 1 jobs...

[Sun Sep 22 10:48:34 2024]
localrule 10:
    input: data/genome-simulations/genomes_1/fastq/genome_1_R1.fastq, data/genome-simulations/genomes_1/fastq/genome_1_R2.fastq
    output: data/genome-simulations/genomes_1/fastq_trimmed/genome_1_R1_trimmed.fastq, data/genome-simulations/genomes_1/fastq_trimmed/genome_1_R2_trimmed.fastq, data/genome-simulations/genomes_1/fastq_trimmed/trimmomatic_1.log
    jobid: 10
    reason: Missing output files: data/genome-simulations/genomes_1/fastq_trimmed/genome_1_R1_trimmed.fastq, data/genome-simulations/genomes_1/fastq_trimmed/genome_1_R2_trimmed.fastq; Input files updated by another job: data/genome-simulations/genomes_1/fastq/genome_1_R1.fastq, data/genome-simulations/genomes_1/fastq/genome_1_R2.fastq
    resources: tmpdir=/var/folders/vr/dm12jytd28d0_z61hq3l47n40000gp/T

[Sun Sep 22 10:48:34 2024]
Finished job 10.
3 of 11 steps (27%) done
Select jobs to execute...
Execute 1 jobs...

[Sun Sep 22 10:48:34 2024]
localrule 14:
    input: data/genome-simulations/genomes_1/fasta/reference_genome_1.fasta, data/genome-simulations/genomes_1/fastq_trimmed/genome_1_R1_trimmed.fastq, data/genome-simulations/genomes_1/fastq_trimmed/genome_1_R2_trimmed.fastq
    output: data/genome-simulations/genomes_1/fasta/reference_genome_1.fasta.amb, data/genome-simulations/genomes_1/fasta/reference_genome_1.fasta.ann, data/genome-simulations/genomes_1/fasta/reference_genome_1.fasta.bwt, data/genome-simulations/genomes_1/fasta/reference_genome_1.fasta.pac, data/genome-simulations/genomes_1/fasta/reference_genome_1.fasta.sa, data/genome-simulations/genomes_1/fasta/reference_genome_1.fasta.fai, data/genome-simulations/genomes_1/fasta/reference_genome_1.dict, data/genome-simulations/genomes_1/aligned_genome/aligned_genome_1.sam, data/genome-simulations/genomes_1/aligned_genome/aligned_genome_1.bam, data/genome-simulations/genomes_1/aligned_genome/sorted_aligned_genome_1.bam, data/genome-simulations/genomes_1/aligned_genome/sorted_aligned_genome_1.bam.bai
    jobid: 13
    reason: Missing output files: data/genome-simulations/genomes_1/fasta/reference_genome_1.fasta.pac, data/genome-simulations/genomes_1/fasta/reference_genome_1.fasta.fai, data/genome-simulations/genomes_1/aligned_genome/sorted_aligned_genome_1.bam.bai, data/genome-simulations/genomes_1/fasta/reference_genome_1.dict, data/genome-simulations/genomes_1/fasta/reference_genome_1.fasta.amb, data/genome-simulations/genomes_1/fasta/reference_genome_1.fasta.sa, data/genome-simulations/genomes_1/fasta/reference_genome_1.fasta.ann, data/genome-simulations/genomes_1/fasta/reference_genome_1.fasta.bwt; Input files updated by another job: data/genome-simulations/genomes_1/fastq_trimmed/genome_1_R1_trimmed.fastq, data/genome-simulations/genomes_1/fastq_trimmed/genome_1_R2_trimmed.fastq
    resources: tmpdir=/var/folders/vr/dm12jytd28d0_z61hq3l47n40000gp/T

RuleException in rule 14 in file /Users/emanuelmfonseca/project/sequencing-migration/Snakefile, line 219:
IndexError: tuple index out of range, when formatting the following:

            # Index the reference genome
            bwa index {input.reference}
            
            # Generate the FASTA index (.fai) file using samtools faidx
            samtools faidx {input.reference}
            
            # Generate the sequence dictionary (.dict) file using Picard
            picard CreateSequenceDictionary R={input.reference} O={output.dicti}
            
            for i in {1..nsamples}; do
                samtools view -bS Ind${i}.sam | samtools sort -o Ind${i}_sorted.bam
                gatk AddOrReplaceReadGroups                     -I Ind${i}_sorted.bam                     -O Ind${i}_rg.bam                     -RGID Ind${i}                     -RGLB lib${i}                     -RGPL illumina                     -RGPU unit${i}                     -RGSM Ind${i}
                samtools index Ind${i}_rg.bam
        done

            # Align the trimmed FASTQ reads to the reference genome and output SAM file
            #bwa mem -M -R "@RG\tID:{params.RGID}\tLB:{params.RGLB}\tPL:{params.RGPL}\tPM:{params.RGPM}\tSM:{params.RGSM}" {input.reference} {input.fastq_trimmed} > {output.sam}
            
            # Convert SAM to BAM
            #samtools view -Sb {output.sam} > {output.bam}
            
            # Sort the BAM file
            #samtools sort {output.bam} -o {output.sorted_bam}

            # Index the sorted BAM file
            #samtools index {output.sorted_bam}
            
