Building DAG of jobs...
Using shell: /bin/bash
Provided cores: 1 (use --cores to define parallelism)
Rules claiming more threads will be scaled down.
Conda environments: ignored
Job stats:
job      count
-----  -------
12           1
13           1
14           1
15           1
16           1
17           1
9            1
all          1
total        8

Select jobs to execute...
Execute 1 jobs...

[Sun Sep 22 09:47:45 2024]
localrule 15:
    input: data/genome-simulations/genomes_2/fasta/reference_genome_2.fasta, data/genome-simulations/genomes_2/fastq_trimmed/genome_2_R1_trimmed.fastq, data/genome-simulations/genomes_2/fastq_trimmed/genome_2_R2_trimmed.fastq
    output: data/genome-simulations/genomes_2/fasta/reference_genome_2.fasta.amb, data/genome-simulations/genomes_2/fasta/reference_genome_2.fasta.ann, data/genome-simulations/genomes_2/fasta/reference_genome_2.fasta.bwt, data/genome-simulations/genomes_2/fasta/reference_genome_2.fasta.pac, data/genome-simulations/genomes_2/fasta/reference_genome_2.fasta.sa, data/genome-simulations/genomes_2/fasta/reference_genome_2.fasta.fai, data/genome-simulations/genomes_2/fasta/reference_genome_2.dict, data/genome-simulations/genomes_2/aligned_genome/aligned_genome_2.sam, data/genome-simulations/genomes_2/aligned_genome/aligned_genome_2.bam, data/genome-simulations/genomes_2/aligned_genome/sorted_aligned_genome_2.bam
    jobid: 14
    reason: Missing output files: data/genome-simulations/genomes_2/fasta/reference_genome_2.fasta.pac, data/genome-simulations/genomes_2/fasta/reference_genome_2.fasta.bwt, data/genome-simulations/genomes_2/aligned_genome/sorted_aligned_genome_2.bam, data/genome-simulations/genomes_2/fasta/reference_genome_2.dict, data/genome-simulations/genomes_2/fasta/reference_genome_2.fasta.amb, data/genome-simulations/genomes_2/fasta/reference_genome_2.fasta.ann, data/genome-simulations/genomes_2/fasta/reference_genome_2.fasta.sa, data/genome-simulations/genomes_2/fasta/reference_genome_2.fasta.fai
    resources: tmpdir=/var/folders/vr/dm12jytd28d0_z61hq3l47n40000gp/T

[Sun Sep 22 09:47:46 2024]
Error in rule 15:
    jobid: 14
    input: data/genome-simulations/genomes_2/fasta/reference_genome_2.fasta, data/genome-simulations/genomes_2/fastq_trimmed/genome_2_R1_trimmed.fastq, data/genome-simulations/genomes_2/fastq_trimmed/genome_2_R2_trimmed.fastq
    output: data/genome-simulations/genomes_2/fasta/reference_genome_2.fasta.amb, data/genome-simulations/genomes_2/fasta/reference_genome_2.fasta.ann, data/genome-simulations/genomes_2/fasta/reference_genome_2.fasta.bwt, data/genome-simulations/genomes_2/fasta/reference_genome_2.fasta.pac, data/genome-simulations/genomes_2/fasta/reference_genome_2.fasta.sa, data/genome-simulations/genomes_2/fasta/reference_genome_2.fasta.fai, data/genome-simulations/genomes_2/fasta/reference_genome_2.dict, data/genome-simulations/genomes_2/aligned_genome/aligned_genome_2.sam, data/genome-simulations/genomes_2/aligned_genome/aligned_genome_2.bam, data/genome-simulations/genomes_2/aligned_genome/sorted_aligned_genome_2.bam
    conda-env: /Users/emanuelmfonseca/project/sequencing-migration/.snakemake/conda/cce32f2bce268a135b12d86d179a18d6_
    shell:
        
            # Index the reference genome
            bwa index data/genome-simulations/genomes_2/fasta/reference_genome_2.fasta
            
            # Generate the FASTA index (.fai) file using samtools faidx
            samtools faidx data/genome-simulations/genomes_2/fasta/reference_genome_2.fasta
            
            # Generate the sequence dictionary (.dict) file using Picard
            picard CreateSequenceDictionary R=data/genome-simulations/genomes_2/fasta/reference_genome_2.fasta O=data/genome-simulations/genomes_2/fasta/reference_genome_2.dict
            
            # Align the trimmed FASTQ reads to the reference genome and output SAM file
            bwa mem mem -M -R @RG ID:tsk_1    LB:tsk_1    PL:ILLUMINA PM:HISEQ    SM:tsk_1 data/genome-simulations/genomes_2/fasta/reference_genome_2.fasta data/genome-simulations/genomes_2/fastq_trimmed/genome_2_R1_trimmed.fastq data/genome-simulations/genomes_2/fastq_trimmed/genome_2_R2_trimmed.fastq > data/genome-simulations/genomes_2/aligned_genome/aligned_genome_2.sam
            
            # Convert SAM to BAM
            samtools view -Sb data/genome-simulations/genomes_2/aligned_genome/aligned_genome_2.sam > data/genome-simulations/genomes_2/aligned_genome/aligned_genome_2.bam
            
            # Sort the BAM file
            samtools sort data/genome-simulations/genomes_2/aligned_genome/aligned_genome_2.bam -o data/genome-simulations/genomes_2/aligned_genome/sorted_aligned_genome_2.bam
            
        (one of the commands exited with non-zero exit code; note that snakemake uses bash strict mode!)

Removing output files of failed job 15 since they might be corrupted:
data/genome-simulations/genomes_2/fasta/reference_genome_2.fasta.amb, data/genome-simulations/genomes_2/fasta/reference_genome_2.fasta.ann, data/genome-simulations/genomes_2/fasta/reference_genome_2.fasta.bwt, data/genome-simulations/genomes_2/fasta/reference_genome_2.fasta.pac, data/genome-simulations/genomes_2/fasta/reference_genome_2.fasta.sa, data/genome-simulations/genomes_2/fasta/reference_genome_2.fasta.fai, data/genome-simulations/genomes_2/fasta/reference_genome_2.dict, data/genome-simulations/genomes_2/aligned_genome/aligned_genome_2.sam
Shutting down, this might take some time.
Exiting because a job execution failed. Look above for error message
Complete log: .snakemake/log/2024-09-22T094745.195465.snakemake.log
WorkflowError:
At least one job did not complete successfully.
