Building DAG of jobs...
Using shell: /bin/bash
Provided cores: 4
Rules claiming more threads will be scaled down.
Conda environments: ignored
Job stats:
job      count
-----  -------
26           1
27           1
all          1
total        3

Select jobs to execute...
Execute 1 jobs...

[Sun Sep 22 15:36:41 2024]
localrule 26:
    input: data/genome-simulations/genomes_1/fasta/reference_genome_1.fasta, data/genome-simulations/genomes_1/demultiplexed
    output: data/genome-simulations/genomes_1/gatk/combined_1.g.vcf
    jobid: 21
    reason: Missing output files: data/genome-simulations/genomes_1/gatk/combined_1.g.vcf; Code has changed since last execution
    threads: 4
    resources: tmpdir=/var/folders/vr/dm12jytd28d0_z61hq3l47n40000gp/T

[Sun Sep 22 15:36:42 2024]
Error in rule 26:
    jobid: 21
    input: data/genome-simulations/genomes_1/fasta/reference_genome_1.fasta, data/genome-simulations/genomes_1/demultiplexed
    output: data/genome-simulations/genomes_1/gatk/combined_1.g.vcf
    conda-env: /Users/emanuelmfonseca/project/sequencing-migration/.snakemake/conda/35420d6d323181dffcd0642cc29ad476_
    shell:
        
            bam_files=$(find data/genome-simulations/genomes_1/demultiplexed -type f -name "sorted_aligned_genome*bam" | sed 's/^/--variant /')
            # Run GATK HaplotypeCaller for variant calling
            gatk HaplotypeCaller --reference data/genome-simulations/genomes_1/fasta/reference_genome_1.fasta $bam_files --output data/genome-simulations/genomes_1/gatk/combined_1.g.vcf
            
        (one of the commands exited with non-zero exit code; note that snakemake uses bash strict mode!)

Shutting down, this might take some time.
Exiting because a job execution failed. Look above for error message
Complete log: .snakemake/log/2024-09-22T153641.177165.snakemake.log
WorkflowError:
At least one job did not complete successfully.
