Building DAG of jobs...
Using shell: /bin/bash
Provided cores: 1 (use --cores to define parallelism)
Rules claiming more threads will be scaled down.
Conda environments: ignored
Job stats:
job                  count
-----------------  -------
genome_simulation        1
total                    1

Select jobs to execute...
Execute 1 jobs...

[Sat Sep 21 17:03:39 2024]
localrule genome_simulation:
    input: data/demographic-simulations/snp-matrix_1.txt, data/demographic-simulations/snp-matrix_2.txt, /Users/emanuelmfonseca/project/sequencing-migration/scripts/genome-simulation.py, /Users/emanuelmfonseca/project/sequencing-migration
    output: data/genome-simulations/genomes_1/reference_genome.fasta, data/genome-simulations/genomes_2/reference_genome.fasta, data/genome-simulations/genomes_1/individual_1.fasta, data/genome-simulations/genomes_1/individual_2.fasta, data/genome-simulations/genomes_2/individual_1.fasta, data/genome-simulations/genomes_2/individual_2.fasta
    jobid: 0
    reason: Missing output files: data/genome-simulations/genomes_2/reference_genome.fasta, data/genome-simulations/genomes_1/individual_2.fasta, data/genome-simulations/genomes_2/individual_2.fasta, data/genome-simulations/genomes_1/individual_1.fasta, data/genome-simulations/genomes_1/reference_genome.fasta, data/genome-simulations/genomes_2/individual_1.fasta
    resources: tmpdir=/var/folders/vr/dm12jytd28d0_z61hq3l47n40000gp/T

[Sat Sep 21 17:03:40 2024]
Error in rule genome_simulation:
    jobid: 0
    input: data/demographic-simulations/snp-matrix_1.txt, data/demographic-simulations/snp-matrix_2.txt, /Users/emanuelmfonseca/project/sequencing-migration/scripts/genome-simulation.py, /Users/emanuelmfonseca/project/sequencing-migration
    output: data/genome-simulations/genomes_1/reference_genome.fasta, data/genome-simulations/genomes_2/reference_genome.fasta, data/genome-simulations/genomes_1/individual_1.fasta, data/genome-simulations/genomes_1/individual_2.fasta, data/genome-simulations/genomes_2/individual_1.fasta, data/genome-simulations/genomes_2/individual_2.fasta
    conda-env: /Users/emanuelmfonseca/project/sequencing-migration/.snakemake/conda/cce32f2bce268a135b12d86d179a18d6_
    shell:
        python /Users/emanuelmfonseca/project/sequencing-migration/scripts/genome-simulation.py /Users/emanuelmfonseca/project/sequencing-migration data/demographic-simulations/snp-matrix_1.txt data/demographic-simulations/snp-matrix_2.txt data/genome-simulations/genomes_1/reference_genome.fasta data/genome-simulations/genomes_2/reference_genome.fasta data/genome-simulations/genomes_1/individual_1.fasta data/genome-simulations/genomes_1/individual_2.fasta data/genome-simulations/genomes_2/individual_1.fasta data/genome-simulations/genomes_2/individual_2.fasta
        (one of the commands exited with non-zero exit code; note that snakemake uses bash strict mode!)

Shutting down, this might take some time.
Exiting because a job execution failed. Look above for error message
Complete log: .snakemake/log/2024-09-21T170339.769026.snakemake.log
WorkflowError:
At least one job did not complete successfully.
