Building DAG of jobs...
Using shell: /bin/bash
Provided cores: 1 (use --cores to define parallelism)
Rules claiming more threads will be scaled down.
Conda environments: ignored
Job stats:
job      count
-----  -------
10           1
all          1
total        2

Select jobs to execute...
Execute 1 jobs...

[Sun Sep 22 07:47:00 2024]
localrule 10:
    input: data/genome-simulations/genomes_1/fastq/genome_1_R1.fastq, data/genome-simulations/genomes_1/fastq/genome_1_R2.fastq
    output: data/genome-simulations/genomes_1/fastq_trimmed/genome_1_R1_trimmed.fastq, data/genome-simulations/genomes_1/fastq_trimmed/genome_1_R2_trimmed.fastq
    jobid: 1
    reason: Missing output files: data/genome-simulations/genomes_1/fastq_trimmed/genome_1_R2_trimmed.fastq, data/genome-simulations/genomes_1/fastq_trimmed/genome_1_R1_trimmed.fastq
    resources: tmpdir=/var/folders/vr/dm12jytd28d0_z61hq3l47n40000gp/T

RuleException in rule 10 in file /Users/emanuelmfonseca/project/sequencing-migration/Snakefile, line 129:
AttributeError: 'OutputFiles' object has no attribute 'log', when formatting the following:

            trimmomatic PE -phred33 {input.fastq[0]} {input.fastq[1]}             {output.trimmed_fastq[0]} {output.trimmed_fastq[0]}.unpaired             {output.trimmed_fastq[1]} {output.trimmed_fastq[1]}.unpaired             {params.trimmomatic_params}             > {output.log} 2>&1
            
