Building DAG of jobs...
Using shell: /bin/bash
Provided cores: 1 (use --cores to define parallelism)
Rules claiming more threads will be scaled down.
Conda environments: ignored
Job stats:
job      count
-----  -------
14           1
15           1
all          1
total        3

Select jobs to execute...
Execute 1 jobs...

[Sun Sep 22 11:12:25 2024]
localrule 14:
    input: data/genome-simulations/genomes_1/fastq_trimmed/genome_1_R1_trimmed.fastq, data/genome-simulations/genomes_1/fastq_trimmed/genome_1_R2_trimmed.fastq
    output: data/genome-simulations/genomes_1/demultiplexed/genome_1_R1_demultiplexed.fastq, data/genome-simulations/genomes_1/demultiplexed/genome_1_R2_demultiplexed.fastq
    jobid: 13
    reason: Missing output files: data/genome-simulations/genomes_1/demultiplexed/genome_1_R2_demultiplexed.fastq, data/genome-simulations/genomes_1/demultiplexed/genome_1_R1_demultiplexed.fastq
    resources: tmpdir=/var/folders/vr/dm12jytd28d0_z61hq3l47n40000gp/T

[Sun Sep 22 11:12:26 2024]
Error in rule 14:
    jobid: 13
    input: data/genome-simulations/genomes_1/fastq_trimmed/genome_1_R1_trimmed.fastq, data/genome-simulations/genomes_1/fastq_trimmed/genome_1_R2_trimmed.fastq
    output: data/genome-simulations/genomes_1/demultiplexed/genome_1_R1_demultiplexed.fastq, data/genome-simulations/genomes_1/demultiplexed/genome_1_R2_demultiplexed.fastq
    conda-env: /Users/emanuelmfonseca/project/sequencing-migration/.snakemake/conda/35420d6d323181dffcd0642cc29ad476_
    shell:
        
            seqkit grep -p Ind1 Ind2 data/genome-simulations/genomes_1/fastq_trimmed/genome_1_R1_trimmed.fastq data/genome-simulations/genomes_1/fastq_trimmed/genome_1_R2_trimmed.fastq > data/genome-simulations/genomes_1/demultiplexed/genome_1_R1_demultiplexed.fastq data/genome-simulations/genomes_1/demultiplexed/genome_1_R2_demultiplexed.fastq
            
        (one of the commands exited with non-zero exit code; note that snakemake uses bash strict mode!)

Removing output files of failed job 14 since they might be corrupted:
data/genome-simulations/genomes_1/demultiplexed/genome_1_R1_demultiplexed.fastq
Shutting down, this might take some time.
Exiting because a job execution failed. Look above for error message
Complete log: .snakemake/log/2024-09-22T111225.775805.snakemake.log
WorkflowError:
At least one job did not complete successfully.
