Building DAG of jobs...
Using shell: /bin/bash
Provided cores: 1 (use --cores to define parallelism)
Rules claiming more threads will be scaled down.
Conda environments: ignored
Job stats:
job                count
---------------  -------
all                    1
generate_genome        1
generate_snps          1
total                  3

Select jobs to execute...
Execute 1 jobs...

[Sat Sep 21 18:06:12 2024]
localrule generate_snps:
    input: /Users/emanuelmfonseca/project/sequencing-migration/scripts/demographic-simulation.py
    output: data/demographic-simulations/snp-matrix_1.txt, data/demographic-simulations/snp-matrix_2.txt
    jobid: 2
    reason: Missing output files: data/demographic-simulations/snp-matrix_2.txt, data/demographic-simulations/snp-matrix_1.txt
    resources: tmpdir=/var/folders/vr/dm12jytd28d0_z61hq3l47n40000gp/T

[Sat Sep 21 18:06:12 2024]
Finished job 2.
1 of 3 steps (33%) done
Select jobs to execute...
Execute 1 jobs...

[Sat Sep 21 18:06:12 2024]
localrule generate_genome:
    input: data/demographic-simulations/snp-matrix_1.txt, data/demographic-simulations/snp-matrix_2.txt, /Users/emanuelmfonseca/project/sequencing-migration/scripts/genome-simulation.py, /Users/emanuelmfonseca/project/sequencing-migration
    output: data/genome-simulations/genomes_1/fasta/reference_genome_1.fasta, data/genome-simulations/genomes_2/fasta/reference_genome_2.fasta, data/genome-simulations/genomes_1/fasta/individual_genome_1.fasta, data/genome-simulations/genomes_1/fasta/individual_genome_2.fasta, data/genome-simulations/genomes_2/fasta/individual_genome_1.fasta, data/genome-simulations/genomes_2/fasta/individual_genome_2.fasta
    jobid: 1
    reason: Missing output files: data/genome-simulations/genomes_1/fasta/individual_genome_2.fasta, data/genome-simulations/genomes_1/fasta/reference_genome_1.fasta, data/genome-simulations/genomes_2/fasta/reference_genome_2.fasta, data/genome-simulations/genomes_1/fasta/individual_genome_1.fasta, data/genome-simulations/genomes_2/fasta/individual_genome_2.fasta, data/genome-simulations/genomes_2/fasta/individual_genome_1.fasta; Input files updated by another job: data/demographic-simulations/snp-matrix_2.txt, data/demographic-simulations/snp-matrix_1.txt
    resources: tmpdir=/var/folders/vr/dm12jytd28d0_z61hq3l47n40000gp/T

Waiting at most 5 seconds for missing files.
MissingOutputException in rule generate_genome in file /Users/emanuelmfonseca/project/sequencing-migration/Snakefile, line 31:
Job 1  completed successfully, but some output files are missing. Missing files after 5 seconds. This might be due to filesystem latency. If that is the case, consider to increase the wait time with --latency-wait:
data/genome-simulations/genomes_1/fasta/reference_genome_1.fasta (missing locally, parent dir contents: )
data/genome-simulations/genomes_2/fasta/reference_genome_2.fasta (missing locally, parent dir contents: )
data/genome-simulations/genomes_1/fasta/individual_genome_1.fasta (missing locally, parent dir contents: )
data/genome-simulations/genomes_1/fasta/individual_genome_2.fasta (missing locally, parent dir contents: )
data/genome-simulations/genomes_2/fasta/individual_genome_1.fasta (missing locally, parent dir contents: )
data/genome-simulations/genomes_2/fasta/individual_genome_2.fasta (missing locally, parent dir contents: )
Shutting down, this might take some time.
Exiting because a job execution failed. Look above for error message
Complete log: .snakemake/log/2024-09-21T180612.581468.snakemake.log
WorkflowError:
At least one job did not complete successfully.
