Building DAG of jobs...
Using shell: /bin/bash
Provided cores: 1 (use --cores to define parallelism)
Rules claiming more threads will be scaled down.
Conda environments: ignored
Job stats:
job                       count
----------------------  -------
demographic_simulation        1
total                         1

Select jobs to execute...
Execute 1 jobs...

[Sat Sep 21 17:24:22 2024]
localrule demographic_simulation:
    input: /Users/emanuelmfonseca/project/sequencing-migration/scripts/demographic-simulation.py
    output: data/demographic-simulations/snp-matrix_1.txt, data/demographic-simulations/snp-matrix_2.txt
    jobid: 0
    reason: Missing output files: data/demographic-simulations/snp-matrix_1.txt, data/demographic-simulations/snp-matrix_2.txt
    resources: tmpdir=/var/folders/vr/dm12jytd28d0_z61hq3l47n40000gp/T

[Sat Sep 21 17:24:22 2024]
Error in rule demographic_simulation:
    jobid: 0
    input: /Users/emanuelmfonseca/project/sequencing-migration/scripts/demographic-simulation.py
    output: data/demographic-simulations/snp-matrix_1.txt, data/demographic-simulations/snp-matrix_2.txt
    conda-env: /Users/emanuelmfonseca/project/sequencing-migration/.snakemake/conda/cce32f2bce268a135b12d86d179a18d6_
    shell:
        python /Users/emanuelmfonseca/project/sequencing-migration/scripts/demographic-simulation.py data/demographic-simulations/snp-matrix_1.txt data/demographic-simulations/snp-matrix_2.txt 1e4 10 0.1 2 2 1e-8 1e5 1e-8 42 data/demographic-simulations/snp-matrix_1.txt data/demographic-simulations/snp-matrix_2.txt
        (one of the commands exited with non-zero exit code; note that snakemake uses bash strict mode!)

Shutting down, this might take some time.
Exiting because a job execution failed. Look above for error message
Complete log: .snakemake/log/2024-09-21T172422.199206.snakemake.log
WorkflowError:
At least one job did not complete successfully.
