Building DAG of jobs...
Using shell: /bin/bash
Provided cores: 1 (use --cores to define parallelism)
Rules claiming more threads will be scaled down.
Conda environments: ignored
Job stats:
job      count
-----  -------
10           1
12           1
14           1
15           1
6            1
8            1
all          1
total        7

Select jobs to execute...
Execute 1 jobs...

[Sun Sep 22 10:56:44 2024]
localrule 15:
    input: data/genome-simulations/genomes_2/fasta/reference_genome_2.fasta, data/genome-simulations/genomes_2/fastq_trimmed/genome_2_R1_trimmed.fastq, data/genome-simulations/genomes_2/fastq_trimmed/genome_2_R2_trimmed.fastq
    output: data/genome-simulations/genomes_2/fasta/reference_genome_2.fasta.amb, data/genome-simulations/genomes_2/fasta/reference_genome_2.fasta.ann, data/genome-simulations/genomes_2/fasta/reference_genome_2.fasta.bwt, data/genome-simulations/genomes_2/fasta/reference_genome_2.fasta.pac, data/genome-simulations/genomes_2/fasta/reference_genome_2.fasta.sa, data/genome-simulations/genomes_2/fasta/reference_genome_2.fasta.fai, data/genome-simulations/genomes_2/fasta/reference_genome_2.dict
    jobid: 14
    reason: Missing output files: data/genome-simulations/genomes_2/fasta/reference_genome_2.fasta.pac, data/genome-simulations/genomes_2/fasta/reference_genome_2.fasta.fai, data/genome-simulations/genomes_2/fasta/reference_genome_2.fasta.sa, data/genome-simulations/genomes_2/fasta/reference_genome_2.fasta.bwt, data/genome-simulations/genomes_2/fasta/reference_genome_2.dict, data/genome-simulations/genomes_2/fasta/reference_genome_2.fasta.amb, data/genome-simulations/genomes_2/fasta/reference_genome_2.fasta.ann; Code has changed since last execution; Params have changed since last execution; Software environment definition has changed since last execution
    resources: tmpdir=/var/folders/vr/dm12jytd28d0_z61hq3l47n40000gp/T

[Sun Sep 22 10:56:45 2024]
Finished job 14.
1 of 7 steps (14%) done
Select jobs to execute...
Execute 1 jobs...

[Sun Sep 22 10:56:45 2024]
localrule 6:
    input: data/genome-simulations/genomes_1/multifasta/multifasta_genome_1.fasta
    output: data/genome-simulations/genomes_1/fastq/genome_1_R1.fastq, data/genome-simulations/genomes_1/fastq/genome_1_R2.fastq
    jobid: 2
    reason: Missing output files: data/genome-simulations/genomes_1/fastq/genome_1_R2.fastq, data/genome-simulations/genomes_1/fastq/genome_1_R1.fastq
    resources: tmpdir=/var/folders/vr/dm12jytd28d0_z61hq3l47n40000gp/T

[Sun Sep 22 10:56:46 2024]
Finished job 2.
2 of 7 steps (29%) done
Select jobs to execute...
Execute 1 jobs...

[Sun Sep 22 10:56:46 2024]
localrule 10:
    input: data/genome-simulations/genomes_1/fastq/genome_1_R1.fastq, data/genome-simulations/genomes_1/fastq/genome_1_R2.fastq
    output: data/genome-simulations/genomes_1/fastq_trimmed/genome_1_R1_trimmed.fastq, data/genome-simulations/genomes_1/fastq_trimmed/genome_1_R2_trimmed.fastq, data/genome-simulations/genomes_1/fastq_trimmed/trimmomatic_1.log
    jobid: 10
    reason: Missing output files: data/genome-simulations/genomes_1/fastq_trimmed/genome_1_R2_trimmed.fastq, data/genome-simulations/genomes_1/fastq_trimmed/genome_1_R1_trimmed.fastq; Input files updated by another job: data/genome-simulations/genomes_1/fastq/genome_1_R2.fastq, data/genome-simulations/genomes_1/fastq/genome_1_R1.fastq
    resources: tmpdir=/var/folders/vr/dm12jytd28d0_z61hq3l47n40000gp/T

[Sun Sep 22 10:56:47 2024]
Finished job 10.
3 of 7 steps (43%) done
Select jobs to execute...
Execute 1 jobs...

[Sun Sep 22 10:56:47 2024]
localrule 12:
    input: data/genome-simulations/genomes_1/fastq_trimmed/genome_1_R1_trimmed.fastq, data/genome-simulations/genomes_1/fastq_trimmed/genome_1_R2_trimmed.fastq
    output: data/genome-simulations/genomes_1/qc_trimmed/genome_1_R1_trimmed_fastqc.html, data/genome-simulations/genomes_1/qc_trimmed/genome_1_R2_trimmed_fastqc.html
    jobid: 9
    reason: Missing output files: data/genome-simulations/genomes_1/qc_trimmed/genome_1_R2_trimmed_fastqc.html, data/genome-simulations/genomes_1/qc_trimmed/genome_1_R1_trimmed_fastqc.html; Input files updated by another job: data/genome-simulations/genomes_1/fastq_trimmed/genome_1_R2_trimmed.fastq, data/genome-simulations/genomes_1/fastq_trimmed/genome_1_R1_trimmed.fastq; Software environment definition has changed since last execution
    resources: tmpdir=/var/folders/vr/dm12jytd28d0_z61hq3l47n40000gp/T

[Sun Sep 22 10:56:51 2024]
Finished job 9.
4 of 7 steps (57%) done
Select jobs to execute...
Execute 1 jobs...

[Sun Sep 22 10:56:51 2024]
localrule 14:
    input: data/genome-simulations/genomes_1/fasta/reference_genome_1.fasta, data/genome-simulations/genomes_1/fastq_trimmed/genome_1_R1_trimmed.fastq, data/genome-simulations/genomes_1/fastq_trimmed/genome_1_R2_trimmed.fastq
    output: data/genome-simulations/genomes_1/fasta/reference_genome_1.fasta.amb, data/genome-simulations/genomes_1/fasta/reference_genome_1.fasta.ann, data/genome-simulations/genomes_1/fasta/reference_genome_1.fasta.bwt, data/genome-simulations/genomes_1/fasta/reference_genome_1.fasta.pac, data/genome-simulations/genomes_1/fasta/reference_genome_1.fasta.sa, data/genome-simulations/genomes_1/fasta/reference_genome_1.fasta.fai, data/genome-simulations/genomes_1/fasta/reference_genome_1.dict
    jobid: 13
    reason: Missing output files: data/genome-simulations/genomes_1/fasta/reference_genome_1.fasta.sa, data/genome-simulations/genomes_1/fasta/reference_genome_1.fasta.fai, data/genome-simulations/genomes_1/fasta/reference_genome_1.fasta.bwt, data/genome-simulations/genomes_1/fasta/reference_genome_1.fasta.amb, data/genome-simulations/genomes_1/fasta/reference_genome_1.dict, data/genome-simulations/genomes_1/fasta/reference_genome_1.fasta.ann, data/genome-simulations/genomes_1/fasta/reference_genome_1.fasta.pac; Input files updated by another job: data/genome-simulations/genomes_1/fastq_trimmed/genome_1_R2_trimmed.fastq, data/genome-simulations/genomes_1/fastq_trimmed/genome_1_R1_trimmed.fastq; Code has changed since last execution; Params have changed since last execution; Software environment definition has changed since last execution
    resources: tmpdir=/var/folders/vr/dm12jytd28d0_z61hq3l47n40000gp/T

[Sun Sep 22 10:56:52 2024]
Finished job 13.
5 of 7 steps (71%) done
Select jobs to execute...
Execute 1 jobs...

[Sun Sep 22 10:56:52 2024]
localrule 8:
    input: data/genome-simulations/genomes_1/fastq/genome_1_R1.fastq, data/genome-simulations/genomes_1/fastq/genome_1_R2.fastq
    output: data/genome-simulations/genomes_1/qc/genome_1_R1_fastqc.html, data/genome-simulations/genomes_1/qc/genome_1_R2_fastqc.html
    jobid: 1
    reason: Missing output files: data/genome-simulations/genomes_1/qc/genome_1_R2_fastqc.html, data/genome-simulations/genomes_1/qc/genome_1_R1_fastqc.html; Input files updated by another job: data/genome-simulations/genomes_1/fastq/genome_1_R2.fastq, data/genome-simulations/genomes_1/fastq/genome_1_R1.fastq; Software environment definition has changed since last execution
    resources: tmpdir=/var/folders/vr/dm12jytd28d0_z61hq3l47n40000gp/T

[Sun Sep 22 10:56:56 2024]
Finished job 1.
6 of 7 steps (86%) done
Select jobs to execute...
Execute 1 jobs...

[Sun Sep 22 10:56:56 2024]
localrule all:
    input: data/genome-simulations/genomes_1/qc/genome_1_R1_fastqc.html, data/genome-simulations/genomes_1/qc/genome_1_R2_fastqc.html, data/genome-simulations/genomes_2/qc/genome_2_R1_fastqc.html, data/genome-simulations/genomes_2/qc/genome_2_R2_fastqc.html, data/genome-simulations/genomes_1/qc_trimmed/genome_1_R1_trimmed_fastqc.html, data/genome-simulations/genomes_1/qc_trimmed/genome_1_R2_trimmed_fastqc.html, data/genome-simulations/genomes_2/qc_trimmed/genome_2_R1_trimmed_fastqc.html, data/genome-simulations/genomes_2/qc_trimmed/genome_2_R2_trimmed_fastqc.html, data/genome-simulations/genomes_1/fastq_trimmed/genome_1_R1_trimmed.fastq, data/genome-simulations/genomes_1/fastq_trimmed/genome_1_R2_trimmed.fastq, data/genome-simulations/genomes_2/fastq_trimmed/genome_2_R1_trimmed.fastq, data/genome-simulations/genomes_2/fastq_trimmed/genome_2_R2_trimmed.fastq, data/genome-simulations/genomes_1/fasta/reference_genome_1.fasta.amb, data/genome-simulations/genomes_1/fasta/reference_genome_1.fasta.ann, data/genome-simulations/genomes_1/fasta/reference_genome_1.fasta.bwt, data/genome-simulations/genomes_1/fasta/reference_genome_1.fasta.pac, data/genome-simulations/genomes_1/fasta/reference_genome_1.fasta.sa, data/genome-simulations/genomes_1/fasta/reference_genome_1.fasta.fai, data/genome-simulations/genomes_2/fasta/reference_genome_2.fasta.amb, data/genome-simulations/genomes_2/fasta/reference_genome_2.fasta.ann, data/genome-simulations/genomes_2/fasta/reference_genome_2.fasta.bwt, data/genome-simulations/genomes_2/fasta/reference_genome_2.fasta.pac, data/genome-simulations/genomes_2/fasta/reference_genome_2.fasta.sa, data/genome-simulations/genomes_2/fasta/reference_genome_2.fasta.fai, data/genome-simulations/genomes_1/fasta/reference_genome_1.dict, data/genome-simulations/genomes_2/fasta/reference_genome_2.dict
    jobid: 0
    reason: Input files updated by another job: data/genome-simulations/genomes_1/fasta/reference_genome_1.fasta.sa, data/genome-simulations/genomes_1/fasta/reference_genome_1.fasta.fai, data/genome-simulations/genomes_1/fasta/reference_genome_1.fasta.bwt, data/genome-simulations/genomes_1/fasta/reference_genome_1.fasta.amb, data/genome-simulations/genomes_2/fasta/reference_genome_2.dict, data/genome-simulations/genomes_1/qc/genome_1_R2_fastqc.html, data/genome-simulations/genomes_2/fasta/reference_genome_2.fasta.amb, data/genome-simulations/genomes_1/fasta/reference_genome_1.fasta.ann, data/genome-simulations/genomes_1/qc_trimmed/genome_1_R1_trimmed_fastqc.html, data/genome-simulations/genomes_1/fasta/reference_genome_1.fasta.pac, data/genome-simulations/genomes_2/fasta/reference_genome_2.fasta.ann, data/genome-simulations/genomes_1/fastq_trimmed/genome_1_R2_trimmed.fastq, data/genome-simulations/genomes_1/qc/genome_1_R1_fastqc.html, data/genome-simulations/genomes_2/fasta/reference_genome_2.fasta.pac, data/genome-simulations/genomes_2/fasta/reference_genome_2.fasta.fai, data/genome-simulations/genomes_2/fasta/reference_genome_2.fasta.sa, data/genome-simulations/genomes_2/fasta/reference_genome_2.fasta.bwt, data/genome-simulations/genomes_1/qc_trimmed/genome_1_R2_trimmed_fastqc.html, data/genome-simulations/genomes_1/fasta/reference_genome_1.dict, data/genome-simulations/genomes_1/fastq_trimmed/genome_1_R1_trimmed.fastq
    resources: tmpdir=/var/folders/vr/dm12jytd28d0_z61hq3l47n40000gp/T

[Sun Sep 22 10:56:56 2024]
Finished job 0.
7 of 7 steps (100%) done
Complete log: .snakemake/log/2024-09-22T105644.729436.snakemake.log
