Building DAG of jobs...
Using shell: /bin/bash
Provided cores: 1 (use --cores to define parallelism)
Rules claiming more threads will be scaled down.
Conda environments: ignored
Job stats:
job                 count
----------------  -------
generate_genomes        1
total                   1

Select jobs to execute...
Execute 1 jobs...

[Sat Sep 21 16:00:32 2024]
localrule generate_genomes:
    input: /Users/emanuelmfonseca/project/sequencing-migration/data/demographic-simulations/snp-matrix_1.txt
    output: /Users/emanuelmfonseca/project/sequencing-migrationdata/genome-simulations/genomes_1/genomes_1.fasta
    jobid: 0
    reason: Missing output files: /Users/emanuelmfonseca/project/sequencing-migrationdata/genome-simulations/genomes_1/genomes_1.fasta
    resources: tmpdir=/var/folders/vr/dm12jytd28d0_z61hq3l47n40000gp/T

RuleException:
WorkflowError in file /Users/emanuelmfonseca/project/sequencing-migration/Snakefile, line 22:
Failed to open source file /Users/emanuelmfonseca/project/sequencing-migration/scripts/generate_genomes.py
FileNotFoundError: [Errno 2] No such file or directory: '/Users/emanuelmfonseca/project/sequencing-migration/scripts/generate_genomes.py'
[Sat Sep 21 16:00:32 2024]
Error in rule generate_genomes:
    jobid: 0
    input: /Users/emanuelmfonseca/project/sequencing-migration/data/demographic-simulations/snp-matrix_1.txt
    output: /Users/emanuelmfonseca/project/sequencing-migrationdata/genome-simulations/genomes_1/genomes_1.fasta

Shutting down, this might take some time.
Exiting because a job execution failed. Look above for error message
Complete log: .snakemake/log/2024-09-21T160032.014826.snakemake.log
WorkflowError:
At least one job did not complete successfully.
