Building DAG of jobs...
Using shell: /bin/bash
Provided cores: 1 (use --cores to define parallelism)
Rules claiming more threads will be scaled down.
Conda environments: ignored
Job stats:
job               count
--------------  -------
run_simulation        1
total                 1

Select jobs to execute...

[Sat Sep 21 14:50:42 2024]
rule run_simulation:
    input: /Users/emanuelmfonseca/project/sequencing-migration/scripts/demographic-simulation.py
    output: data/demographic-simulations/snp-matrix_1.txt, data/demographic-simulations/snp-matrix_2.txt, data/demographic-simulations/snp-matrix_3.txt, data/demographic-simulations/snp-matrix_4.txt, data/demographic-simulations/snp-matrix_5.txt, data/demographic-simulations/snp-matrix_6.txt, data/demographic-simulations/snp-matrix_7.txt, data/demographic-simulations/snp-matrix_8.txt
    jobid: 0
    reason: Missing output files: data/demographic-simulations/snp-matrix_1.txt, data/demographic-simulations/snp-matrix_5.txt, data/demographic-simulations/snp-matrix_2.txt, data/demographic-simulations/snp-matrix_8.txt, data/demographic-simulations/snp-matrix_6.txt, data/demographic-simulations/snp-matrix_4.txt, data/demographic-simulations/snp-matrix_7.txt, data/demographic-simulations/snp-matrix_3.txt
    resources: tmpdir=/var/folders/vr/dm12jytd28d0_z61hq3l47n40000gp/T

[Sat Sep 21 14:50:43 2024]
Finished job 0.
1 of 1 steps (100%) done
Complete log: .snakemake/log/2024-09-21T145042.567503.snakemake.log
