Building DAG of jobs...
Using shell: /bin/bash
Provided cores: 2
Rules claiming more threads will be scaled down.
Conda environments: ignored
Job stats:
job              count
-------------  -------
generate_snps        1
total                1

Select jobs to execute...
Execute 1 jobs...

[Sat Sep 21 17:39:18 2024]
localrule generate_snps:
    input: /Users/emanuelmfonseca/project/sequencing-migration/scripts/demographic-simulation.py
    output: data/demographic-simulations/snp-matrix_1.txt, data/demographic-simulations/snp-matrix_2.txt
    jobid: 0
    reason: Missing output files: data/demographic-simulations/snp-matrix_1.txt, data/demographic-simulations/snp-matrix_2.txt
    resources: tmpdir=/var/folders/vr/dm12jytd28d0_z61hq3l47n40000gp/T

python /Users/emanuelmfonseca/project/sequencing-migration/scripts/demographic-simulation.py 1e4 10 0.1 2 2 1e-8 1e5 1e-8 42 data/demographic-simulations/snp-matrix_1.txt data/demographic-simulations/snp-matrix_2.txt
[Sat Sep 21 17:39:18 2024]
Finished job 0.
1 of 1 steps (100%) done
Complete log: .snakemake/log/2024-09-21T173918.207606.snakemake.log
