Building DAG of jobs...
Using shell: /bin/bash
Provided cores: 1 (use --cores to define parallelism)
Rules claiming more threads will be scaled down.
Conda environments: ignored
Job stats:
job               count
--------------  -------
run_simulation        1
total                 1

Select jobs to execute...

[Sat Sep 21 13:37:31 2024]
rule run_simulation:
    input: /Users/emanuelmfonseca/project/sequencing-migration/scripts/demographic-simulation.py
    output: data/demographic-simulations/snp-matrix.txt
    jobid: 0
    reason: Missing output files: data/demographic-simulations/snp-matrix.txt
    resources: tmpdir=/var/folders/vr/dm12jytd28d0_z61hq3l47n40000gp/T

[Sat Sep 21 13:37:31 2024]
Error in rule run_simulation:
    jobid: 0
    input: /Users/emanuelmfonseca/project/sequencing-migration/scripts/demographic-simulation.py
    output: data/demographic-simulations/snp-matrix.txt
    conda-env: /Users/emanuelmfonseca/project/sequencing-migration/.snakemake/conda/cce32f2bce268a135b12d86d179a18d6_
    shell:
        python /Users/emanuelmfonseca/project/sequencing-migration/scripts/demographic-simulation.py data/demographic-simulations/snp-matrix.txt
        (one of the commands exited with non-zero exit code; note that snakemake uses bash strict mode!)

Removing output files of failed job run_simulation since they might be corrupted:
data/demographic-simulations/snp-matrix.txt
Shutting down, this might take some time.
Exiting because a job execution failed. Look above for error message
Complete log: .snakemake/log/2024-09-21T133731.067783.snakemake.log
