Building DAG of jobs...
Using shell: /bin/bash
Provided cores: 1 (use --cores to define parallelism)
Rules claiming more threads will be scaled down.
Conda environments: ignored
Job stats:
job                  count
-----------------  -------
genome_simulation        1
total                    1

Select jobs to execute...
Execute 1 jobs...

[Sat Sep 21 17:06:48 2024]
localrule genome_simulation:
    input: data/demographic-simulations/snp-matrix_1.txt, data/demographic-simulations/snp-matrix_2.txt, /Users/emanuelmfonseca/project/sequencing-migration/scripts/genome-simulation.py, /Users/emanuelmfonseca/project/sequencing-migration
    output: data/genome-simulations/genomes_1/reference_genome.fasta, data/genome-simulations/genomes_2/reference_genome.fasta, data/genome-simulations/genomes_1/individual_1.fasta, data/genome-simulations/genomes_1/individual_2.fasta, data/genome-simulations/genomes_2/individual_1.fasta, data/genome-simulations/genomes_2/individual_2.fasta
    jobid: 0
    reason: Missing output files: data/genome-simulations/genomes_1/individual_1.fasta, data/genome-simulations/genomes_1/individual_2.fasta, data/genome-simulations/genomes_2/reference_genome.fasta, data/genome-simulations/genomes_1/reference_genome.fasta, data/genome-simulations/genomes_2/individual_2.fasta, data/genome-simulations/genomes_2/individual_1.fasta
    resources: tmpdir=/var/folders/vr/dm12jytd28d0_z61hq3l47n40000gp/T

RuleException in rule genome_simulation in file /Users/emanuelmfonseca/project/sequencing-migration/Snakefile, line 15:
NameError: The name "' '" is unknown in this context. Please make sure that you defined that variable. Also note that braces not used for variable access have to be escaped by repeating them, i.e. {{print $1}}, when formatting the following:

        python {input.script} {input.working_directory} {' '.join(input.snp_matrices)} {' '.join(output.reference)} {' '.join(output.individual)}
        
