Building DAG of jobs...
Using shell: /bin/bash
Provided cores: 1 (use --cores to define parallelism)
Rules claiming more threads will be scaled down.
Conda environments: ignored
Job stats:
job                count
---------------  -------
10                     1
11                     1
12                     1
13                     1
14                     1
15                     1
16                     1
17                     1
4                      1
5                      1
6                      1
7                      1
8                      1
9                      1
all                    1
generate_genome        1
total                 16

Select jobs to execute...
Execute 1 jobs...

[Sun Sep 22 09:21:20 2024]
localrule generate_genome:
    input: data/demographic-simulations/snp-matrix_1.txt, data/demographic-simulations/snp-matrix_2.txt, /Users/emanuelmfonseca/project/sequencing-migration/scripts/genome-simulation.py, /Users/emanuelmfonseca/project/sequencing-migration
    output: data/genome-simulations/genomes_1/fasta/reference_genome_1.fasta, data/genome-simulations/genomes_2/fasta/reference_genome_2.fasta, data/genome-simulations/genomes_1/fasta/individual_genome_1.fasta, data/genome-simulations/genomes_1/fasta/individual_genome_2.fasta, data/genome-simulations/genomes_2/fasta/individual_genome_1.fasta, data/genome-simulations/genomes_2/fasta/individual_genome_2.fasta
    jobid: 4
    reason: Updated input files: /Users/emanuelmfonseca/project/sequencing-migration
    resources: tmpdir=/var/folders/vr/dm12jytd28d0_z61hq3l47n40000gp/T

[Sun Sep 22 09:21:21 2024]
Finished job 4.
1 of 16 steps (6%) done
Select jobs to execute...
Execute 1 jobs...

[Sun Sep 22 09:21:21 2024]
localrule 5:
    input: data/genome-simulations/genomes_2/fasta/individual_genome_1.fasta, data/genome-simulations/genomes_2/fasta/individual_genome_2.fasta
    output: data/genome-simulations/genomes_2/multifasta/multifasta_genome_2.fasta
    jobid: 8
    reason: Input files updated by another job: data/genome-simulations/genomes_2/fasta/individual_genome_1.fasta, data/genome-simulations/genomes_2/fasta/individual_genome_2.fasta
    resources: tmpdir=/var/folders/vr/dm12jytd28d0_z61hq3l47n40000gp/T

[Sun Sep 22 09:21:21 2024]
Finished job 8.
2 of 16 steps (12%) done
Select jobs to execute...
Execute 1 jobs...

[Sun Sep 22 09:21:21 2024]
localrule 7:
    input: data/genome-simulations/genomes_2/multifasta/multifasta_genome_2.fasta
    output: data/genome-simulations/genomes_2/fastq/genome_2_R1.fastq, data/genome-simulations/genomes_2/fastq/genome_2_R2.fastq
    jobid: 7
    reason: Input files updated by another job: data/genome-simulations/genomes_2/multifasta/multifasta_genome_2.fasta
    resources: tmpdir=/var/folders/vr/dm12jytd28d0_z61hq3l47n40000gp/T

[Sun Sep 22 09:21:22 2024]
Finished job 7.
3 of 16 steps (19%) done
Select jobs to execute...
Execute 1 jobs...

[Sun Sep 22 09:21:22 2024]
localrule 9:
    input: data/genome-simulations/genomes_2/fastq/genome_2_R1.fastq, data/genome-simulations/genomes_2/fastq/genome_2_R2.fastq
    output: data/genome-simulations/genomes_2/qc/genome_2_R1_fastqc.html, data/genome-simulations/genomes_2/qc/genome_2_R2_fastqc.html
    jobid: 6
    reason: Input files updated by another job: data/genome-simulations/genomes_2/fastq/genome_2_R2.fastq, data/genome-simulations/genomes_2/fastq/genome_2_R1.fastq
    resources: tmpdir=/var/folders/vr/dm12jytd28d0_z61hq3l47n40000gp/T

[Sun Sep 22 09:21:27 2024]
Finished job 6.
4 of 16 steps (25%) done
Select jobs to execute...
Execute 1 jobs...

[Sun Sep 22 09:21:27 2024]
localrule 11:
    input: data/genome-simulations/genomes_2/fastq/genome_2_R1.fastq, data/genome-simulations/genomes_2/fastq/genome_2_R2.fastq
    output: data/genome-simulations/genomes_2/fastq_trimmed/genome_2_R1_trimmed.fastq, data/genome-simulations/genomes_2/fastq_trimmed/genome_2_R2_trimmed.fastq, data/genome-simulations/genomes_2/fastq_trimmed/trimmomatic_2.log
    jobid: 12
    reason: Input files updated by another job: data/genome-simulations/genomes_2/fastq/genome_2_R2.fastq, data/genome-simulations/genomes_2/fastq/genome_2_R1.fastq
    resources: tmpdir=/var/folders/vr/dm12jytd28d0_z61hq3l47n40000gp/T

[Sun Sep 22 09:21:27 2024]
Finished job 12.
5 of 16 steps (31%) done
Select jobs to execute...
Execute 1 jobs...

[Sun Sep 22 09:21:27 2024]
localrule 15:
    input: data/genome-simulations/genomes_2/fasta/reference_genome_2.fasta, data/genome-simulations/genomes_2/fastq_trimmed/genome_2_R1_trimmed.fastq, data/genome-simulations/genomes_2/fastq_trimmed/genome_2_R2_trimmed.fastq
    output: data/genome-simulations/genomes_2/fasta/reference_genome_2.fasta.amb, data/genome-simulations/genomes_2/fasta/reference_genome_2.fasta.ann, data/genome-simulations/genomes_2/fasta/reference_genome_2.fasta.bwt, data/genome-simulations/genomes_2/fasta/reference_genome_2.fasta.pac, data/genome-simulations/genomes_2/fasta/reference_genome_2.fasta.sa, data/genome-simulations/genomes_2/fasta/reference_genome_2.fasta.fai, data/genome-simulations/genomes_2/fasta/reference_genome_2.fasta.dict, data/genome-simulations/genomes_2/aligned_genome/aligned_genome_2.sam, data/genome-simulations/genomes_2/aligned_genome/aligned_genome_2.bam, data/genome-simulations/genomes_2/aligned_genome/sorted_aligned_genome_2.bam
    jobid: 14
    reason: Missing output files: data/genome-simulations/genomes_2/fasta/reference_genome_2.fasta.ann, data/genome-simulations/genomes_2/aligned_genome/sorted_aligned_genome_2.bam, data/genome-simulations/genomes_2/fasta/reference_genome_2.fasta.pac, data/genome-simulations/genomes_2/fasta/reference_genome_2.fasta.bwt, data/genome-simulations/genomes_2/fasta/reference_genome_2.fasta.amb, data/genome-simulations/genomes_2/fasta/reference_genome_2.fasta.fai, data/genome-simulations/genomes_2/fasta/reference_genome_2.fasta.dict, data/genome-simulations/genomes_2/fasta/reference_genome_2.fasta.sa; Input files updated by another job: data/genome-simulations/genomes_2/fastq_trimmed/genome_2_R2_trimmed.fastq, data/genome-simulations/genomes_2/fasta/reference_genome_2.fasta, data/genome-simulations/genomes_2/fastq_trimmed/genome_2_R1_trimmed.fastq
    resources: tmpdir=/var/folders/vr/dm12jytd28d0_z61hq3l47n40000gp/T

RuleException in rule 15 in file /Users/emanuelmfonseca/project/sequencing-migration/Snakefile, line 204:
AttributeError: '_IOFile' object has no attribute 'rsplit('', when formatting the following:

            # Index the reference genome
            bwa index {input.reference}
            
            # Generate the FASTA index (.fai) file using samtools faidx
            samtools faidx {input.reference}
            
            # Generate the sequence dictionary (.dict) file using Picard
            picard CreateSequenceDictionary R={input.reference} O={input.reference.rsplit('.', 1)[0]}.dict
            
            # Align the trimmed FASTQ reads to the reference genome and output SAM file
            bwa mem {input.reference} {input.fastq_trimmed} > {output.sam}
            
            # Convert SAM to BAM
            samtools view -Sb {output.sam} > {output.bam}
            
            # Sort the BAM file
            samtools sort {output.bam} -o {output.sorted_bam}
            
