Building DAG of jobs...
Using shell: /bin/bash
Provided cores: 1 (use --cores to define parallelism)
Rules claiming more threads will be scaled down.
Job stats:
job               count
--------------  -------
run_simulation        1
total                 1

Select jobs to execute...
Execute 1 jobs...

[Sat Sep 21 14:09:27 2024]
localrule run_simulation:
    input: /Users/emanuelmfonseca/project/sequencing-migration/scripts/demographic-simulation.py
    output: data/demographic-simulations/snp-matrix.txt
    jobid: 0
    reason: Missing output files: data/demographic-simulations/snp-matrix.txt
    resources: tmpdir=/var/folders/vr/dm12jytd28d0_z61hq3l47n40000gp/T

[Sat Sep 21 14:09:28 2024]
Error in rule run_simulation:
    jobid: 0
    input: /Users/emanuelmfonseca/project/sequencing-migration/scripts/demographic-simulation.py
    output: data/demographic-simulations/snp-matrix.txt
    shell:
        python /Users/emanuelmfonseca/project/sequencing-migration/scripts/demographic-simulation.py data/demographic-simulations/snp-matrix.txt
        (one of the commands exited with non-zero exit code; note that snakemake uses bash strict mode!)

Shutting down, this might take some time.
Exiting because a job execution failed. Look above for error message
Complete log: .snakemake/log/2024-09-21T140927.978590.snakemake.log
WorkflowError:
At least one job did not complete successfully.
